#
# A fatal error has been detected by the Java Runtime Environment:
#
#  EXCEPTION_ACCESS_VIOLATION (0xc0000005) at pc=0x00007ffbb106a6fb, pid=2408, tid=0x0000000000003db0
#
# JRE version: Java(TM) SE Runtime Environment (8.0_201-b09) (build 1.8.0_201-b09)
# Java VM: Java HotSpot(TM) 64-Bit Server VM (25.201-b09 mixed mode windows-amd64 compressed oops)
# Problematic frame:
# C  [ntdll.dll+0x4a6fb]
#
# Failed to write core dump. Minidumps are not enabled by default on client versions of Windows
#
# If you would like to submit a bug report, please visit:
#   http://bugreport.java.com/bugreport/crash.jsp
# The crash happened outside the Java Virtual Machine in native code.
# See problematic frame for where to report the bug.
#

---------------  T H R E A D  ---------------

Current thread (0x000002b1be4b4800):  JavaThread "main" [_thread_in_native, id=15792, stack(0x000000dc7ba00000,0x000000dc7ca00000)]

siginfo: ExceptionCode=0xc0000005, reading address 0xffffffffffffffff

Registers:
RAX=0x617274207374656b, RBX=0x000002b1bba282d0, RCX=0x00007ffbb11795e8, RDX=0x0000000000000000
RSP=0x000000dc7c9f2310, RBP=0x000000dc7c9f2380, RSI=0x0000000000000000, RDI=0x00000000000a2e29
R8 =0x0000000000000000, R9 =0x0000000000000000, R10=0x000002b1b6517380, R11=0x000000dc7c9f2420
R12=0x0000000000000000, R13=0x000002b1d3b7a000, R14=0x0000000000000000, R15=0x000002b1be4b4800
RIP=0x00007ffbb106a6fb, EFLAGS=0x0000000000010217

Top of Stack: (sp=0x000000dc7c9f2310)
0x000000dc7c9f2310:   0000000000000006 00000000007f0075
0x000000dc7c9f2320:   000002b1d3b83618 000002b1b6510cc0
0x000000dc7c9f2330:   000002b100000002 00000000000002e0
0x000000dc7c9f2340:   0000000000000000 000000dc7b800000
0x000000dc7c9f2350:   0000000000000000 000002b1d3b7a000
0x000000dc7c9f2360:   0000000000000000 000000000000002e
0x000000dc7c9f2370:   00000000000002e0 00000000000002d8
0x000000dc7c9f2380:   000002b1be4b4800 0000000000000001
0x000000dc7c9f2390:   000002b1d3b7a000 0000000000000000
0x000000dc7c9f23a0:   00000000000a2e29 000000dc7c9f2500
0x000000dc7c9f23b0:   0000000000000001 00007ffbb1067d79
0x000000dc7c9f23c0:   000002b1d5fd8f00 000002b1bba282d0
0x000000dc7c9f23d0:   000000dc696d736a 00007ffbb108ca29
0x000000dc7c9f23e0:   000000dc7c9f25c0 00007ffbb1067c90
0x000000dc7c9f23f0:   0000000000e88eb0 000000dc7c9f25c0
0x000000dc7c9f2400:   000000dc7c9f25b8 000002b1be4b49f8 

Instructions: (pc=0x00007ffbb106a6fb)
0x00007ffbb106a6db:   0f 45 f6 48 39 73 18 0f 84 bb 01 00 00 48 83 3b
0x00007ffbb106a6eb:   ff 0f 84 be 01 00 00 48 8b 03 48 83 f8 ff 74 03
0x00007ffbb106a6fb:   ff 40 24 48 8b 7b 18 44 8b ee 48 89 7d c0 e8 b2
0x00007ffbb106a70b:   4b ff ff 85 c0 0f 85 ba 24 07 00 b9 82 03 fe 7f 


Register to memory mapping:

RAX=0x617274207374656b is an unknown value
RBX=0x000002b1bba282d0 is an unknown value
RCX=0x00007ffbb11795e8 is an unknown value
RDX=0x0000000000000000 is an unknown value
RSP=0x000000dc7c9f2310 is pointing into the stack for thread: 0x000002b1be4b4800
RBP=0x000000dc7c9f2380 is pointing into the stack for thread: 0x000002b1be4b4800
RSI=0x0000000000000000 is an unknown value
RDI=0x00000000000a2e29 is an unknown value
R8 =0x0000000000000000 is an unknown value
R9 =0x0000000000000000 is an unknown value
R10=0x000002b1b6517380 is an unknown value
R11=0x000000dc7c9f2420 is pointing into the stack for thread: 0x000002b1be4b4800
R12=0x0000000000000000 is an unknown value
R13={method} {0x000002b1d3b7a008} 'open' '(Lorg/usb4java/Device;Lorg/usb4java/DeviceHandle;)I' in 'org/usb4java/LibUsb'
R14=0x0000000000000000 is an unknown value
R15=0x000002b1be4b4800 is a thread


Stack: [0x000000dc7ba00000,0x000000dc7ca00000],  sp=0x000000dc7c9f2310,  free space=16328k
Native frames: (J=compiled Java code, j=interpreted, Vv=VM code, C=native code)
C  [ntdll.dll+0x4a6fb]
C  [ntdll.dll+0x47d79]
C  [ntdll.dll+0x47c90]
C  [libusb4java.dll+0x9434]
C  [libusb4java.dll+0x7b16]
C  [libusb4java.dll+0x81df]
C  [libusb4java.dll+0x4e5a]
C  0x000002b1c30e9f2e

Java frames: (J=compiled Java code, j=interpreted, Vv=VM code)
j  org.usb4java.LibUsb.open(Lorg/usb4java/Device;Lorg/usb4java/DeviceHandle;)I+0
v  ~StubRoutines::call_stub
j  sun.reflect.NativeMethodAccessorImpl.invoke0(Ljava/lang/reflect/Method;Ljava/lang/Object;[Ljava/lang/Object;)Ljava/lang/Object;+0
j  sun.reflect.NativeMethodAccessorImpl.invoke(Ljava/lang/Object;[Ljava/lang/Object;)Ljava/lang/Object;+100
J 203 C1 sun.reflect.DelegatingMethodAccessorImpl.invoke(Ljava/lang/Object;[Ljava/lang/Object;)Ljava/lang/Object; (10 bytes) @ 0x000002b1c323d784 [0x000002b1c323d680+0x104]
J 202 C1 java.lang.reflect.Method.invoke(Ljava/lang/Object;[Ljava/lang/Object;)Ljava/lang/Object; (62 bytes) @ 0x000002b1c323df2c [0x000002b1c323db40+0x3ec]
J 185 C1 RJavaTools.invokeMethod(Ljava/lang/Class;Ljava/lang/Object;Ljava/lang/String;[Ljava/lang/Object;[Ljava/lang/Class;)Ljava/lang/Object; (68 bytes) @ 0x000002b1c3237584 [0x000002b1c3237160+0x424]
v  ~StubRoutines::call_stub

---------------  P R O C E S S  ---------------

Java Threads: ( => current thread )
  0x000002b1d5ef9800 JavaThread "Service Thread" daemon [_thread_blocked, id=16572, stack(0x000000dc20000000,0x000000dc21000000)]
  0x000002b1d5e64800 JavaThread "C1 CompilerThread3" daemon [_thread_blocked, id=12616, stack(0x000000dc1f000000,0x000000dc20000000)]
  0x000002b1d5e63000 JavaThread "C2 CompilerThread2" daemon [_thread_blocked, id=11508, stack(0x000000dc1e000000,0x000000dc1f000000)]
  0x000002b1d5e62800 JavaThread "C2 CompilerThread1" daemon [_thread_blocked, id=17168, stack(0x000000dc1d000000,0x000000dc1e000000)]
  0x000002b1d5e5f800 JavaThread "C2 CompilerThread0" daemon [_thread_blocked, id=13896, stack(0x000000dc1c000000,0x000000dc1d000000)]
  0x000002b1d5e5c800 JavaThread "Attach Listener" daemon [_thread_blocked, id=16736, stack(0x000000dc1b000000,0x000000dc1c000000)]
  0x000002b1d5e50800 JavaThread "Finalizer" daemon [_thread_blocked, id=6152, stack(0x000000dc1a000000,0x000000dc1b000000)]
  0x000002b1be5aa000 JavaThread "Reference Handler" daemon [_thread_blocked, id=17384, stack(0x000000dc19000000,0x000000dc1a000000)]
=>0x000002b1be4b4800 JavaThread "main" [_thread_in_native, id=15792, stack(0x000000dc7ba00000,0x000000dc7ca00000)]

Other Threads:
  0x000002b1d4148000 VMThread [stack: 0x000000dc18000000,0x000000dc19000000] [id=16644]
  0x000002b1d5f07000 WatcherThread [stack: 0x000000dc21000000,0x000000dc22000000] [id=16928]

VM state:not at safepoint (normal execution)

VM Mutex/Monitor currently owned by a thread: None

heap address: 0x00000000e0000000, size: 512 MB, Compressed Oops mode: 32-bit
Narrow klass base: 0x0000000000000000, Narrow klass shift: 3
Compressed class space size: 1073741824 Address: 0x0000000100000000

Heap:
 PSYoungGen      total 76288K, used 14421K [0x00000000f5580000, 0x00000000faa80000, 0x0000000100000000)
  eden space 65536K, 22% used [0x00000000f5580000,0x00000000f6395520,0x00000000f9580000)
  from space 10752K, 0% used [0x00000000fa000000,0x00000000fa000000,0x00000000faa80000)
  to   space 10752K, 0% used [0x00000000f9580000,0x00000000f9580000,0x00000000fa000000)
 ParOldGen       total 175104K, used 0K [0x00000000e0000000, 0x00000000eab00000, 0x00000000f5580000)
  object space 175104K, 0% used [0x00000000e0000000,0x00000000e0000000,0x00000000eab00000)
 Metaspace       used 3854K, capacity 4818K, committed 4864K, reserved 1056768K
  class space    used 436K, capacity 475K, committed 512K, reserved 1048576K

Card table byte_map: [0x000002b1d2490000,0x000002b1d25a0000] byte_map_base: 0x000002b1d1d90000

Marking Bits: (ParMarkBitMap*) 0x0000000000f04ce0
 Begin Bits: [0x000002b1d2650000, 0x000002b1d2e50000)
 End Bits:   [0x000002b1d2e50000, 0x000002b1d3650000)

Polling page: 0x000002b1c30a0000

CodeCache: size=245760Kb used=1494Kb max_used=1506Kb free=244265Kb
 bounds [0x000002b1c30d0000, 0x000002b1c3340000, 0x000002b1d20d0000]
 total_blobs=496 nmethods=217 adapters=192
 compilation: enabled

Compilation events (10 events):
Event: 38.323 Thread 0x000002b1d5e64800  213       3       java.lang.Class::getMethod (64 bytes)
Event: 38.324 Thread 0x000002b1d5e64800 nmethod 213 0x000002b1c3243150 code [0x000002b1c32433a0, 0x000002b1c3244030]
Event: 38.421 Thread 0x000002b1d5e62800  214 %     4       java.lang.Class::copyMethods @ 12 (36 bytes)
Event: 38.428 Thread 0x000002b1d5e62800 nmethod 214% 0x000002b1c32477d0 code [0x000002b1c3247940, 0x000002b1c3247f38]
Event: 38.586 Thread 0x000002b1d5e63000  215       4       java.lang.Class::searchMethods (90 bytes)
Event: 38.591 Thread 0x000002b1d5e63000 nmethod 215 0x000002b1c3248350 code [0x000002b1c32484c0, 0x000002b1c32489c8]
Event: 38.663 Thread 0x000002b1d5e64800  216       1       java.nio.Buffer::limit (5 bytes)
Event: 38.663 Thread 0x000002b1d5e64800 nmethod 216 0x000002b1c3247510 code [0x000002b1c3247660, 0x000002b1c3247778]
Event: 38.878 Thread 0x000002b1d5e5f800  217       4       java.lang.Class::copyMethods (36 bytes)
Event: 38.881 Thread 0x000002b1d5e5f800 nmethod 217 0x000002b1c32457d0 code [0x000002b1c3245940, 0x000002b1c3245d18]

GC Heap History (0 events):
No events

Deoptimization events (0 events):
No events

Classes redefined (0 events):
No events

Internal exceptions (10 events):
Event: 39.289 Thread 0x000002b1be4b4800 Exception <a 'java/lang/NoSuchFieldError': TYPE> (0x00000000f62cbb48) thrown at [C:\re\workspace\8-2-build-windows-amd64-cygwin\jdk8u201\12322\hotspot\src\share\vm\prims\jni.cpp, line 2599]
Event: 39.289 Thread 0x000002b1be4b4800 Exception <a 'java/lang/NoSuchFieldError': TYPE> (0x00000000f62cbd80) thrown at [C:\re\workspace\8-2-build-windows-amd64-cygwin\jdk8u201\12322\hotspot\src\share\vm\prims\jni.cpp, line 2599]
Event: 39.291 Thread 0x000002b1be4b4800 Exception <a 'java/lang/NoSuchFieldError': TYPE> (0x00000000f62cf3b8) thrown at [C:\re\workspace\8-2-build-windows-amd64-cygwin\jdk8u201\12322\hotspot\src\share\vm\prims\jni.cpp, line 2599]
Event: 39.298 Thread 0x000002b1be4b4800 Exception <a 'java/lang/NoSuchFieldError': TYPE> (0x00000000f62d18b8) thrown at [C:\re\workspace\8-2-build-windows-amd64-cygwin\jdk8u201\12322\hotspot\src\share\vm\prims\jni.cpp, line 2599]
Event: 39.298 Thread 0x000002b1be4b4800 Exception <a 'java/lang/NoSuchFieldError': TYPE> (0x00000000f62d1af0) thrown at [C:\re\workspace\8-2-build-windows-amd64-cygwin\jdk8u201\12322\hotspot\src\share\vm\prims\jni.cpp, line 2599]
Event: 39.300 Thread 0x000002b1be4b4800 Exception <a 'java/lang/NoSuchFieldError': TYPE> (0x00000000f62d3fa0) thrown at [C:\re\workspace\8-2-build-windows-amd64-cygwin\jdk8u201\12322\hotspot\src\share\vm\prims\jni.cpp, line 2599]
Event: 39.300 Thread 0x000002b1be4b4800 Exception <a 'java/lang/NoSuchFieldError': TYPE> (0x00000000f62d41d8) thrown at [C:\re\workspace\8-2-build-windows-amd64-cygwin\jdk8u201\12322\hotspot\src\share\vm\prims\jni.cpp, line 2599]
Event: 39.305 Thread 0x000002b1be4b4800 Exception <a 'java/lang/NoSuchFieldError': TYPE> (0x00000000f62e5608) thrown at [C:\re\workspace\8-2-build-windows-amd64-cygwin\jdk8u201\12322\hotspot\src\share\vm\prims\jni.cpp, line 2599]
Event: 39.306 Thread 0x000002b1be4b4800 Exception <a 'java/lang/NoSuchFieldError': TYPE> (0x00000000f62e5b10) thrown at [C:\re\workspace\8-2-build-windows-amd64-cygwin\jdk8u201\12322\hotspot\src\share\vm\prims\jni.cpp, line 2599]
Event: 48.893 Thread 0x000002b1be4b4800 Exception <a 'java/lang/NoSuchFieldError': TYPE> (0x00000000f62f0dc0) thrown at [C:\re\workspace\8-2-build-windows-amd64-cygwin\jdk8u201\12322\hotspot\src\share\vm\prims\jni.cpp, line 2599]

Events (10 events):
Event: 11.763 loading class java/util/ArrayList$Itr
Event: 11.763 loading class java/util/ArrayList$Itr done
Event: 11.763 loading class sun/reflect/MethodAccessorGenerator$1
Event: 11.763 loading class sun/reflect/MethodAccessorGenerator$1 done
Event: 11.763 loading class sun/reflect/ClassDefiner
Event: 11.763 loading class sun/reflect/ClassDefiner done
Event: 11.763 loading class sun/reflect/ClassDefiner$1
Event: 11.763 loading class sun/reflect/ClassDefiner$1 done
Event: 38.878 Thread 0x000002b1be4b4800 DEOPT PACKING pc=0x000002b1c32270c3 sp=0x000000dc7c9f6990
Event: 38.878 Thread 0x000002b1be4b4800 DEOPT UNPACKING pc=0x000002b1c3117898 sp=0x000000dc7c9f6710 mode 0


Dynamic libraries:
0x00007ff617780000 - 0x00007ff618147000 	C:\Program Files\RStudio\bin\rsession.exe
0x00007ffbb1020000 - 0x00007ffbb1200000 	C:\WINDOWS\SYSTEM32\ntdll.dll
0x00007ffbaf280000 - 0x00007ffbaf32e000 	C:\WINDOWS\System32\KERNEL32.DLL
0x00007ffbad870000 - 0x00007ffbadad6000 	C:\WINDOWS\System32\KERNELBASE.dll
0x00007ffbb02c0000 - 0x00007ffbb0361000 	C:\WINDOWS\System32\ADVAPI32.dll
0x00007ffbb0070000 - 0x00007ffbb010d000 	C:\WINDOWS\System32\msvcrt.dll
0x00007ffbb0110000 - 0x00007ffbb016b000 	C:\WINDOWS\System32\sechost.dll
0x00007ffbafa20000 - 0x00007ffbafb3f000 	C:\WINDOWS\System32\RPCRT4.dll
0x00007ffbafc70000 - 0x00007ffbafcdc000 	C:\WINDOWS\System32\WS2_32.dll
0x00007ffbb0000000 - 0x00007ffbb0051000 	C:\WINDOWS\System32\SHLWAPI.dll
0x00007ffbb0980000 - 0x00007ffbb0c86000 	C:\WINDOWS\System32\combase.dll
0x00007ffbad230000 - 0x00007ffbad324000 	C:\WINDOWS\System32\ucrtbase.dll
0x00007ffbadae0000 - 0x00007ffbadb58000 	C:\WINDOWS\System32\bcryptPrimitives.dll
0x000000006c700000 - 0x000000006e5a5000 	C:\Program Files\R\R-3.6.1\bin\x64\R.dll
0x0000000063540000 - 0x00000000635a1000 	C:\Program Files\R\R-3.6.1\bin\x64\Rgraphapp.dll
0x00007ffbade40000 - 0x00007ffbaf27d000 	C:\WINDOWS\System32\SHELL32.dll
0x00007ffbadbc0000 - 0x00007ffbadbe8000 	C:\WINDOWS\System32\GDI32.dll
0x00007ffbad500000 - 0x00007ffbad693000 	C:\WINDOWS\System32\gdi32full.dll
0x00007ffbadb60000 - 0x00007ffbadbaa000 	C:\WINDOWS\System32\cfgmgr32.dll
0x00007ffbafb60000 - 0x00007ffbafc6a000 	C:\WINDOWS\System32\comdlg32.dll
0x00007ffbad6a0000 - 0x00007ffbad73b000 	C:\WINDOWS\System32\msvcp_win.dll
0x00007ffbb0210000 - 0x00007ffbb02b6000 	C:\WINDOWS\System32\shcore.dll
0x00007ffbafce0000 - 0x00007ffbafe6f000 	C:\WINDOWS\System32\USER32.dll
0x00007ffbacae0000 - 0x00007ffbad22a000 	C:\WINDOWS\System32\windows.storage.dll
0x00007ffbb0950000 - 0x00007ffbb097d000 	C:\WINDOWS\System32\IMM32.dll
0x00007ffbad850000 - 0x00007ffbad870000 	C:\WINDOWS\System32\win32u.dll
0x00007ffbac2c0000 - 0x00007ffbac326000 	C:\WINDOWS\SYSTEM32\MSWSOCK.dll
0x00007ffbaca30000 - 0x00007ffbaca41000 	C:\WINDOWS\System32\kernel.appcore.dll
0x00007ffbb0e40000 - 0x00007ffbb0f89000 	C:\WINDOWS\System32\ole32.dll
0x00007ffbaca50000 - 0x00007ffbaca9c000 	C:\WINDOWS\System32\powrprof.dll
0x00007ffbacac0000 - 0x00007ffbacadb000 	C:\WINDOWS\System32\profapi.dll
0x00007ffba8590000 - 0x00007ffba8636000 	C:\WINDOWS\WinSxS\amd64_microsoft.windows.common-controls_6595b64144ccf1df_5.82.16299.1504_none_f7355ee3a4a2748c\COMCTL32.dll
0x0000000064e80000 - 0x0000000064ed2000 	C:\Program Files\R\R-3.6.1\bin\x64\Rblas.dll
0x00007ffba9b70000 - 0x00007ffba9b77000 	C:\WINDOWS\SYSTEM32\MSIMG32.dll
0x00007ffba3a20000 - 0x00007ffba3abb000 	C:\Program Files\RStudio\bin\MSVCP140.dll
0x00007ffba7b90000 - 0x00007ffba7ba5000 	C:\Program Files\RStudio\bin\VCRUNTIME140.dll
0x00007ffba9f20000 - 0x00007ffba9f2a000 	C:\WINDOWS\SYSTEM32\VERSION.dll
0x00007ffba9ca0000 - 0x00007ffba9cc3000 	C:\WINDOWS\SYSTEM32\WINMM.dll
0x00000000641c0000 - 0x00000000641d6000 	C:\Program Files\R\R-3.6.1\bin\x64\Riconv.dll
0x00007ffba9b90000 - 0x00007ffba9bba000 	C:\WINDOWS\SYSTEM32\winmmbase.dll
0x00007ffbab040000 - 0x00007ffbab0d5000 	C:\WINDOWS\system32\uxtheme.dll
0x0000000064a40000 - 0x0000000064a54000 	C:\Program Files\R\R-3.6.1\library\methods\libs\x64\methods.dll
0x000000006e5c0000 - 0x000000006e5ed000 	C:\Program Files\R\R-3.6.1\library\utils\libs\x64\utils.dll
0x000000006fc80000 - 0x000000006fdaa000 	C:\Program Files\R\R-3.6.1\library\grDevices\libs\x64\grDevices.dll
0x0000000063740000 - 0x0000000063792000 	C:\Program Files\R\R-3.6.1\library\graphics\libs\x64\graphics.dll
0x0000000071100000 - 0x00000000711a8000 	C:\Program Files\R\R-3.6.1\library\stats\libs\x64\stats.dll
0x00000000003c0000 - 0x0000000000682000 	C:\Program Files\R\R-3.6.1\bin\x64\Rlapack.dll
0x00007ffb53f50000 - 0x00007ffb57398000 	C:\Program Files\RStudio\bin\rsclang\x86_64\libclang.dll
0x00007ffbb0880000 - 0x00007ffbb0944000 	C:\WINDOWS\System32\OLEAUT32.dll
0x0000000000690000 - 0x00000000006b0000 	C:\Program Files\R\R-3.6.1\library\tools\libs\x64\tools.dll
0x0000000065700000 - 0x0000000065b28000 	C:\PROGRA~1\R\R-3.6.1\modules\x64\internet.dll
0x00007ffbad330000 - 0x00007ffbad4fe000 	C:\WINDOWS\System32\CRYPT32.dll
0x00007ffbacaa0000 - 0x00007ffbacab2000 	C:\WINDOWS\System32\MSASN1.dll
0x00007ffbb03d0000 - 0x00007ffbb0873000 	C:\WINDOWS\System32\WININET.dll
0x00007ffbb0370000 - 0x00007ffbb03ce000 	C:\WINDOWS\System32\WLDAP32.dll
0x00007ffbab270000 - 0x00007ffbab29a000 	C:\WINDOWS\system32\dwmapi.dll
0x00007ffbac930000 - 0x00007ffbac960000 	C:\WINDOWS\SYSTEM32\SspiCli.dll
0x000000006c500000 - 0x000000006c51f000 	C:\Users\pannetonb\Documents\R\win64-library\3.4\digest\libs\x64\digest.dll
0x00000000006b0000 - 0x00000000006d5000 	C:\Users\pannetonb\Documents\R\win64-library\3.4\rlang\libs\x64\rlang.dll
0x000000006abc0000 - 0x000000006acc8000 	C:\Users\pannetonb\Documents\R\win64-library\3.4\Rcpp\libs\x64\Rcpp.dll
0x0000000065340000 - 0x00000000653fe000 	C:\Users\pannetonb\Documents\R\win64-library\3.4\htmltools\libs\x64\htmltools.dll
0x000000006b480000 - 0x000000006b4b2000 	C:\Users\pannetonb\Documents\R\win64-library\3.4\yaml\libs\x64\yaml.dll
0x0000000064080000 - 0x0000000064096000 	C:\Users\pannetonb\Documents\R\win64-library\3.4\rJava\libs\x64\rJava.dll
0x00000000006e0000 - 0x0000000000f84000 	C:\Program Files\Java\jre1.8.0_201\bin\server\jvm.dll
0x00007ffbb0c90000 - 0x00007ffbb0c98000 	C:\WINDOWS\System32\PSAPI.DLL
0x00007ffb9fd00000 - 0x00007ffb9fd09000 	C:\WINDOWS\SYSTEM32\WSOCK32.dll
0x0000000067060000 - 0x0000000067132000 	C:\WINDOWS\SYSTEM32\MSVCR100.dll
0x00007ffbaf780000 - 0x00007ffbafa20000 	C:\WINDOWS\System32\iertutil.dll
0x00007ffb8dbb0000 - 0x00007ffb8dbc5000 	C:\WINDOWS\SYSTEM32\ondemandconnroutehelper.dll
0x00007ffbac010000 - 0x00007ffbac049000 	C:\WINDOWS\SYSTEM32\IPHLPAPI.DLL
0x00007ffbaa450000 - 0x00007ffbaa52e000 	C:\WINDOWS\SYSTEM32\winhttp.dll
0x00007ffbb0060000 - 0x00007ffbb0068000 	C:\WINDOWS\System32\NSI.dll
0x00007ffbaa1f0000 - 0x00007ffbaa1fb000 	C:\WINDOWS\SYSTEM32\WINNSI.DLL
0x00007ffbac960000 - 0x00007ffbac989000 	C:\WINDOWS\SYSTEM32\USERENV.dll
0x00007ffbadbf0000 - 0x00007ffbaddba000 	C:\WINDOWS\System32\urlmon.dll
0x00007ffbafe70000 - 0x00007ffbafe8d000 	C:\WINDOWS\System32\imagehlp.dll
0x00007ffbac4a0000 - 0x00007ffbac4ab000 	C:\WINDOWS\SYSTEM32\CRYPTBASE.DLL
0x00007ffb88770000 - 0x00007ffb887df000 	C:\WINDOWS\SYSTEM32\msiso.dll
0x00007ffbac050000 - 0x00007ffbac107000 	C:\WINDOWS\SYSTEM32\DNSAPI.dll
0x00000000661e0000 - 0x0000000066206000 	C:\Program Files\Bonjour\mdnsNSP.dll
0x00007ffba7460000 - 0x00007ffba746a000 	C:\Windows\System32\rasadhlp.dll
0x00007ffbaa0e0000 - 0x00007ffbaa150000 	C:\WINDOWS\System32\fwpuclnt.dll
0x00007ffbac590000 - 0x00007ffbac5b5000 	C:\WINDOWS\SYSTEM32\bcrypt.dll
0x00007ffbabdc0000 - 0x00007ffbabe38000 	C:\WINDOWS\system32\schannel.DLL
0x00007ffb8ee30000 - 0x00007ffb8ee44000 	C:\WINDOWS\SYSTEM32\mskeyprotect.dll
0x00007ffbac560000 - 0x00007ffbac586000 	C:\WINDOWS\SYSTEM32\ncrypt.dll
0x00007ffbac520000 - 0x00007ffbac556000 	C:\WINDOWS\SYSTEM32\NTASN1.dll
0x00007ffbabec0000 - 0x00007ffbabeca000 	C:\WINDOWS\SYSTEM32\DPAPI.DLL
0x00007ffbad740000 - 0x00007ffbad799000 	C:\WINDOWS\System32\WINTRUST.dll
0x00007ffbac480000 - 0x00007ffbac497000 	C:\WINDOWS\SYSTEM32\CRYPTSP.dll
0x00007ffbabe80000 - 0x00007ffbabeb3000 	C:\WINDOWS\system32\rsaenh.dll
0x00007ffba8720000 - 0x00007ffba874b000 	C:\Program Files\Common Files\Entrust\ESP\eecacertfind64.dll
0x00007ffba18f0000 - 0x00007ffba1907000 	C:\WINDOWS\SYSTEM32\NETAPI32.dll
0x00007ffba7e90000 - 0x00007ffba7edc000 	C:\WINDOWS\SYSTEM32\eentwork64.dll
0x00007ffba7d60000 - 0x00007ffba7e8d000 	C:\WINDOWS\SYSTEM32\eelog64.dll
0x00007ffbac110000 - 0x00007ffbac11e000 	C:\WINDOWS\SYSTEM32\NETUTILS.DLL
0x00007ffbac120000 - 0x00007ffbac15f000 	C:\WINDOWS\SYSTEM32\LOGONCLI.DLL
0x00007ffb887e0000 - 0x00007ffb88845000 	C:\Program Files\Common Files\Entrust\ESP\eeocsp64.dll
0x00007ffb9b0f0000 - 0x00007ffb9b11f000 	C:\WINDOWS\SYSTEM32\cryptnet.dll
0x00007ffb8ed50000 - 0x00007ffb8ed71000 	C:\WINDOWS\system32\ncryptsslp.dll
0x00007ffbafe90000 - 0x00007ffbafff8000 	C:\WINDOWS\System32\MSCTF.dll
0x00007ffba35d0000 - 0x00007ffba3668000 	C:\WINDOWS\SYSTEM32\TextInputFramework.dll
0x00007ffba45b0000 - 0x00007ffba468c000 	C:\WINDOWS\SYSTEM32\CoreMessaging.dll
0x00007ffba32e0000 - 0x00007ffba35ce000 	C:\WINDOWS\SYSTEM32\CoreUIComponents.dll
0x00007ffbabad0000 - 0x00007ffbabb01000 	C:\WINDOWS\SYSTEM32\ntmarta.dll
0x00007ffba8a70000 - 0x00007ffba8ba6000 	C:\WINDOWS\SYSTEM32\wintypes.dll
0x000000006bd40000 - 0x000000006c1eb000 	C:\Users\pannetonb\Documents\R\win64-library\3.4\stringi\libs\x64\stringi.dll
0x0000000000f90000 - 0x000000000106c000 	C:\Users\pannetonb\Documents\R\win64-library\3.4\pryr\libs\x64\pryr.dll
0x00007ffba27e0000 - 0x00007ffba27ef000 	C:\Program Files\Java\jre1.8.0_201\bin\verify.dll
0x00007ffb98a40000 - 0x00007ffb98a69000 	C:\Program Files\Java\jre1.8.0_201\bin\java.dll
0x00007ffb9a410000 - 0x00007ffb9a426000 	C:\Program Files\Java\jre1.8.0_201\bin\zip.dll
0x00007ffb8fd50000 - 0x00007ffb8fd6a000 	C:\Program Files\Java\jre1.8.0_201\bin\net.dll
0x00007ffba9fc0000 - 0x00007ffba9fd6000 	C:\WINDOWS\SYSTEM32\dhcpcsvc6.DLL
0x00007ffba9fa0000 - 0x00007ffba9fba000 	C:\WINDOWS\SYSTEM32\dhcpcsvc.DLL
0x00007ffb8d480000 - 0x00007ffb8d491000 	C:\Program Files\Java\jre1.8.0_201\bin\nio.dll
0x00007ffb7e330000 - 0x00007ffb7e393000 	C:\Users\pannetonb\AppData\Local\Temp\usb4java3014378495567885257.tmp\libusb4java.dll
0x00007ffbaf330000 - 0x00007ffbaf77e000 	C:\WINDOWS\System32\SetupAPI.DLL
0x00007ffba9d60000 - 0x00007ffba9d6b000 	C:\WINDOWS\SYSTEM32\WinUSB.DLL
0x00007ffbab7a0000 - 0x00007ffbab7ac000 	C:\WINDOWS\SYSTEM32\hid.DLL
0x00007ffbac840000 - 0x00007ffbac867000 	C:\WINDOWS\SYSTEM32\DEVOBJ.dll
0x00007ffb94980000 - 0x00007ffb94b48000 	C:\WINDOWS\SYSTEM32\dbghelp.dll

VM Arguments:
jvm_args: -Dr.arch=/x64 -Xmx512m -Xrs 
java_command: <unknown>
java_class_path (initial): C:/Users/pannetonb/Documents/R/win64-library/3.4/rJava/java/boot
Launcher Type: generic

Environment Variables:
USERNAME=pannetonb
DISPLAY=:0
OS=Windows_NT
PROCESSOR_IDENTIFIER=Intel64 Family 6 Model 60 Stepping 3, GenuineIntel



---------------  S Y S T E M  ---------------

OS: Windows 10.0 , 64 bit Build 16299 (10.0.16299.1146)

CPU:total 8 (initial active 8) (4 cores per cpu, 2 threads per core) family 6 model 60 stepping 3, cmov, cx8, fxsr, mmx, sse, sse2, sse3, ssse3, sse4.1, sse4.2, popcnt, avx, avx2, aes, clmul, erms, lzcnt, ht, tsc, tscinvbit, bmi1, bmi2

Memory: 4k page, physical 16680040k(11240032k free), swap 33457256k(26184148k free)

vm_info: Java HotSpot(TM) 64-Bit Server VM (25.201-b09) for windows-amd64 JRE (1.8.0_201-b09), built on Dec 15 2018 18:36:39 by "java_re" with MS VC++ 10.0 (VS2010)

time: Tue Dec 10 09:10:10 2019
timezone: Est
elapsed time: 105 seconds (0d 0h 1m 45s)

