#
# A fatal error has been detected by the Java Runtime Environment:
#
#  EXCEPTION_ACCESS_VIOLATION (0xc0000005) at pc=0x00007ffd386cdf23, pid=15000, tid=15004
#
# JRE version: Java(TM) SE Runtime Environment (11.0.3+12) (build 11.0.3+12-LTS)
# Java VM: Java HotSpot(TM) 64-Bit Server VM (11.0.3+12-LTS, mixed mode, tiered, compressed oops, g1 gc, windows-amd64)
# Problematic frame:
# C  [ntdll.dll+0x4df23]
#
# No core dump will be written. Minidumps are not enabled by default on client versions of Windows
#
# If you would like to submit a bug report, please visit:
#   http://bugreport.java.com/bugreport/crash.jsp
# The crash happened outside the Java Virtual Machine in native code.
# See problematic frame for where to report the bug.
#

---------------  S U M M A R Y ------------

Command Line: -Dr.arch=/x64 -Xmx512m -Xrs 

Host: Intel(R) Core(TM) i5-8400 CPU @ 2.80GHz, 6 cores, 15G,  Windows 10 , 64 bit Build 17763 (10.0.17763.475)
Time: Mon Dec 16 21:35:07 2019 Eastern Standard Time elapsed time: 6997 seconds (0d 1h 56m 37s)

---------------  T H R E A D  ---------------

Current thread (0x000002171d2ea800):  JavaThread "main" [_thread_in_native, id=15004, stack(0x0000006e3b800000,0x0000006e3c800000)]

Stack: [0x0000006e3b800000,0x0000006e3c800000],  sp=0x0000006e3c7ee370,  free space=16312k
Native frames: (J=compiled Java code, j=interpreted, Vv=VM code, C=native code)
C  [ntdll.dll+0x4df23]
C  [ntdll.dll+0x9bbc]
C  [ntdll.dll+0x9ad0]
C  [libusb4java.dll+0x9434]

Java frames: (J=compiled Java code, j=interpreted, Vv=VM code)
j  org.usb4java.LibUsb.open(Lorg/usb4java/Device;Lorg/usb4java/DeviceHandle;)I+0
j  jdk.internal.reflect.GeneratedMethodAccessor12.invoke(Ljava/lang/Object;[Ljava/lang/Object;)Ljava/lang/Object;+32
J 361 c1 jdk.internal.reflect.DelegatingMethodAccessorImpl.invoke(Ljava/lang/Object;[Ljava/lang/Object;)Ljava/lang/Object; java.base@11.0.3 (10 bytes) @ 0x0000021729f55fdc [0x0000021729f55ee0+0x00000000000000fc]
J 359 c1 RJavaTools.invokeMethod(Ljava/lang/Class;Ljava/lang/Object;Ljava/lang/String;[Ljava/lang/Object;[Ljava/lang/Class;)Ljava/lang/Object; (68 bytes) @ 0x0000021729f5474c [0x0000021729f53f80+0x00000000000007cc]
v  ~StubRoutines::call_stub

siginfo: EXCEPTION_ACCESS_VIOLATION (0xc0000005), writing address 0xffffffffffff0024


Register to memory mapping:

RIP=0x00007ffd386cdf23 ntdll.dll
RAX=0x00007ffd387df400 ntdll.dll
RBX=0x000002171e44d130 points into unknown readable memory: 00 00 ff ff ff ff ff ff
RCX=0xffffffffffff0000 is an unknown value
RDX=0x0 is NULL
RSP=0x0000006e3c7ee370 is pointing into the stack for thread: 0x000002171d2ea800
RBP=0x0000000000000001 is an unknown value
RSI=0x0 is NULL
RDI=0x0 is NULL
R8 =0x000000003c7f97da is an unknown value
R9 =0x0 is NULL
R10=0x00000217450fd000 points into unknown readable memory: 42 75 69 6c 64 54 61 62
R11=0x0 is NULL
R12=0x0 is NULL
R13=0xffffffffffffffff is an unknown value
R14=0x0000006e3b6b8000 points into unknown readable memory: 00 00 00 00 00 00 00 00
R15=0x0 is NULL


Registers:
RAX=0x00007ffd387df400, RBX=0x000002171e44d130, RCX=0xffffffffffff0000, RDX=0x0000000000000000
RSP=0x0000006e3c7ee370, RBP=0x0000000000000001, RSI=0x0000000000000000, RDI=0x0000000000000000
R8 =0x000000003c7f97da, R9 =0x0000000000000000, R10=0x00000217450fd000, R11=0x0000000000000000
R12=0x0000000000000000, R13=0xffffffffffffffff, R14=0x0000006e3b6b8000, R15=0x0000000000000000
RIP=0x00007ffd386cdf23, EFLAGS=0x0000000000010293

Top of Stack: (sp=0x0000006e3c7ee370)
0x0000006e3c7ee370:   000000000000002e 00007ffd3868d997
0x0000006e3c7ee380:   000002170000002c 00007ffc00000000
0x0000006e3c7ee390:   00000000000002d8 0000000100000000
0x0000006e3c7ee3a0:   000002171d2ea800 0000000000000001
0x0000006e3c7ee3b0:   000002173cf65460 0000000000000000
0x0000006e3c7ee3c0:   000000000000000d 0000006e3c7ee500
0x0000006e3c7ee3d0:   0000000000000001 00007ffd38689bbc
0x0000006e3c7ee3e0:   0000000000000000 000000003c7f97da
0x0000006e3c7ee3f0:   0000006e3b6b8000 000002171e44d130
0x0000006e3c7ee400:   0000006e3c7ee5e8 00007ffd38689ad0
0x0000006e3c7ee410:   00007ffcd7b93db0 0000006e3c7ee5e8
0x0000006e3c7ee420:   0000006e3c7ee5e0 000002171d2eab40
0x0000006e3c7ee430:   000002171d2ea800 00007ffcd7089434
0x0000006e3c7ee440:   000002173cf65460 0000000000000000
0x0000006e3c7ee450:   0000956ecab4c024 0000006e3c7ee5e0
0x0000006e3c7ee460:   000002171d2eab40 00007ffcd7087b16 

Instructions: (pc=0x00007ffd386cdf23)
0x00007ffd386cdf03:   45 f7 48 39 7b 18 0f 84 bc 00 00 00 48 8b 0b 49
0x00007ffd386cdf13:   3b cd 0f 84 bd 00 00 00 44 8b e7 49 3b cd 74 03
0x00007ffd386cdf23:   ff 41 24 4c 8b 6b 18 48 8d 2d c7 15 11 00 45 33
0x00007ffd386cdf33:   f6 e8 47 4b fc ff 85 c0 0f 85 87 e0 06 00 b9 82 


Stack slot to memory mapping:
stack at sp + 0 slots: 0x000000000000002e is an unknown value
stack at sp + 1 slots: 0x00007ffd3868d997 ntdll.dll
stack at sp + 2 slots: 0x000002170000002c is an unknown value
stack at sp + 3 slots: 0x00007ffc00000000 is an unknown value
stack at sp + 4 slots: 0x00000000000002d8 is an unknown value
stack at sp + 5 slots: 0x0000000100000000 is pointing into metadata
stack at sp + 6 slots: 0x000002171d2ea800 is a thread
stack at sp + 7 slots: 0x0000000000000001 is an unknown value


---------------  P R O C E S S  ---------------

Threads class SMR info:
_java_thread_list=0x000002171df61930, length=9, elements={
0x000002171d2ea800, 0x000002171e0c6800, 0x000002171e0cf000, 0x000002171e0d4000,
0x000002171e0d5800, 0x000002171de25000, 0x000002171de27800, 0x000002171df6a000,
0x000002171e218800
}

Java Threads: ( => current thread )
=>0x000002171d2ea800 JavaThread "main" [_thread_in_native, id=15004, stack(0x0000006e3b800000,0x0000006e3c800000)]
  0x000002171e0c6800 JavaThread "Reference Handler" daemon [_thread_blocked, id=5100, stack(0x0000006e4d800000,0x0000006e4e800000)]
  0x000002171e0cf000 JavaThread "Finalizer" daemon [_thread_blocked, id=5072, stack(0x0000006e4e800000,0x0000006e4f800000)]
  0x000002171e0d4000 JavaThread "Attach Listener" daemon [_thread_blocked, id=5112, stack(0x0000006e4f800000,0x0000006e50800000)]
  0x000002171e0d5800 JavaThread "C2 CompilerThread0" daemon [_thread_blocked, id=3632, stack(0x0000006e50800000,0x0000006e51800000)]
  0x000002171de25000 JavaThread "C1 CompilerThread0" daemon [_thread_blocked, id=5084, stack(0x0000006e51800000,0x0000006e52800000)]
  0x000002171de27800 JavaThread "Sweeper thread" daemon [_thread_blocked, id=5068, stack(0x0000006e52800000,0x0000006e53800000)]
  0x000002171df6a000 JavaThread "Service Thread" daemon [_thread_blocked, id=4512, stack(0x0000006e53800000,0x0000006e54800000)]
  0x000002171e218800 JavaThread "Common-Cleaner" daemon [_thread_blocked, id=5292, stack(0x0000006e55800000,0x0000006e56800000)]

Other Threads:
  0x000002171e0be800 VMThread "VM Thread" [stack: 0x0000006e4c800000,0x0000006e4d800000] [id=4464]
  0x000002171e215800 WatcherThread [stack: 0x0000006e54800000,0x0000006e55800000] [id=5244]
  0x000002171d81f000 GCTaskThread "GC Thread#0" [stack: 0x0000006e47800000,0x0000006e48800000] [id=5000]
  0x000002171de43800 GCTaskThread "GC Thread#1" [stack: 0x0000006e3d800000,0x0000006e3e800000] [id=7144]
  0x000002171e4ac000 GCTaskThread "GC Thread#2" [stack: 0x0000006e3e800000,0x0000006e3f800000] [id=6872]
  0x0000021744a20800 GCTaskThread "GC Thread#3" [stack: 0x0000006e56800000,0x0000006e57800000] [id=9864]
  0x000002171e377000 GCTaskThread "GC Thread#4" [stack: 0x0000006e57800000,0x0000006e58800000] [id=11004]
  0x000002171e26c000 GCTaskThread "GC Thread#5" [stack: 0x0000006e58800000,0x0000006e59800000] [id=2116]
  0x000002171d7a2000 ConcurrentGCThread "G1 Main Marker" [stack: 0x0000006e48800000,0x0000006e49800000] [id=4968]
  0x000002171d7a2800 ConcurrentGCThread "G1 Conc#0" [stack: 0x0000006e49800000,0x0000006e4a800000] [id=5008]
  0x000002171d79b800 ConcurrentGCThread "G1 Refine#0" [stack: 0x0000006e4a800000,0x0000006e4b800000] [id=9424]
  0x000002171e1d1800 ConcurrentGCThread "G1 Young RemSet Sampling" [stack: 0x0000006e4b800000,0x0000006e4c800000] [id=5080]

Threads with active compile tasks:

VM state:not at safepoint (normal execution)

VM Mutex/Monitor currently owned by a thread: None

Heap address: 0x00000000e0000000, size: 512 MB, Compressed Oops mode: 32-bit
Narrow klass base: 0x0000000000000000, Narrow klass shift: 3
Compressed class space size: 1073741824 Address: 0x0000000100000000

Heap:
 garbage-first heap   total 260096K, used 22554K [0x00000000e0000000, 0x0000000100000000)
  region size 1024K, 24 young (24576K), 2 survivors (2048K)
 Metaspace       used 7507K, capacity 7730K, committed 7936K, reserved 1056768K
  class space    used 668K, capacity 730K, committed 768K, reserved 1048576K
Heap Regions: E=young(eden), S=young(survivor), O=old, HS=humongous(starts), HC=humongous(continues), CS=collection set, F=free, A=archive, TAMS=top-at-mark-start (previous, next)
|   0|0x00000000e0000000, 0x00000000e0000000, 0x00000000e0100000|  0%| F|  |TAMS 0x00000000e0000000, 0x00000000e0000000| Untracked 
|   1|0x00000000e0100000, 0x00000000e0100000, 0x00000000e0200000|  0%| F|  |TAMS 0x00000000e0100000, 0x00000000e0100000| Untracked 
|   2|0x00000000e0200000, 0x00000000e0200000, 0x00000000e0300000|  0%| F|  |TAMS 0x00000000e0200000, 0x00000000e0200000| Untracked 
|   3|0x00000000e0300000, 0x00000000e0300000, 0x00000000e0400000|  0%| F|  |TAMS 0x00000000e0300000, 0x00000000e0300000| Untracked 
|   4|0x00000000e0400000, 0x00000000e0400000, 0x00000000e0500000|  0%| F|  |TAMS 0x00000000e0400000, 0x00000000e0400000| Untracked 
|   5|0x00000000e0500000, 0x00000000e0500000, 0x00000000e0600000|  0%| F|  |TAMS 0x00000000e0500000, 0x00000000e0500000| Untracked 
|   6|0x00000000e0600000, 0x00000000e0600000, 0x00000000e0700000|  0%| F|  |TAMS 0x00000000e0600000, 0x00000000e0600000| Untracked 
|   7|0x00000000e0700000, 0x00000000e0700000, 0x00000000e0800000|  0%| F|  |TAMS 0x00000000e0700000, 0x00000000e0700000| Untracked 
|   8|0x00000000e0800000, 0x00000000e0800000, 0x00000000e0900000|  0%| F|  |TAMS 0x00000000e0800000, 0x00000000e0800000| Untracked 
|   9|0x00000000e0900000, 0x00000000e0900000, 0x00000000e0a00000|  0%| F|  |TAMS 0x00000000e0900000, 0x00000000e0900000| Untracked 
|  10|0x00000000e0a00000, 0x00000000e0a00000, 0x00000000e0b00000|  0%| F|  |TAMS 0x00000000e0a00000, 0x00000000e0a00000| Untracked 
|  11|0x00000000e0b00000, 0x00000000e0b00000, 0x00000000e0c00000|  0%| F|  |TAMS 0x00000000e0b00000, 0x00000000e0b00000| Untracked 
|  12|0x00000000e0c00000, 0x00000000e0c00000, 0x00000000e0d00000|  0%| F|  |TAMS 0x00000000e0c00000, 0x00000000e0c00000| Untracked 
|  13|0x00000000e0d00000, 0x00000000e0d00000, 0x00000000e0e00000|  0%| F|  |TAMS 0x00000000e0d00000, 0x00000000e0d00000| Untracked 
|  14|0x00000000e0e00000, 0x00000000e0e00000, 0x00000000e0f00000|  0%| F|  |TAMS 0x00000000e0e00000, 0x00000000e0e00000| Untracked 
|  15|0x00000000e0f00000, 0x00000000e0f00000, 0x00000000e1000000|  0%| F|  |TAMS 0x00000000e0f00000, 0x00000000e0f00000| Untracked 
|  16|0x00000000e1000000, 0x00000000e1000000, 0x00000000e1100000|  0%| F|  |TAMS 0x00000000e1000000, 0x00000000e1000000| Untracked 
|  17|0x00000000e1100000, 0x00000000e1100000, 0x00000000e1200000|  0%| F|  |TAMS 0x00000000e1100000, 0x00000000e1100000| Untracked 
|  18|0x00000000e1200000, 0x00000000e1200000, 0x00000000e1300000|  0%| F|  |TAMS 0x00000000e1200000, 0x00000000e1200000| Untracked 
|  19|0x00000000e1300000, 0x00000000e1300000, 0x00000000e1400000|  0%| F|  |TAMS 0x00000000e1300000, 0x00000000e1300000| Untracked 
|  20|0x00000000e1400000, 0x00000000e1400000, 0x00000000e1500000|  0%| F|  |TAMS 0x00000000e1400000, 0x00000000e1400000| Untracked 
|  21|0x00000000e1500000, 0x00000000e1500000, 0x00000000e1600000|  0%| F|  |TAMS 0x00000000e1500000, 0x00000000e1500000| Untracked 
|  22|0x00000000e1600000, 0x00000000e1600000, 0x00000000e1700000|  0%| F|  |TAMS 0x00000000e1600000, 0x00000000e1600000| Untracked 
|  23|0x00000000e1700000, 0x00000000e1700000, 0x00000000e1800000|  0%| F|  |TAMS 0x00000000e1700000, 0x00000000e1700000| Untracked 
|  24|0x00000000e1800000, 0x00000000e1800000, 0x00000000e1900000|  0%| F|  |TAMS 0x00000000e1800000, 0x00000000e1800000| Untracked 
|  25|0x00000000e1900000, 0x00000000e1900000, 0x00000000e1a00000|  0%| F|  |TAMS 0x00000000e1900000, 0x00000000e1900000| Untracked 
|  26|0x00000000e1a00000, 0x00000000e1a00000, 0x00000000e1b00000|  0%| F|  |TAMS 0x00000000e1a00000, 0x00000000e1a00000| Untracked 
|  27|0x00000000e1b00000, 0x00000000e1b00000, 0x00000000e1c00000|  0%| F|  |TAMS 0x00000000e1b00000, 0x00000000e1b00000| Untracked 
|  28|0x00000000e1c00000, 0x00000000e1c00000, 0x00000000e1d00000|  0%| F|  |TAMS 0x00000000e1c00000, 0x00000000e1c00000| Untracked 
|  29|0x00000000e1d00000, 0x00000000e1d00000, 0x00000000e1e00000|  0%| F|  |TAMS 0x00000000e1d00000, 0x00000000e1d00000| Untracked 
|  30|0x00000000e1e00000, 0x00000000e1e00000, 0x00000000e1f00000|  0%| F|  |TAMS 0x00000000e1e00000, 0x00000000e1e00000| Untracked 
|  31|0x00000000e1f00000, 0x00000000e1f00000, 0x00000000e2000000|  0%| F|  |TAMS 0x00000000e1f00000, 0x00000000e1f00000| Untracked 
|  32|0x00000000e2000000, 0x00000000e2000000, 0x00000000e2100000|  0%| F|  |TAMS 0x00000000e2000000, 0x00000000e2000000| Untracked 
|  33|0x00000000e2100000, 0x00000000e2100000, 0x00000000e2200000|  0%| F|  |TAMS 0x00000000e2100000, 0x00000000e2100000| Untracked 
|  34|0x00000000e2200000, 0x00000000e2200000, 0x00000000e2300000|  0%| F|  |TAMS 0x00000000e2200000, 0x00000000e2200000| Untracked 
|  35|0x00000000e2300000, 0x00000000e2300000, 0x00000000e2400000|  0%| F|  |TAMS 0x00000000e2300000, 0x00000000e2300000| Untracked 
|  36|0x00000000e2400000, 0x00000000e2400000, 0x00000000e2500000|  0%| F|  |TAMS 0x00000000e2400000, 0x00000000e2400000| Untracked 
|  37|0x00000000e2500000, 0x00000000e2500000, 0x00000000e2600000|  0%| F|  |TAMS 0x00000000e2500000, 0x00000000e2500000| Untracked 
|  38|0x00000000e2600000, 0x00000000e2600000, 0x00000000e2700000|  0%| F|  |TAMS 0x00000000e2600000, 0x00000000e2600000| Untracked 
|  39|0x00000000e2700000, 0x00000000e2700000, 0x00000000e2800000|  0%| F|  |TAMS 0x00000000e2700000, 0x00000000e2700000| Untracked 
|  40|0x00000000e2800000, 0x00000000e2800000, 0x00000000e2900000|  0%| F|  |TAMS 0x00000000e2800000, 0x00000000e2800000| Untracked 
|  41|0x00000000e2900000, 0x00000000e2900000, 0x00000000e2a00000|  0%| F|  |TAMS 0x00000000e2900000, 0x00000000e2900000| Untracked 
|  42|0x00000000e2a00000, 0x00000000e2a00000, 0x00000000e2b00000|  0%| F|  |TAMS 0x00000000e2a00000, 0x00000000e2a00000| Untracked 
|  43|0x00000000e2b00000, 0x00000000e2b00000, 0x00000000e2c00000|  0%| F|  |TAMS 0x00000000e2b00000, 0x00000000e2b00000| Untracked 
|  44|0x00000000e2c00000, 0x00000000e2c00000, 0x00000000e2d00000|  0%| F|  |TAMS 0x00000000e2c00000, 0x00000000e2c00000| Untracked 
|  45|0x00000000e2d00000, 0x00000000e2d00000, 0x00000000e2e00000|  0%| F|  |TAMS 0x00000000e2d00000, 0x00000000e2d00000| Untracked 
|  46|0x00000000e2e00000, 0x00000000e2e00000, 0x00000000e2f00000|  0%| F|  |TAMS 0x00000000e2e00000, 0x00000000e2e00000| Untracked 
|  47|0x00000000e2f00000, 0x00000000e2f00000, 0x00000000e3000000|  0%| F|  |TAMS 0x00000000e2f00000, 0x00000000e2f00000| Untracked 
|  48|0x00000000e3000000, 0x00000000e3000000, 0x00000000e3100000|  0%| F|  |TAMS 0x00000000e3000000, 0x00000000e3000000| Untracked 
|  49|0x00000000e3100000, 0x00000000e3100000, 0x00000000e3200000|  0%| F|  |TAMS 0x00000000e3100000, 0x00000000e3100000| Untracked 
|  50|0x00000000e3200000, 0x00000000e3200000, 0x00000000e3300000|  0%| F|  |TAMS 0x00000000e3200000, 0x00000000e3200000| Untracked 
|  51|0x00000000e3300000, 0x00000000e3300000, 0x00000000e3400000|  0%| F|  |TAMS 0x00000000e3300000, 0x00000000e3300000| Untracked 
|  52|0x00000000e3400000, 0x00000000e3400000, 0x00000000e3500000|  0%| F|  |TAMS 0x00000000e3400000, 0x00000000e3400000| Untracked 
|  53|0x00000000e3500000, 0x00000000e3500000, 0x00000000e3600000|  0%| F|  |TAMS 0x00000000e3500000, 0x00000000e3500000| Untracked 
|  54|0x00000000e3600000, 0x00000000e3600000, 0x00000000e3700000|  0%| F|  |TAMS 0x00000000e3600000, 0x00000000e3600000| Untracked 
|  55|0x00000000e3700000, 0x00000000e3700000, 0x00000000e3800000|  0%| F|  |TAMS 0x00000000e3700000, 0x00000000e3700000| Untracked 
|  56|0x00000000e3800000, 0x00000000e3800000, 0x00000000e3900000|  0%| F|  |TAMS 0x00000000e3800000, 0x00000000e3800000| Untracked 
|  57|0x00000000e3900000, 0x00000000e3900000, 0x00000000e3a00000|  0%| F|  |TAMS 0x00000000e3900000, 0x00000000e3900000| Untracked 
|  58|0x00000000e3a00000, 0x00000000e3a00000, 0x00000000e3b00000|  0%| F|  |TAMS 0x00000000e3a00000, 0x00000000e3a00000| Untracked 
|  59|0x00000000e3b00000, 0x00000000e3b00000, 0x00000000e3c00000|  0%| F|  |TAMS 0x00000000e3b00000, 0x00000000e3b00000| Untracked 
|  60|0x00000000e3c00000, 0x00000000e3c00000, 0x00000000e3d00000|  0%| F|  |TAMS 0x00000000e3c00000, 0x00000000e3c00000| Untracked 
|  61|0x00000000e3d00000, 0x00000000e3d00000, 0x00000000e3e00000|  0%| F|  |TAMS 0x00000000e3d00000, 0x00000000e3d00000| Untracked 
|  62|0x00000000e3e00000, 0x00000000e3e00000, 0x00000000e3f00000|  0%| F|  |TAMS 0x00000000e3e00000, 0x00000000e3e00000| Untracked 
|  63|0x00000000e3f00000, 0x00000000e3f00000, 0x00000000e4000000|  0%| F|  |TAMS 0x00000000e3f00000, 0x00000000e3f00000| Untracked 
|  64|0x00000000e4000000, 0x00000000e4000000, 0x00000000e4100000|  0%| F|  |TAMS 0x00000000e4000000, 0x00000000e4000000| Untracked 
|  65|0x00000000e4100000, 0x00000000e4100000, 0x00000000e4200000|  0%| F|  |TAMS 0x00000000e4100000, 0x00000000e4100000| Untracked 
|  66|0x00000000e4200000, 0x00000000e4200000, 0x00000000e4300000|  0%| F|  |TAMS 0x00000000e4200000, 0x00000000e4200000| Untracked 
|  67|0x00000000e4300000, 0x00000000e4300000, 0x00000000e4400000|  0%| F|  |TAMS 0x00000000e4300000, 0x00000000e4300000| Untracked 
|  68|0x00000000e4400000, 0x00000000e4400000, 0x00000000e4500000|  0%| F|  |TAMS 0x00000000e4400000, 0x00000000e4400000| Untracked 
|  69|0x00000000e4500000, 0x00000000e4500000, 0x00000000e4600000|  0%| F|  |TAMS 0x00000000e4500000, 0x00000000e4500000| Untracked 
|  70|0x00000000e4600000, 0x00000000e4600000, 0x00000000e4700000|  0%| F|  |TAMS 0x00000000e4600000, 0x00000000e4600000| Untracked 
|  71|0x00000000e4700000, 0x00000000e4700000, 0x00000000e4800000|  0%| F|  |TAMS 0x00000000e4700000, 0x00000000e4700000| Untracked 
|  72|0x00000000e4800000, 0x00000000e4800000, 0x00000000e4900000|  0%| F|  |TAMS 0x00000000e4800000, 0x00000000e4800000| Untracked 
|  73|0x00000000e4900000, 0x00000000e4900000, 0x00000000e4a00000|  0%| F|  |TAMS 0x00000000e4900000, 0x00000000e4900000| Untracked 
|  74|0x00000000e4a00000, 0x00000000e4a00000, 0x00000000e4b00000|  0%| F|  |TAMS 0x00000000e4a00000, 0x00000000e4a00000| Untracked 
|  75|0x00000000e4b00000, 0x00000000e4b00000, 0x00000000e4c00000|  0%| F|  |TAMS 0x00000000e4b00000, 0x00000000e4b00000| Untracked 
|  76|0x00000000e4c00000, 0x00000000e4c00000, 0x00000000e4d00000|  0%| F|  |TAMS 0x00000000e4c00000, 0x00000000e4c00000| Untracked 
|  77|0x00000000e4d00000, 0x00000000e4d00000, 0x00000000e4e00000|  0%| F|  |TAMS 0x00000000e4d00000, 0x00000000e4d00000| Untracked 
|  78|0x00000000e4e00000, 0x00000000e4e00000, 0x00000000e4f00000|  0%| F|  |TAMS 0x00000000e4e00000, 0x00000000e4e00000| Untracked 
|  79|0x00000000e4f00000, 0x00000000e4f00000, 0x00000000e5000000|  0%| F|  |TAMS 0x00000000e4f00000, 0x00000000e4f00000| Untracked 
|  80|0x00000000e5000000, 0x00000000e5000000, 0x00000000e5100000|  0%| F|  |TAMS 0x00000000e5000000, 0x00000000e5000000| Untracked 
|  81|0x00000000e5100000, 0x00000000e5100000, 0x00000000e5200000|  0%| F|  |TAMS 0x00000000e5100000, 0x00000000e5100000| Untracked 
|  82|0x00000000e5200000, 0x00000000e5200000, 0x00000000e5300000|  0%| F|  |TAMS 0x00000000e5200000, 0x00000000e5200000| Untracked 
|  83|0x00000000e5300000, 0x00000000e5300000, 0x00000000e5400000|  0%| F|  |TAMS 0x00000000e5300000, 0x00000000e5300000| Untracked 
|  84|0x00000000e5400000, 0x00000000e5400000, 0x00000000e5500000|  0%| F|  |TAMS 0x00000000e5400000, 0x00000000e5400000| Untracked 
|  85|0x00000000e5500000, 0x00000000e5500000, 0x00000000e5600000|  0%| F|  |TAMS 0x00000000e5500000, 0x00000000e5500000| Untracked 
|  86|0x00000000e5600000, 0x00000000e5600000, 0x00000000e5700000|  0%| F|  |TAMS 0x00000000e5600000, 0x00000000e5600000| Untracked 
|  87|0x00000000e5700000, 0x00000000e5700000, 0x00000000e5800000|  0%| F|  |TAMS 0x00000000e5700000, 0x00000000e5700000| Untracked 
|  88|0x00000000e5800000, 0x00000000e5800000, 0x00000000e5900000|  0%| F|  |TAMS 0x00000000e5800000, 0x00000000e5800000| Untracked 
|  89|0x00000000e5900000, 0x00000000e5900000, 0x00000000e5a00000|  0%| F|  |TAMS 0x00000000e5900000, 0x00000000e5900000| Untracked 
|  90|0x00000000e5a00000, 0x00000000e5a00000, 0x00000000e5b00000|  0%| F|  |TAMS 0x00000000e5a00000, 0x00000000e5a00000| Untracked 
|  91|0x00000000e5b00000, 0x00000000e5b00000, 0x00000000e5c00000|  0%| F|  |TAMS 0x00000000e5b00000, 0x00000000e5b00000| Untracked 
|  92|0x00000000e5c00000, 0x00000000e5c00000, 0x00000000e5d00000|  0%| F|  |TAMS 0x00000000e5c00000, 0x00000000e5c00000| Untracked 
|  93|0x00000000e5d00000, 0x00000000e5d00000, 0x00000000e5e00000|  0%| F|  |TAMS 0x00000000e5d00000, 0x00000000e5d00000| Untracked 
|  94|0x00000000e5e00000, 0x00000000e5e00000, 0x00000000e5f00000|  0%| F|  |TAMS 0x00000000e5e00000, 0x00000000e5e00000| Untracked 
|  95|0x00000000e5f00000, 0x00000000e5f00000, 0x00000000e6000000|  0%| F|  |TAMS 0x00000000e5f00000, 0x00000000e5f00000| Untracked 
|  96|0x00000000e6000000, 0x00000000e6000000, 0x00000000e6100000|  0%| F|  |TAMS 0x00000000e6000000, 0x00000000e6000000| Untracked 
|  97|0x00000000e6100000, 0x00000000e6100000, 0x00000000e6200000|  0%| F|  |TAMS 0x00000000e6100000, 0x00000000e6100000| Untracked 
|  98|0x00000000e6200000, 0x00000000e6200000, 0x00000000e6300000|  0%| F|  |TAMS 0x00000000e6200000, 0x00000000e6200000| Untracked 
|  99|0x00000000e6300000, 0x00000000e6300000, 0x00000000e6400000|  0%| F|  |TAMS 0x00000000e6300000, 0x00000000e6300000| Untracked 
| 100|0x00000000e6400000, 0x00000000e6400000, 0x00000000e6500000|  0%| F|  |TAMS 0x00000000e6400000, 0x00000000e6400000| Untracked 
| 101|0x00000000e6500000, 0x00000000e6500000, 0x00000000e6600000|  0%| F|  |TAMS 0x00000000e6500000, 0x00000000e6500000| Untracked 
| 102|0x00000000e6600000, 0x00000000e6600000, 0x00000000e6700000|  0%| F|  |TAMS 0x00000000e6600000, 0x00000000e6600000| Untracked 
| 103|0x00000000e6700000, 0x00000000e6700000, 0x00000000e6800000|  0%| F|  |TAMS 0x00000000e6700000, 0x00000000e6700000| Untracked 
| 104|0x00000000e6800000, 0x00000000e6800000, 0x00000000e6900000|  0%| F|  |TAMS 0x00000000e6800000, 0x00000000e6800000| Untracked 
| 105|0x00000000e6900000, 0x00000000e6900000, 0x00000000e6a00000|  0%| F|  |TAMS 0x00000000e6900000, 0x00000000e6900000| Untracked 
| 106|0x00000000e6a00000, 0x00000000e6a00000, 0x00000000e6b00000|  0%| F|  |TAMS 0x00000000e6a00000, 0x00000000e6a00000| Untracked 
| 107|0x00000000e6b00000, 0x00000000e6b00000, 0x00000000e6c00000|  0%| F|  |TAMS 0x00000000e6b00000, 0x00000000e6b00000| Untracked 
| 108|0x00000000e6c00000, 0x00000000e6c00000, 0x00000000e6d00000|  0%| F|  |TAMS 0x00000000e6c00000, 0x00000000e6c00000| Untracked 
| 109|0x00000000e6d00000, 0x00000000e6d00000, 0x00000000e6e00000|  0%| F|  |TAMS 0x00000000e6d00000, 0x00000000e6d00000| Untracked 
| 110|0x00000000e6e00000, 0x00000000e6e00000, 0x00000000e6f00000|  0%| F|  |TAMS 0x00000000e6e00000, 0x00000000e6e00000| Untracked 
| 111|0x00000000e6f00000, 0x00000000e6f00000, 0x00000000e7000000|  0%| F|  |TAMS 0x00000000e6f00000, 0x00000000e6f00000| Untracked 
| 112|0x00000000e7000000, 0x00000000e7000000, 0x00000000e7100000|  0%| F|  |TAMS 0x00000000e7000000, 0x00000000e7000000| Untracked 
| 113|0x00000000e7100000, 0x00000000e7100000, 0x00000000e7200000|  0%| F|  |TAMS 0x00000000e7100000, 0x00000000e7100000| Untracked 
| 114|0x00000000e7200000, 0x00000000e7200000, 0x00000000e7300000|  0%| F|  |TAMS 0x00000000e7200000, 0x00000000e7200000| Untracked 
| 115|0x00000000e7300000, 0x00000000e7300000, 0x00000000e7400000|  0%| F|  |TAMS 0x00000000e7300000, 0x00000000e7300000| Untracked 
| 116|0x00000000e7400000, 0x00000000e7400000, 0x00000000e7500000|  0%| F|  |TAMS 0x00000000e7400000, 0x00000000e7400000| Untracked 
| 117|0x00000000e7500000, 0x00000000e7500000, 0x00000000e7600000|  0%| F|  |TAMS 0x00000000e7500000, 0x00000000e7500000| Untracked 
| 118|0x00000000e7600000, 0x00000000e7600000, 0x00000000e7700000|  0%| F|  |TAMS 0x00000000e7600000, 0x00000000e7600000| Untracked 
| 119|0x00000000e7700000, 0x00000000e7700000, 0x00000000e7800000|  0%| F|  |TAMS 0x00000000e7700000, 0x00000000e7700000| Untracked 
| 120|0x00000000e7800000, 0x00000000e7800000, 0x00000000e7900000|  0%| F|  |TAMS 0x00000000e7800000, 0x00000000e7800000| Untracked 
| 121|0x00000000e7900000, 0x00000000e7900000, 0x00000000e7a00000|  0%| F|  |TAMS 0x00000000e7900000, 0x00000000e7900000| Untracked 
| 122|0x00000000e7a00000, 0x00000000e7a00000, 0x00000000e7b00000|  0%| F|  |TAMS 0x00000000e7a00000, 0x00000000e7a00000| Untracked 
| 123|0x00000000e7b00000, 0x00000000e7b00000, 0x00000000e7c00000|  0%| F|  |TAMS 0x00000000e7b00000, 0x00000000e7b00000| Untracked 
| 124|0x00000000e7c00000, 0x00000000e7c00000, 0x00000000e7d00000|  0%| F|  |TAMS 0x00000000e7c00000, 0x00000000e7c00000| Untracked 
| 125|0x00000000e7d00000, 0x00000000e7d00000, 0x00000000e7e00000|  0%| F|  |TAMS 0x00000000e7d00000, 0x00000000e7d00000| Untracked 
| 126|0x00000000e7e00000, 0x00000000e7e00000, 0x00000000e7f00000|  0%| F|  |TAMS 0x00000000e7e00000, 0x00000000e7e00000| Untracked 
| 127|0x00000000e7f00000, 0x00000000e7f00000, 0x00000000e8000000|  0%| F|  |TAMS 0x00000000e7f00000, 0x00000000e7f00000| Untracked 
| 128|0x00000000e8000000, 0x00000000e8000000, 0x00000000e8100000|  0%| F|  |TAMS 0x00000000e8000000, 0x00000000e8000000| Untracked 
| 129|0x00000000e8100000, 0x00000000e8100000, 0x00000000e8200000|  0%| F|  |TAMS 0x00000000e8100000, 0x00000000e8100000| Untracked 
| 130|0x00000000e8200000, 0x00000000e8200000, 0x00000000e8300000|  0%| F|  |TAMS 0x00000000e8200000, 0x00000000e8200000| Untracked 
| 131|0x00000000e8300000, 0x00000000e8300000, 0x00000000e8400000|  0%| F|  |TAMS 0x00000000e8300000, 0x00000000e8300000| Untracked 
| 132|0x00000000e8400000, 0x00000000e8400000, 0x00000000e8500000|  0%| F|  |TAMS 0x00000000e8400000, 0x00000000e8400000| Untracked 
| 133|0x00000000e8500000, 0x00000000e8500000, 0x00000000e8600000|  0%| F|  |TAMS 0x00000000e8500000, 0x00000000e8500000| Untracked 
| 134|0x00000000e8600000, 0x00000000e8600000, 0x00000000e8700000|  0%| F|  |TAMS 0x00000000e8600000, 0x00000000e8600000| Untracked 
| 135|0x00000000e8700000, 0x00000000e8700000, 0x00000000e8800000|  0%| F|  |TAMS 0x00000000e8700000, 0x00000000e8700000| Untracked 
| 136|0x00000000e8800000, 0x00000000e8800000, 0x00000000e8900000|  0%| F|  |TAMS 0x00000000e8800000, 0x00000000e8800000| Untracked 
| 137|0x00000000e8900000, 0x00000000e8900000, 0x00000000e8a00000|  0%| F|  |TAMS 0x00000000e8900000, 0x00000000e8900000| Untracked 
| 138|0x00000000e8a00000, 0x00000000e8a00000, 0x00000000e8b00000|  0%| F|  |TAMS 0x00000000e8a00000, 0x00000000e8a00000| Untracked 
| 139|0x00000000e8b00000, 0x00000000e8b00000, 0x00000000e8c00000|  0%| F|  |TAMS 0x00000000e8b00000, 0x00000000e8b00000| Untracked 
| 140|0x00000000e8c00000, 0x00000000e8c00000, 0x00000000e8d00000|  0%| F|  |TAMS 0x00000000e8c00000, 0x00000000e8c00000| Untracked 
| 141|0x00000000e8d00000, 0x00000000e8d00000, 0x00000000e8e00000|  0%| F|  |TAMS 0x00000000e8d00000, 0x00000000e8d00000| Untracked 
| 142|0x00000000e8e00000, 0x00000000e8e00000, 0x00000000e8f00000|  0%| F|  |TAMS 0x00000000e8e00000, 0x00000000e8e00000| Untracked 
| 143|0x00000000e8f00000, 0x00000000e8f00000, 0x00000000e9000000|  0%| F|  |TAMS 0x00000000e8f00000, 0x00000000e8f00000| Untracked 
| 144|0x00000000e9000000, 0x00000000e9000000, 0x00000000e9100000|  0%| F|  |TAMS 0x00000000e9000000, 0x00000000e9000000| Untracked 
| 145|0x00000000e9100000, 0x00000000e9100000, 0x00000000e9200000|  0%| F|  |TAMS 0x00000000e9100000, 0x00000000e9100000| Untracked 
| 146|0x00000000e9200000, 0x00000000e9200000, 0x00000000e9300000|  0%| F|  |TAMS 0x00000000e9200000, 0x00000000e9200000| Untracked 
| 147|0x00000000e9300000, 0x00000000e9300000, 0x00000000e9400000|  0%| F|  |TAMS 0x00000000e9300000, 0x00000000e9300000| Untracked 
| 148|0x00000000e9400000, 0x00000000e9400000, 0x00000000e9500000|  0%| F|  |TAMS 0x00000000e9400000, 0x00000000e9400000| Untracked 
| 149|0x00000000e9500000, 0x00000000e9500000, 0x00000000e9600000|  0%| F|  |TAMS 0x00000000e9500000, 0x00000000e9500000| Untracked 
| 150|0x00000000e9600000, 0x00000000e9600000, 0x00000000e9700000|  0%| F|  |TAMS 0x00000000e9600000, 0x00000000e9600000| Untracked 
| 151|0x00000000e9700000, 0x00000000e9700000, 0x00000000e9800000|  0%| F|  |TAMS 0x00000000e9700000, 0x00000000e9700000| Untracked 
| 152|0x00000000e9800000, 0x00000000e9800000, 0x00000000e9900000|  0%| F|  |TAMS 0x00000000e9800000, 0x00000000e9800000| Untracked 
| 153|0x00000000e9900000, 0x00000000e9900000, 0x00000000e9a00000|  0%| F|  |TAMS 0x00000000e9900000, 0x00000000e9900000| Untracked 
| 154|0x00000000e9a00000, 0x00000000e9a00000, 0x00000000e9b00000|  0%| F|  |TAMS 0x00000000e9a00000, 0x00000000e9a00000| Untracked 
| 155|0x00000000e9b00000, 0x00000000e9b00000, 0x00000000e9c00000|  0%| F|  |TAMS 0x00000000e9b00000, 0x00000000e9b00000| Untracked 
| 156|0x00000000e9c00000, 0x00000000e9c00000, 0x00000000e9d00000|  0%| F|  |TAMS 0x00000000e9c00000, 0x00000000e9c00000| Untracked 
| 157|0x00000000e9d00000, 0x00000000e9d00000, 0x00000000e9e00000|  0%| F|  |TAMS 0x00000000e9d00000, 0x00000000e9d00000| Untracked 
| 158|0x00000000e9e00000, 0x00000000e9e00000, 0x00000000e9f00000|  0%| F|  |TAMS 0x00000000e9e00000, 0x00000000e9e00000| Untracked 
| 159|0x00000000e9f00000, 0x00000000e9f00000, 0x00000000ea000000|  0%| F|  |TAMS 0x00000000e9f00000, 0x00000000e9f00000| Untracked 
| 160|0x00000000ea000000, 0x00000000ea000000, 0x00000000ea100000|  0%| F|  |TAMS 0x00000000ea000000, 0x00000000ea000000| Untracked 
| 161|0x00000000ea100000, 0x00000000ea100000, 0x00000000ea200000|  0%| F|  |TAMS 0x00000000ea100000, 0x00000000ea100000| Untracked 
| 162|0x00000000ea200000, 0x00000000ea200000, 0x00000000ea300000|  0%| F|  |TAMS 0x00000000ea200000, 0x00000000ea200000| Untracked 
| 163|0x00000000ea300000, 0x00000000ea300000, 0x00000000ea400000|  0%| F|  |TAMS 0x00000000ea300000, 0x00000000ea300000| Untracked 
| 164|0x00000000ea400000, 0x00000000ea400000, 0x00000000ea500000|  0%| F|  |TAMS 0x00000000ea400000, 0x00000000ea400000| Untracked 
| 165|0x00000000ea500000, 0x00000000ea500000, 0x00000000ea600000|  0%| F|  |TAMS 0x00000000ea500000, 0x00000000ea500000| Untracked 
| 166|0x00000000ea600000, 0x00000000ea600000, 0x00000000ea700000|  0%| F|  |TAMS 0x00000000ea600000, 0x00000000ea600000| Untracked 
| 167|0x00000000ea700000, 0x00000000ea700000, 0x00000000ea800000|  0%| F|  |TAMS 0x00000000ea700000, 0x00000000ea700000| Untracked 
| 168|0x00000000ea800000, 0x00000000ea800000, 0x00000000ea900000|  0%| F|  |TAMS 0x00000000ea800000, 0x00000000ea800000| Untracked 
| 169|0x00000000ea900000, 0x00000000ea900000, 0x00000000eaa00000|  0%| F|  |TAMS 0x00000000ea900000, 0x00000000ea900000| Untracked 
| 170|0x00000000eaa00000, 0x00000000eaa00000, 0x00000000eab00000|  0%| F|  |TAMS 0x00000000eaa00000, 0x00000000eaa00000| Untracked 
| 171|0x00000000eab00000, 0x00000000eab00000, 0x00000000eac00000|  0%| F|  |TAMS 0x00000000eab00000, 0x00000000eab00000| Untracked 
| 172|0x00000000eac00000, 0x00000000eac00000, 0x00000000ead00000|  0%| F|  |TAMS 0x00000000eac00000, 0x00000000eac00000| Untracked 
| 173|0x00000000ead00000, 0x00000000ead00000, 0x00000000eae00000|  0%| F|  |TAMS 0x00000000ead00000, 0x00000000ead00000| Untracked 
| 174|0x00000000eae00000, 0x00000000eae00000, 0x00000000eaf00000|  0%| F|  |TAMS 0x00000000eae00000, 0x00000000eae00000| Untracked 
| 175|0x00000000eaf00000, 0x00000000eaf00000, 0x00000000eb000000|  0%| F|  |TAMS 0x00000000eaf00000, 0x00000000eaf00000| Untracked 
| 176|0x00000000eb000000, 0x00000000eb000000, 0x00000000eb100000|  0%| F|  |TAMS 0x00000000eb000000, 0x00000000eb000000| Untracked 
| 177|0x00000000eb100000, 0x00000000eb100000, 0x00000000eb200000|  0%| F|  |TAMS 0x00000000eb100000, 0x00000000eb100000| Untracked 
| 178|0x00000000eb200000, 0x00000000eb200000, 0x00000000eb300000|  0%| F|  |TAMS 0x00000000eb200000, 0x00000000eb200000| Untracked 
| 179|0x00000000eb300000, 0x00000000eb300000, 0x00000000eb400000|  0%| F|  |TAMS 0x00000000eb300000, 0x00000000eb300000| Untracked 
| 180|0x00000000eb400000, 0x00000000eb400000, 0x00000000eb500000|  0%| F|  |TAMS 0x00000000eb400000, 0x00000000eb400000| Untracked 
| 181|0x00000000eb500000, 0x00000000eb500000, 0x00000000eb600000|  0%| F|  |TAMS 0x00000000eb500000, 0x00000000eb500000| Untracked 
| 182|0x00000000eb600000, 0x00000000eb600000, 0x00000000eb700000|  0%| F|  |TAMS 0x00000000eb600000, 0x00000000eb600000| Untracked 
| 183|0x00000000eb700000, 0x00000000eb700000, 0x00000000eb800000|  0%| F|  |TAMS 0x00000000eb700000, 0x00000000eb700000| Untracked 
| 184|0x00000000eb800000, 0x00000000eb800000, 0x00000000eb900000|  0%| F|  |TAMS 0x00000000eb800000, 0x00000000eb800000| Untracked 
| 185|0x00000000eb900000, 0x00000000eb900000, 0x00000000eba00000|  0%| F|  |TAMS 0x00000000eb900000, 0x00000000eb900000| Untracked 
| 186|0x00000000eba00000, 0x00000000eba00000, 0x00000000ebb00000|  0%| F|  |TAMS 0x00000000eba00000, 0x00000000eba00000| Untracked 
| 187|0x00000000ebb00000, 0x00000000ebb00000, 0x00000000ebc00000|  0%| F|  |TAMS 0x00000000ebb00000, 0x00000000ebb00000| Untracked 
| 188|0x00000000ebc00000, 0x00000000ebc00000, 0x00000000ebd00000|  0%| F|  |TAMS 0x00000000ebc00000, 0x00000000ebc00000| Untracked 
| 189|0x00000000ebd00000, 0x00000000ebd00000, 0x00000000ebe00000|  0%| F|  |TAMS 0x00000000ebd00000, 0x00000000ebd00000| Untracked 
| 190|0x00000000ebe00000, 0x00000000ebe00000, 0x00000000ebf00000|  0%| F|  |TAMS 0x00000000ebe00000, 0x00000000ebe00000| Untracked 
| 191|0x00000000ebf00000, 0x00000000ebf00000, 0x00000000ec000000|  0%| F|  |TAMS 0x00000000ebf00000, 0x00000000ebf00000| Untracked 
| 192|0x00000000ec000000, 0x00000000ec000000, 0x00000000ec100000|  0%| F|  |TAMS 0x00000000ec000000, 0x00000000ec000000| Untracked 
| 193|0x00000000ec100000, 0x00000000ec100000, 0x00000000ec200000|  0%| F|  |TAMS 0x00000000ec100000, 0x00000000ec100000| Untracked 
| 194|0x00000000ec200000, 0x00000000ec200000, 0x00000000ec300000|  0%| F|  |TAMS 0x00000000ec200000, 0x00000000ec200000| Untracked 
| 195|0x00000000ec300000, 0x00000000ec300000, 0x00000000ec400000|  0%| F|  |TAMS 0x00000000ec300000, 0x00000000ec300000| Untracked 
| 196|0x00000000ec400000, 0x00000000ec400000, 0x00000000ec500000|  0%| F|  |TAMS 0x00000000ec400000, 0x00000000ec400000| Untracked 
| 197|0x00000000ec500000, 0x00000000ec500000, 0x00000000ec600000|  0%| F|  |TAMS 0x00000000ec500000, 0x00000000ec500000| Untracked 
| 198|0x00000000ec600000, 0x00000000ec600000, 0x00000000ec700000|  0%| F|  |TAMS 0x00000000ec600000, 0x00000000ec600000| Untracked 
| 199|0x00000000ec700000, 0x00000000ec700000, 0x00000000ec800000|  0%| F|  |TAMS 0x00000000ec700000, 0x00000000ec700000| Untracked 
| 200|0x00000000ec800000, 0x00000000ec800000, 0x00000000ec900000|  0%| F|  |TAMS 0x00000000ec800000, 0x00000000ec800000| Untracked 
| 201|0x00000000ec900000, 0x00000000ec900000, 0x00000000eca00000|  0%| F|  |TAMS 0x00000000ec900000, 0x00000000ec900000| Untracked 
| 202|0x00000000eca00000, 0x00000000eca00000, 0x00000000ecb00000|  0%| F|  |TAMS 0x00000000eca00000, 0x00000000eca00000| Untracked 
| 203|0x00000000ecb00000, 0x00000000ecb00000, 0x00000000ecc00000|  0%| F|  |TAMS 0x00000000ecb00000, 0x00000000ecb00000| Untracked 
| 204|0x00000000ecc00000, 0x00000000ecc00000, 0x00000000ecd00000|  0%| F|  |TAMS 0x00000000ecc00000, 0x00000000ecc00000| Untracked 
| 205|0x00000000ecd00000, 0x00000000ecd00000, 0x00000000ece00000|  0%| F|  |TAMS 0x00000000ecd00000, 0x00000000ecd00000| Untracked 
| 206|0x00000000ece00000, 0x00000000ece00000, 0x00000000ecf00000|  0%| F|  |TAMS 0x00000000ece00000, 0x00000000ece00000| Untracked 
| 207|0x00000000ecf00000, 0x00000000ecf00000, 0x00000000ed000000|  0%| F|  |TAMS 0x00000000ecf00000, 0x00000000ecf00000| Untracked 
| 208|0x00000000ed000000, 0x00000000ed000000, 0x00000000ed100000|  0%| F|  |TAMS 0x00000000ed000000, 0x00000000ed000000| Untracked 
| 209|0x00000000ed100000, 0x00000000ed100000, 0x00000000ed200000|  0%| F|  |TAMS 0x00000000ed100000, 0x00000000ed100000| Untracked 
| 210|0x00000000ed200000, 0x00000000ed200000, 0x00000000ed300000|  0%| F|  |TAMS 0x00000000ed200000, 0x00000000ed200000| Untracked 
| 211|0x00000000ed300000, 0x00000000ed300000, 0x00000000ed400000|  0%| F|  |TAMS 0x00000000ed300000, 0x00000000ed300000| Untracked 
| 212|0x00000000ed400000, 0x00000000ed400000, 0x00000000ed500000|  0%| F|  |TAMS 0x00000000ed400000, 0x00000000ed400000| Untracked 
| 213|0x00000000ed500000, 0x00000000ed500000, 0x00000000ed600000|  0%| F|  |TAMS 0x00000000ed500000, 0x00000000ed500000| Untracked 
| 214|0x00000000ed600000, 0x00000000ed600000, 0x00000000ed700000|  0%| F|  |TAMS 0x00000000ed600000, 0x00000000ed600000| Untracked 
| 215|0x00000000ed700000, 0x00000000ed700000, 0x00000000ed800000|  0%| F|  |TAMS 0x00000000ed700000, 0x00000000ed700000| Untracked 
| 216|0x00000000ed800000, 0x00000000ed800000, 0x00000000ed900000|  0%| F|  |TAMS 0x00000000ed800000, 0x00000000ed800000| Untracked 
| 217|0x00000000ed900000, 0x00000000ed900000, 0x00000000eda00000|  0%| F|  |TAMS 0x00000000ed900000, 0x00000000ed900000| Untracked 
| 218|0x00000000eda00000, 0x00000000eda00000, 0x00000000edb00000|  0%| F|  |TAMS 0x00000000eda00000, 0x00000000eda00000| Untracked 
| 219|0x00000000edb00000, 0x00000000edb00000, 0x00000000edc00000|  0%| F|  |TAMS 0x00000000edb00000, 0x00000000edb00000| Untracked 
| 220|0x00000000edc00000, 0x00000000edc00000, 0x00000000edd00000|  0%| F|  |TAMS 0x00000000edc00000, 0x00000000edc00000| Untracked 
| 221|0x00000000edd00000, 0x00000000edd00000, 0x00000000ede00000|  0%| F|  |TAMS 0x00000000edd00000, 0x00000000edd00000| Untracked 
| 222|0x00000000ede00000, 0x00000000ede00000, 0x00000000edf00000|  0%| F|  |TAMS 0x00000000ede00000, 0x00000000ede00000| Untracked 
| 223|0x00000000edf00000, 0x00000000edf00000, 0x00000000ee000000|  0%| F|  |TAMS 0x00000000edf00000, 0x00000000edf00000| Untracked 
| 224|0x00000000ee000000, 0x00000000ee000000, 0x00000000ee100000|  0%| F|  |TAMS 0x00000000ee000000, 0x00000000ee000000| Untracked 
| 225|0x00000000ee100000, 0x00000000ee100000, 0x00000000ee200000|  0%| F|  |TAMS 0x00000000ee100000, 0x00000000ee100000| Untracked 
| 226|0x00000000ee200000, 0x00000000ee200000, 0x00000000ee300000|  0%| F|  |TAMS 0x00000000ee200000, 0x00000000ee200000| Untracked 
| 227|0x00000000ee300000, 0x00000000ee300000, 0x00000000ee400000|  0%| F|  |TAMS 0x00000000ee300000, 0x00000000ee300000| Untracked 
| 228|0x00000000ee400000, 0x00000000ee400000, 0x00000000ee500000|  0%| F|  |TAMS 0x00000000ee400000, 0x00000000ee400000| Untracked 
| 229|0x00000000ee500000, 0x00000000ee500000, 0x00000000ee600000|  0%| F|  |TAMS 0x00000000ee500000, 0x00000000ee500000| Untracked 
| 230|0x00000000ee600000, 0x00000000ee606a90, 0x00000000ee700000|  2%| S|CS|TAMS 0x00000000ee600000, 0x00000000ee600000| Complete 
| 231|0x00000000ee700000, 0x00000000ee800000, 0x00000000ee800000|100%| S|CS|TAMS 0x00000000ee700000, 0x00000000ee700000| Complete 
| 232|0x00000000ee800000, 0x00000000ee900000, 0x00000000ee900000|100%| E|  |TAMS 0x00000000ee800000, 0x00000000ee800000| Complete 
| 233|0x00000000ee900000, 0x00000000eea00000, 0x00000000eea00000|100%| E|CS|TAMS 0x00000000ee900000, 0x00000000ee900000| Complete 
| 234|0x00000000eea00000, 0x00000000eeb00000, 0x00000000eeb00000|100%| E|CS|TAMS 0x00000000eea00000, 0x00000000eea00000| Complete 
| 235|0x00000000eeb00000, 0x00000000eec00000, 0x00000000eec00000|100%| E|CS|TAMS 0x00000000eeb00000, 0x00000000eeb00000| Complete 
| 236|0x00000000eec00000, 0x00000000eed00000, 0x00000000eed00000|100%| E|CS|TAMS 0x00000000eec00000, 0x00000000eec00000| Complete 
| 237|0x00000000eed00000, 0x00000000eee00000, 0x00000000eee00000|100%| E|CS|TAMS 0x00000000eed00000, 0x00000000eed00000| Complete 
| 238|0x00000000eee00000, 0x00000000eef00000, 0x00000000eef00000|100%| E|CS|TAMS 0x00000000eee00000, 0x00000000eee00000| Complete 
| 239|0x00000000eef00000, 0x00000000ef000000, 0x00000000ef000000|100%| E|CS|TAMS 0x00000000eef00000, 0x00000000eef00000| Complete 
| 240|0x00000000ef000000, 0x00000000ef100000, 0x00000000ef100000|100%| E|CS|TAMS 0x00000000ef000000, 0x00000000ef000000| Complete 
| 241|0x00000000ef100000, 0x00000000ef200000, 0x00000000ef200000|100%| E|CS|TAMS 0x00000000ef100000, 0x00000000ef100000| Complete 
| 242|0x00000000ef200000, 0x00000000ef300000, 0x00000000ef300000|100%| E|CS|TAMS 0x00000000ef200000, 0x00000000ef200000| Complete 
| 243|0x00000000ef300000, 0x00000000ef400000, 0x00000000ef400000|100%| E|CS|TAMS 0x00000000ef300000, 0x00000000ef300000| Complete 
| 244|0x00000000ef400000, 0x00000000ef500000, 0x00000000ef500000|100%| E|CS|TAMS 0x00000000ef400000, 0x00000000ef400000| Complete 
| 245|0x00000000ef500000, 0x00000000ef600000, 0x00000000ef600000|100%| E|CS|TAMS 0x00000000ef500000, 0x00000000ef500000| Complete 
| 246|0x00000000ef600000, 0x00000000ef700000, 0x00000000ef700000|100%| E|CS|TAMS 0x00000000ef600000, 0x00000000ef600000| Complete 
| 247|0x00000000ef700000, 0x00000000ef800000, 0x00000000ef800000|100%| E|CS|TAMS 0x00000000ef700000, 0x00000000ef700000| Complete 
| 248|0x00000000ef800000, 0x00000000ef900000, 0x00000000ef900000|100%| E|CS|TAMS 0x00000000ef800000, 0x00000000ef800000| Complete 
| 249|0x00000000ef900000, 0x00000000efa00000, 0x00000000efa00000|100%| E|CS|TAMS 0x00000000ef900000, 0x00000000ef900000| Complete 
| 250|0x00000000efa00000, 0x00000000efb00000, 0x00000000efb00000|100%| E|CS|TAMS 0x00000000efa00000, 0x00000000efa00000| Complete 
| 251|0x00000000efb00000, 0x00000000efc00000, 0x00000000efc00000|100%| E|CS|TAMS 0x00000000efb00000, 0x00000000efb00000| Complete 
| 252|0x00000000efc00000, 0x00000000efd00000, 0x00000000efd00000|100%| E|CS|TAMS 0x00000000efc00000, 0x00000000efc00000| Complete 
| 253|0x00000000efd00000, 0x00000000efe00000, 0x00000000efe00000|100%| E|CS|TAMS 0x00000000efd00000, 0x00000000efd00000| Complete 

Card table byte_map: [0x00000217392b0000,0x00000217393b0000] _byte_map_base: 0x0000021738bb0000

Marking Bits (Prev, Next): (CMBitMap*) 0x000002171d83e288, (CMBitMap*) 0x000002171d83e2c0
 Prev Bits: [0x00000217394b0000, 0x0000021739cb0000)
 Next Bits: [0x0000021739cb0000, 0x000002173a4b0000)

Polling page: 0x00000217216d0000

Metaspace:

Usage:
  Non-class:      6.84 MB capacity,     6.68 MB ( 98%) used,   152.95 KB (  2%) free+waste,     7.56 KB ( <1%) overhead. 
      Class:    730.00 KB capacity,   668.20 KB ( 92%) used,    58.23 KB (  8%) free+waste,     3.56 KB ( <1%) overhead. 
       Both:      7.55 MB capacity,     7.33 MB ( 97%) used,   211.18 KB (  3%) free+waste,    11.13 KB ( <1%) overhead. 

Virtual space:
  Non-class space:        8.00 MB reserved,       7.00 MB ( 88%) committed 
      Class space:        1.00 GB reserved,     768.00 KB ( <1%) committed 
             Both:        1.01 GB reserved,       7.75 MB ( <1%) committed 

Chunk freelists:
   Non-Class:  5.00 KB
       Class:  768 bytes
        Both:  5.75 KB

CodeHeap 'non-profiled nmethods': size=120064Kb used=220Kb max_used=220Kb free=119843Kb
 bounds [0x0000021731410000, 0x0000021731680000, 0x0000021738950000]
CodeHeap 'profiled nmethods': size=120000Kb used=684Kb max_used=684Kb free=119316Kb
 bounds [0x0000021729ee0000, 0x000002172a150000, 0x0000021731410000]
CodeHeap 'non-nmethods': size=5696Kb used=1066Kb max_used=1094Kb free=4629Kb
 bounds [0x0000021729950000, 0x0000021729bc0000, 0x0000021729ee0000]
 total_blobs=972 nmethods=489 adapters=270
 compilation: enabled
              stopped_count=0, restarted_count=0
 full_count=0

Compilation events (10 events):
Event: 6710.959 Thread 0x000002171de25000  484       3       jdk.internal.misc.Unsafe::getInt (7 bytes)
Event: 6710.960 Thread 0x000002171de25000 nmethod 484 0x0000021729f8a110 code [0x0000021729f8a2c0, 0x0000021729f8a438]
Event: 6710.990 Thread 0x000002171e0d5800  485   !   4       RJavaTools::getMethod (228 bytes)
Event: 6711.068 Thread 0x000002171e0d5800 nmethod 485 0x0000021731438290 code [0x00000217314388a0, 0x000002173143c9a8]
Event: 6714.657 Thread 0x000002171de25000  486       3       java.nio.MappedByteBuffer::limit (6 bytes)
Event: 6714.657 Thread 0x000002171de25000 nmethod 486 0x0000021729f8a510 code [0x0000021729f8a6e0, 0x0000021729f8a950]
Event: 6714.657 Thread 0x000002171de25000  487       3       java.nio.MappedByteBuffer::position (6 bytes)
Event: 6714.658 Thread 0x000002171de25000 nmethod 487 0x0000021729f8aa90 code [0x0000021729f8ac60, 0x0000021729f8aed0]
Event: 6714.665 Thread 0x000002171e0d5800  488   !   4       RJavaTools::getMethod (228 bytes)
Event: 6714.749 Thread 0x000002171e0d5800 nmethod 488 0x000002173143f810 code [0x000002173143fe20, 0x0000021731444008]

GC Heap History (2 events):
Event: 5902.710 GC heap before
{Heap before GC invocations=0 (full 0):
 garbage-first heap   total 260096K, used 21504K [0x00000000e0000000, 0x0000000100000000)
  region size 1024K, 22 young (22528K), 0 survivors (0K)
 Metaspace       used 7465K, capacity 7653K, committed 7936K, reserved 1056768K
  class space    used 667K, capacity 728K, committed 768K, reserved 1048576K
}
Event: 5902.718 GC heap after
{Heap after GC invocations=1 (full 0):
 garbage-first heap   total 260096K, used 1050K [0x00000000e0000000, 0x0000000100000000)
  region size 1024K, 2 young (2048K), 2 survivors (2048K)
 Metaspace       used 7465K, capacity 7653K, committed 7936K, reserved 1056768K
  class space    used 667K, capacity 728K, committed 768K, reserved 1048576K
}

Deoptimization events (6 events):
Event: 0.186 Thread 0x000002171d2ea800 Uncommon trap: reason=unstable_if action=reinterpret pc=0x0000021731415770 method=java.lang.String.hashCode()I @ 14 c2
Event: 3884.891 Thread 0x000002171d2ea800 Uncommon trap: reason=profile_predicate action=maybe_recompile pc=0x0000021731430e68 method=java.lang.PublicMethods$MethodList.filter([Ljava/lang/reflect/Method;Ljava/lang/String;[Ljava/lang/Class;Z)Ljava/lang/PublicMethods$MethodList; @ 21 c2
Event: 3884.892 Thread 0x000002171d2ea800 Uncommon trap: reason=profile_predicate action=maybe_recompile pc=0x0000021731430e68 method=java.lang.PublicMethods$MethodList.filter([Ljava/lang/reflect/Method;Ljava/lang/String;[Ljava/lang/Class;Z)Ljava/lang/PublicMethods$MethodList; @ 21 c2
Event: 3884.894 Thread 0x000002171d2ea800 Uncommon trap: reason=profile_predicate action=maybe_recompile pc=0x0000021731430e68 method=java.lang.PublicMethods$MethodList.filter([Ljava/lang/reflect/Method;Ljava/lang/String;[Ljava/lang/Class;Z)Ljava/lang/PublicMethods$MethodList; @ 21 c2
Event: 3884.895 Thread 0x000002171d2ea800 Uncommon trap: reason=profile_predicate action=maybe_recompile pc=0x0000021731430e68 method=java.lang.PublicMethods$MethodList.filter([Ljava/lang/reflect/Method;Ljava/lang/String;[Ljava/lang/Class;Z)Ljava/lang/PublicMethods$MethodList; @ 21 c2
Event: 6711.923 Thread 0x000002171d2ea800 Uncommon trap: reason=null_check action=make_not_entrant pc=0x000002173143bf6c method=RJavaTools.getMethod(Ljava/lang/Class;Ljava/lang/String;[Ljava/lang/Class;[Z)Ljava/lang/reflect/Method; @ 162 c2

Classes redefined (0 events):
No events

Internal exceptions (10 events):
Event: 6719.811 Thread 0x000002171d2ea800 Exception <a 'java/lang/NoSuchFieldError'{0x00000000ee85ee10}: TYPE> (0x00000000ee85ee10) thrown at [t:/workspace/open/src/hotspot/share/prims/jni.cpp, line 2047]
Event: 6719.812 Thread 0x000002171d2ea800 Exception <a 'java/lang/NoSuchFieldError'{0x00000000ee8643b0}: TYPE> (0x00000000ee8643b0) thrown at [t:/workspace/open/src/hotspot/share/prims/jni.cpp, line 2047]
Event: 6719.813 Thread 0x000002171d2ea800 Exception <a 'java/lang/NoSuchFieldError'{0x00000000ee866f30}: TYPE> (0x00000000ee866f30) thrown at [t:/workspace/open/src/hotspot/share/prims/jni.cpp, line 2047]
Event: 6719.814 Thread 0x000002171d2ea800 Exception <a 'java/lang/NoSuchFieldError'{0x00000000ee869ab0}: TYPE> (0x00000000ee869ab0) thrown at [t:/workspace/open/src/hotspot/share/prims/jni.cpp, line 2047]
Event: 6719.815 Thread 0x000002171d2ea800 Exception <a 'java/lang/NoSuchFieldError'{0x00000000ee86c630}: TYPE> (0x00000000ee86c630) thrown at [t:/workspace/open/src/hotspot/share/prims/jni.cpp, line 2047]
Event: 6719.816 Thread 0x000002171d2ea800 Exception <a 'java/lang/NoSuchFieldError'{0x00000000ee86f1b0}: TYPE> (0x00000000ee86f1b0) thrown at [t:/workspace/open/src/hotspot/share/prims/jni.cpp, line 2047]
Event: 6719.817 Thread 0x000002171d2ea800 Exception <a 'java/lang/NoSuchFieldError'{0x00000000ee871d30}: TYPE> (0x00000000ee871d30) thrown at [t:/workspace/open/src/hotspot/share/prims/jni.cpp, line 2047]
Event: 6719.818 Thread 0x000002171d2ea800 Exception <a 'java/lang/NoSuchFieldError'{0x00000000ee8748b0}: TYPE> (0x00000000ee8748b0) thrown at [t:/workspace/open/src/hotspot/share/prims/jni.cpp, line 2047]
Event: 6719.819 Thread 0x000002171d2ea800 Exception <a 'java/lang/NoSuchFieldError'{0x00000000ee877430}: TYPE> (0x00000000ee877430) thrown at [t:/workspace/open/src/hotspot/share/prims/jni.cpp, line 2047]
Event: 6724.413 Thread 0x000002171d2ea800 Exception <a 'java/lang/NoSuchFieldError'{0x00000000ee87cdc0}: TYPE> (0x00000000ee87cdc0) thrown at [t:/workspace/open/src/hotspot/share/prims/jni.cpp, line 2047]

Events (10 events):
Event: 4060.846 Thread 0x000002171d2ea800 DEOPT UNPACKING pc=0x0000021729978d4e sp=0x0000006e3c7ec350 mode 0
Event: 5902.710 Executing VM operation: G1CollectForAllocation
Event: 5902.718 Executing VM operation: G1CollectForAllocation done
Event: 5902.719 Executing VM operation: RevokeBias
Event: 5902.719 Executing VM operation: RevokeBias done
Event: 5902.719 Executing VM operation: RevokeBias
Event: 5902.719 Executing VM operation: RevokeBias done
Event: 6711.923 Thread 0x000002171d2ea800 Uncommon trap: trap_request=0xfffffff4 fr.pc=0x000002173143bf6c relative=0x00000000000036cc
Event: 6711.923 Thread 0x000002171d2ea800 DEOPT PACKING pc=0x000002173143bf6c sp=0x0000006e3c7ef390
Event: 6711.923 Thread 0x000002171d2ea800 DEOPT UNPACKING pc=0x0000021729978f2f sp=0x0000006e3c7ef398 mode 2


Dynamic libraries:
0x00007ff63eff0000 - 0x00007ff63f9b7000 	C:\Program Files\RStudio\bin\rsession.exe
0x00007ffd38680000 - 0x00007ffd3886d000 	C:\WINDOWS\SYSTEM32\ntdll.dll
0x00007ffd35aa0000 - 0x00007ffd35b53000 	C:\WINDOWS\System32\KERNEL32.DLL
0x00007ffd34fe0000 - 0x00007ffd35273000 	C:\WINDOWS\System32\KERNELBASE.dll
0x00007ffd37a90000 - 0x00007ffd37b33000 	C:\WINDOWS\System32\ADVAPI32.dll
0x00007ffd35c10000 - 0x00007ffd35cae000 	C:\WINDOWS\System32\msvcrt.dll
0x00007ffd35a00000 - 0x00007ffd35a9e000 	C:\WINDOWS\System32\sechost.dll
0x00007ffd37ce0000 - 0x00007ffd37e02000 	C:\WINDOWS\System32\RPCRT4.dll
0x00007ffd35cb0000 - 0x00007ffd35d1d000 	C:\WINDOWS\System32\WS2_32.dll
0x00007ffd36260000 - 0x00007ffd362b2000 	C:\WINDOWS\System32\SHLWAPI.dll
0x00007ffd38110000 - 0x00007ffd3843c000 	C:\WINDOWS\System32\combase.dll
0x00007ffd356f0000 - 0x00007ffd357ea000 	C:\WINDOWS\System32\ucrtbase.dll
0x00007ffd352a0000 - 0x00007ffd3531e000 	C:\WINDOWS\System32\bcryptPrimitives.dll
0x00007ffd362c0000 - 0x00007ffd362e9000 	C:\WINDOWS\System32\GDI32.dll
0x00007ffd35320000 - 0x00007ffd354b9000 	C:\WINDOWS\System32\gdi32full.dll
0x00007ffd34f40000 - 0x00007ffd34fe0000 	C:\WINDOWS\System32\msvcp_win.dll
0x00007ffd33e80000 - 0x00007ffd33ee7000 	C:\WINDOWS\SYSTEM32\MSWSOCK.dll
0x00007ffd37b40000 - 0x00007ffd37cd7000 	C:\WINDOWS\System32\USER32.dll
0x00007ffd35820000 - 0x00007ffd35840000 	C:\WINDOWS\System32\win32u.dll
0x00007ffd36560000 - 0x00007ffd37a54000 	C:\WINDOWS\System32\SHELL32.dll
0x00007ffd354c0000 - 0x00007ffd3550a000 	C:\WINDOWS\System32\cfgmgr32.dll
0x00007ffd361b0000 - 0x00007ffd36258000 	C:\WINDOWS\System32\shcore.dll
0x000000006c700000 - 0x000000006e5a5000 	C:\Program Files\R\R-3.6.1\bin\x64\R.dll
0x00007ffd34740000 - 0x00007ffd34e8d000 	C:\WINDOWS\System32\windows.storage.dll
0x00007ffd34670000 - 0x00007ffd34694000 	C:\WINDOWS\System32\profapi.dll
0x00007ffd346c0000 - 0x00007ffd3471d000 	C:\WINDOWS\System32\powrprof.dll
0x00007ffd346a0000 - 0x00007ffd346b1000 	C:\WINDOWS\System32\kernel.appcore.dll
0x00007ffd35280000 - 0x00007ffd35297000 	C:\WINDOWS\System32\cryptsp.dll
0x00007ffd358a0000 - 0x00007ffd359f5000 	C:\WINDOWS\System32\ole32.dll
0x00007ffd2ef10000 - 0x00007ffd2ef1a000 	C:\WINDOWS\SYSTEM32\VERSION.dll
0x00007ffd31fd0000 - 0x00007ffd31ff4000 	C:\WINDOWS\SYSTEM32\WINMM.dll
0x0000000063540000 - 0x00000000635a1000 	C:\Program Files\R\R-3.6.1\bin\x64\Rgraphapp.dll
0x00007ffd384a0000 - 0x00007ffd385c7000 	C:\WINDOWS\System32\comdlg32.dll
0x00007ffd37a60000 - 0x00007ffd37a8e000 	C:\WINDOWS\System32\IMM32.dll
0x00007ffd0d270000 - 0x00007ffd0d30b000 	C:\Program Files\RStudio\bin\MSVCP140.dll
0x00007ffd1d530000 - 0x00007ffd1d545000 	C:\Program Files\RStudio\bin\VCRUNTIME140.dll
0x00000000641c0000 - 0x00000000641d6000 	C:\Program Files\R\R-3.6.1\bin\x64\Riconv.dll
0x00007ffd31fa0000 - 0x00007ffd31fcd000 	C:\WINDOWS\SYSTEM32\winmmbase.dll
0x00007ffd2a0e0000 - 0x00007ffd2a189000 	C:\WINDOWS\WinSxS\amd64_microsoft.windows.common-controls_6595b64144ccf1df_5.82.17763.914_none_10dff78064323f3f\COMCTL32.dll
0x00007ffd2a450000 - 0x00007ffd2a457000 	C:\WINDOWS\SYSTEM32\MSIMG32.dll
0x0000000064e80000 - 0x0000000064ed2000 	C:\Program Files\R\R-3.6.1\bin\x64\Rblas.dll
0x00007ffd32980000 - 0x00007ffd32a1c000 	C:\WINDOWS\system32\uxtheme.dll
0x0000000064a40000 - 0x0000000064a54000 	C:\Program Files\R\R-3.6.1\library\methods\libs\x64\methods.dll
0x000000006e5c0000 - 0x000000006e5ed000 	C:\Program Files\R\R-3.6.1\library\utils\libs\x64\utils.dll
0x000000006fc80000 - 0x000000006fdaa000 	C:\Program Files\R\R-3.6.1\library\grDevices\libs\x64\grDevices.dll
0x0000000063740000 - 0x0000000063792000 	C:\Program Files\R\R-3.6.1\library\graphics\libs\x64\graphics.dll
0x0000000071100000 - 0x00000000711a8000 	C:\Program Files\R\R-3.6.1\library\stats\libs\x64\stats.dll
0x00000000006f0000 - 0x00000000009b2000 	C:\Program Files\R\R-3.6.1\bin\x64\Rlapack.dll
0x00007ffcdbf00000 - 0x00007ffcdf348000 	C:\Program Files\RStudio\bin\rsclang\x86_64\libclang.dll
0x00007ffd37e10000 - 0x00007ffd37ed4000 	C:\WINDOWS\System32\OLEAUT32.dll
0x00000000009c0000 - 0x00000000009e0000 	C:\Program Files\R\R-3.6.1\library\tools\libs\x64\tools.dll
0x0000000065700000 - 0x0000000065b28000 	C:\PROGRA~1\R\R-3.6.1\modules\x64\internet.dll
0x00007ffd35510000 - 0x00007ffd356eb000 	C:\WINDOWS\System32\CRYPT32.dll
0x00007ffd34720000 - 0x00007ffd34732000 	C:\WINDOWS\System32\MSASN1.dll
0x00007ffd362f0000 - 0x00007ffd36350000 	C:\WINDOWS\System32\WLDAP32.dll
0x00007ffd26370000 - 0x00007ffd26851000 	C:\WINDOWS\SYSTEM32\WININET.dll
0x00007ffd0be70000 - 0x00007ffd0c044000 	c:\program files (x86)\trusteer\rapport\bin\x64\rooksbas_x64.dll
0x00007ffd32a70000 - 0x00007ffd32a9e000 	C:\WINDOWS\system32\dwmapi.dll
0x00007ffd34570000 - 0x00007ffd3459f000 	C:\WINDOWS\SYSTEM32\SspiCli.dll
0x0000000064080000 - 0x0000000064096000 	D:\Bernard\Documents\R\win-library\3.6\rJava\libs\x64\rJava.dll
0x00007ffcd71a0000 - 0x00007ffcd7cc7000 	C:\Program Files\Java\jdk-11.0.3\bin\server\jvm.dll
0x00007ffd36350000 - 0x00007ffd36358000 	C:\WINDOWS\System32\PSAPI.DLL
0x00007ffd20020000 - 0x00007ffd20029000 	C:\WINDOWS\SYSTEM32\WSOCK32.dll
0x000000006abc0000 - 0x000000006acc8000 	D:\Bernard\Documents\R\win-library\3.6\Rcpp\libs\x64\Rcpp.dll
0x000000006bd40000 - 0x000000006c1eb000 	D:\Bernard\Documents\R\win-library\3.6\stringi\libs\x64\stringi.dll
0x00000000009e0000 - 0x0000000000abc000 	D:\Bernard\Documents\R\win-library\3.6\pryr\libs\x64\pryr.dll
0x00007ffcd7180000 - 0x00007ffcd7191000 	C:\Program Files\Java\jdk-11.0.3\bin\verify.dll
0x00007ffd1fe30000 - 0x00007ffd2001d000 	C:\WINDOWS\SYSTEM32\DBGHELP.DLL
0x00007ffd20050000 - 0x00007ffd2007a000 	C:\WINDOWS\SYSTEM32\dbgcore.DLL
0x00007ffcd7150000 - 0x00007ffcd7179000 	C:\Program Files\Java\jdk-11.0.3\bin\java.dll
0x00007ffcd7130000 - 0x00007ffcd7146000 	C:\Program Files\Java\jdk-11.0.3\bin\zip.dll
0x00007ffd085d0000 - 0x00007ffd085da000 	C:\Program Files\Java\jdk-11.0.3\bin\jimage.dll
0x00007ffcd7110000 - 0x00007ffcd7129000 	C:\Program Files\Java\jdk-11.0.3\bin\net.dll
0x00007ffd25560000 - 0x00007ffd25652000 	C:\WINDOWS\SYSTEM32\WINHTTP.dll
0x00007ffd2ab00000 - 0x00007ffd2acd7000 	C:\WINDOWS\SYSTEM32\urlmon.dll
0x00007ffd2a850000 - 0x00007ffd2aaf8000 	C:\WINDOWS\SYSTEM32\iertutil.dll
0x00007ffd34050000 - 0x00007ffd3405c000 	C:\WINDOWS\SYSTEM32\CRYPTBASE.DLL
0x00007ffcd70f0000 - 0x00007ffcd7103000 	C:\Program Files\Java\jdk-11.0.3\bin\nio.dll
0x00007ffd33a00000 - 0x00007ffd33a33000 	C:\WINDOWS\system32\rsaenh.dll
0x00007ffd357f0000 - 0x00007ffd35816000 	C:\WINDOWS\System32\bcrypt.dll
0x00007ffd345a0000 - 0x00007ffd345c8000 	C:\WINDOWS\SYSTEM32\USERENV.dll
0x00007ffd33ba0000 - 0x00007ffd33bdd000 	C:\WINDOWS\SYSTEM32\IPHLPAPI.DLL
0x00007ffd361a0000 - 0x00007ffd361a8000 	C:\WINDOWS\System32\NSI.dll
0x00007ffd2a520000 - 0x00007ffd2a536000 	C:\WINDOWS\SYSTEM32\dhcpcsvc6.DLL
0x00007ffd2a090000 - 0x00007ffd2a0ac000 	C:\WINDOWS\SYSTEM32\dhcpcsvc.DLL
0x00007ffd33be0000 - 0x00007ffd33ca6000 	C:\WINDOWS\SYSTEM32\DNSAPI.dll
0x00007ffcd7080000 - 0x00007ffcd70e3000 	C:\Users\Bernard\AppData\Local\Temp\usb4java2957476678809829909.tmp\libusb4java.dll
0x00007ffd35d20000 - 0x00007ffd36196000 	C:\WINDOWS\System32\SetupAPI.DLL
0x00007ffd08c40000 - 0x00007ffd08c4c000 	C:\WINDOWS\SYSTEM32\WinUSB.DLL
0x00007ffd33050000 - 0x00007ffd3305e000 	C:\WINDOWS\SYSTEM32\hid.DLL
0x00007ffd344a0000 - 0x00007ffd344c9000 	C:\WINDOWS\SYSTEM32\DEVOBJ.dll
0x00007ffd35840000 - 0x00007ffd35899000 	C:\WINDOWS\System32\WINTRUST.dll
0x000000006fb00000 - 0x000000006fb0d000 	C:\Users\Bernard\AppData\Local\Temp\RtmpmGha5V\file3a98362c434d.dll

dbghelp: loaded successfully - version: 4.0.5 - missing functions: none
symbol engine: initialized successfully - sym options: 0x614 - pdb path: .;C:\Program Files\RStudio\bin;C:\WINDOWS\SYSTEM32;C:\Program Files\R\R-3.6.1\bin\x64;C:\WINDOWS\WinSxS\amd64_microsoft.windows.common-controls_6595b64144ccf1df_5.82.17763.914_none_10dff78064323f3f;C:\Program Files\R\R-3.6.1\library\methods\libs\x64;C:\Program Files\R\R-3.6.1\library\utils\libs\x64;C:\Program Files\R\R-3.6.1\library\grDevices\libs\x64;C:\Program Files\R\R-3.6.1\library\graphics\libs\x64;C:\Program Files\R\R-3.6.1\library\stats\libs\x64;C:\Program Files\RStudio\bin\rsclang\x86_64;C:\Program Files\R\R-3.6.1\library\tools\libs\x64;C:\PROGRA~1\R\R-3.6.1\modules\x64;c:\program files (x86)\trusteer\rapport\bin\x64;D:\Bernard\Documents\R\win-library\3.6\rJava\libs\x64;C:\Program Files\Java\jdk-11.0.3\bin\server;D:\Bernard\Documents\R\win-library\3.6\Rcpp\libs\x64;D:\Bernard\Documents\R\win-library\3.6\stringi\libs\x64;D:\Bernard\Documents\R\win-library\3.6\pryr\libs\x64;C:\Program Files\Java\jdk-11.0.3\bin;C:\Users\Bernard\AppData\Local\Temp\usb4java2957476678809829909.tmp;C:\Users\Bernard\AppData\Local\Temp\RtmpmGha5V

VM Arguments:
jvm_args: -Dr.arch=/x64 -Xmx512m -Xrs 
java_command: <unknown>
java_class_path (initial): D:/Bernard/Documents/R/win-library/3.6/rJava/java/boot
Launcher Type: generic

[Global flags]
     intx CICompilerCount                          = 3                                         {product} {ergonomic}
     uint ConcGCThreads                            = 2                                         {product} {ergonomic}
     uint G1ConcRefinementThreads                  = 6                                         {product} {ergonomic}
   size_t G1HeapRegionSize                         = 1048576                                   {product} {ergonomic}
    uintx GCDrainStackTargetSize                   = 64                                        {product} {ergonomic}
   size_t InitialHeapSize                          = 266338304                                 {product} {ergonomic}
   size_t MarkStackSize                            = 4194304                                   {product} {ergonomic}
   size_t MaxHeapSize                              = 536870912                                 {product} {command line}
   size_t MaxNewSize                               = 321912832                                 {product} {ergonomic}
   size_t MinHeapDeltaBytes                        = 1048576                                   {product} {ergonomic}
    uintx NonNMethodCodeHeapSize                   = 5830092                                {pd product} {ergonomic}
    uintx NonProfiledCodeHeapSize                  = 122914074                              {pd product} {ergonomic}
    uintx ProfiledCodeHeapSize                     = 122914074                              {pd product} {ergonomic}
     bool ReduceSignalUsage                        = true                                      {product} {command line}
    uintx ReservedCodeCacheSize                    = 251658240                              {pd product} {ergonomic}
     bool SegmentedCodeCache                       = true                                      {product} {ergonomic}
     bool UseCompressedClassPointers               = true                                 {lp64_product} {ergonomic}
     bool UseCompressedOops                        = true                                 {lp64_product} {ergonomic}
     bool UseG1GC                                  = true                                      {product} {ergonomic}
     bool UseLargePagesIndividualAllocation        = false                                  {pd product} {ergonomic}

Logging:
Log output configuration:
 #0: stdout all=warning uptime,level,tags
 #1: stderr all=off uptime,level,tags

Environment Variables:
PATH=C:\Program Files\R\R-3.6.1\bin\x64;C:\Rtools\bin;C:\Program Files (x86)\Common Files\Oracle\Java\javapath;C:\Program Files\NVIDIA GPU Computing Toolkit\CUDA\v10.0\bin;C:\Program Files\NVIDIA GPU Computing Toolkit\CUDA\v10.0\libnvvp;C:\Program Files\R\R-3.5.0\bin\x64;D:\Programs\Ocean Optics\OmniDriver\OOI_HOME;C:\Windows\system32;C:\Windows;C:\Windows\System32\Wbem;C:\Windows\System32\WindowsPowerShell\v1.0\;C:\Users\Bernard\.dnx\bin;C:\Program Files\Microsoft DNX\Dnvm\;C:\Program Files\Microsoft SQL Server\130\Tools\Binn\;C:\Program Files (x86)\Windows Kits\8.1\Windows Performance Toolkit\;D:\PostgreSQL\pg10\bin;C:\Program Files (x86)\Calibre2\;C:\WINDOWS\system32;C:\WINDOWS;C:\WINDOWS\System32\Wbem;C:\WINDOWS\System32\WindowsPowerShell\v1.0\;C:\WINDOWS\System32\OpenSSH\;C:\Program Files\Git\cmd;C:\Program Files (x86)\Intel\Intel(R) Management Engine Components\DAL;C:\Program Files\Intel\Intel(R) Management Engine Components\DAL;C:\Program Files (x86)\NVIDIA Corporation\PhysX\Common;C:\Program Files\NVIDIA Corporation\NVIDIA NvDLISR;C:\Program Files\NVIDIA GPU Computing Toolkit\CUDA\v10.0\extras\CUPTI\libx64;C:\Rtools\mingw_64\bin;C:\Users\Bernard\AppData\Local\Microsoft\WindowsApps;C:\Users\Bernard\AppData\Local\Programs\MiKTeX 2.9\miktex\bin\x64\
USERNAME=Bernard
OS=Windows_NT
PROCESSOR_IDENTIFIER=Intel64 Family 6 Model 158 Stepping 10, GenuineIntel



---------------  S Y S T E M  ---------------

OS: Windows 10 , 64 bit Build 17763 (10.0.17763.475)

CPU:total 6 (initial active 6) (6 cores per cpu, 1 threads per core) family 6 model 158 stepping 10, cmov, cx8, fxsr, mmx, sse, sse2, sse3, ssse3, sse4.1, sse4.2, popcnt, avx, avx2, aes, clmul, erms, 3dnowpref, lzcnt, tsc, tscinvbit, bmi1, bmi2, adx, fma

Memory: 4k page, system-wide physical 16191M (8959M free)
TotalPageFile size 18623M (AvailPageFile size 8197M)
current process WorkingSet (physical memory assigned to process): 312M, peak: 323M
current process commit charge ("private bytes"): 611M, peak: 622M

vm_info: Java HotSpot(TM) 64-Bit Server VM (11.0.3+12-LTS) for windows-amd64 JRE (11.0.3+12-LTS), built on Apr  2 2019 12:43:09 by "mach5one" with MS VC++ 15.5 (VS2017)

END.
