#
# A fatal error has been detected by the Java Runtime Environment:
#
#  EXCEPTION_ACCESS_VIOLATION (0xc0000005) at pc=0x00007ffb6d128123, pid=11200, tid=8108
#
# JRE version: Java(TM) SE Runtime Environment (11.0.3+12) (build 11.0.3+12-LTS)
# Java VM: Java HotSpot(TM) 64-Bit Server VM (11.0.3+12-LTS, mixed mode, tiered, compressed oops, g1 gc, windows-amd64)
# Problematic frame:
# C  [libusb4java.dll+0x8123]
#
# No core dump will be written. Minidumps are not enabled by default on client versions of Windows
#
# If you would like to submit a bug report, please visit:
#   http://bugreport.java.com/bugreport/crash.jsp
# The crash happened outside the Java Virtual Machine in native code.
# See problematic frame for where to report the bug.
#

---------------  S U M M A R Y ------------

Command Line: -Dr.arch=/x64 -Xmx512m -Xrs 

Host: Intel(R) Core(TM) i5-8400 CPU @ 2.80GHz, 6 cores, 15G,  Windows 10 , 64 bit Build 17763 (10.0.17763.475)
Time: Fri Dec  6 15:45:09 2019 Eastern Standard Time elapsed time: 13 seconds (0d 0h 0m 13s)

---------------  T H R E A D  ---------------

Current thread (0x0000025f29129000):  JavaThread "main" [_thread_in_native, id=8108, stack(0x000000cbe6c00000,0x000000cbe7c00000)]

Stack: [0x000000cbe6c00000,0x000000cbe7c00000],  sp=0x000000cbe7bf3600,  free space=16333k
Native frames: (J=compiled Java code, j=interpreted, Vv=VM code, C=native code)
C  [libusb4java.dll+0x8123]

Java frames: (J=compiled Java code, j=interpreted, Vv=VM code)
j  org.usb4java.LibUsb.open(Lorg/usb4java/Device;Lorg/usb4java/DeviceHandle;)I+0
v  ~StubRoutines::call_stub
j  jdk.internal.reflect.NativeMethodAccessorImpl.invoke0(Ljava/lang/reflect/Method;Ljava/lang/Object;[Ljava/lang/Object;)Ljava/lang/Object;+0 java.base@11.0.3
j  jdk.internal.reflect.NativeMethodAccessorImpl.invoke(Ljava/lang/Object;[Ljava/lang/Object;)Ljava/lang/Object;+100 java.base@11.0.3
j  jdk.internal.reflect.DelegatingMethodAccessorImpl.invoke(Ljava/lang/Object;[Ljava/lang/Object;)Ljava/lang/Object;+6 java.base@11.0.3
j  java.lang.reflect.Method.invoke(Ljava/lang/Object;[Ljava/lang/Object;)Ljava/lang/Object;+59 java.base@11.0.3
j  RJavaTools.invokeMethod(Ljava/lang/Class;Ljava/lang/Object;Ljava/lang/String;[Ljava/lang/Object;[Ljava/lang/Class;)Ljava/lang/Object;+30
v  ~StubRoutines::call_stub

siginfo: EXCEPTION_ACCESS_VIOLATION (0xc0000005), reading address 0x0000025f299a1b30


Register to memory mapping:

RIP=0x00007ffb6d128123 libusb4java.dll
RAX=0x0000025f299a1b00 is an unknown value
RBX=0x00007ffb34183db0 jvm.dll
RCX=0x0000025f299a1b00 is an unknown value
RDX=0x000000cbe7bf36b0 is pointing into the stack for thread: 0x0000025f29129000
RSP=0x000000cbe7bf3600 is pointing into the stack for thread: 0x0000025f29129000
RBP=0x000000cbe7bf3740 is pointing into the stack for thread: 0x0000025f29129000
RSI=0x000000cbe7bf3738 is pointing into the stack for thread: 0x0000025f29129000
RDI=0x0000025f29129340 points into unknown readable memory: b0 3d 18 34 fb 7f 00 00
R8 =0x0000000000000042 is an unknown value
R9 =0x00000000efbe75e0 is an oop: org.usb4java.Device 
{0x00000000efbe75e0} - klass: 'org/usb4java/Device'
R10=0x0000000000000008 is an unknown value
R11=0x00007ffb341fe158 jvm.dll
R12=0x0 is NULL
R13={method} {0x0000025f47c75468} 'open' '(Lorg/usb4java/Device;Lorg/usb4java/DeviceHandle;)I' in 'org/usb4java/LibUsb'
R14=0x000000cbe7bf3740 is pointing into the stack for thread: 0x0000025f29129000
R15=0x0000025f29129000 is a thread


Registers:
RAX=0x0000025f299a1b00, RBX=0x00007ffb34183db0, RCX=0x0000025f299a1b00, RDX=0x000000cbe7bf36b0
RSP=0x000000cbe7bf3600, RBP=0x000000cbe7bf3740, RSI=0x000000cbe7bf3738, RDI=0x0000025f29129340
R8 =0x0000000000000042, R9 =0x00000000efbe75e0, R10=0x0000000000000008, R11=0x00007ffb341fe158
R12=0x0000000000000000, R13=0x0000025f47c75460, R14=0x000000cbe7bf3740, R15=0x0000025f29129000
RIP=0x00007ffb6d128123, EFLAGS=0x0000000000010206

Top of Stack: (sp=0x000000cbe7bf3600)
0x000000cbe7bf3600:   0000025f29129340 0000000000000002
0x000000cbe7bf3610:   0000025f29129000 000000cbe7bf3740
0x000000cbe7bf3620:   0000000000000000 000000cbe7bf3740
0x000000cbe7bf3630:   00007ffb6d1614b8 00007ffb6d126d45
0x000000cbe7bf3640:   0000025fa5740b07 0000025f29129340
0x000000cbe7bf3650:   000000cbe7bf3740 000000cbe7bf3740
0x000000cbe7bf3660:   0000025f29129340 00007ffb6d124e5a
0x000000cbe7bf3670:   0000025f299a1b00 000000cbe7bf36b0
0x000000cbe7bf3680:   000000cbe7bf3740 0000025f29129340
0x000000cbe7bf3690:   0000000000000002 0000025f3466f037
0x000000cbe7bf36a0:   0000025f47c75460 000000cbe7bf3718
0x000000cbe7bf36b0:   000000cbe7bf3c00 000000cbe7bf3c00
0x000000cbe7bf36c0:   0000025f23b51ef0 0000025f3466ecd6
0x000000cbe7bf36d0:   000000cbe7bf36d0 0000025f47c75460
0x000000cbe7bf36e0:   000000cbe7bf3740 0000025f47c79810
0x000000cbe7bf36f0:   0000000000000000 00000000efcb8a58 

Instructions: (pc=0x00007ffb6d128123)
0x00007ffb6d128103:   cc cc cc cc cc cc cc cc cc cc cc cc cc 48 89 54
0x00007ffb6d128113:   24 10 48 89 4c 24 08 48 83 ec 68 48 8b 44 24 70
0x00007ffb6d128123:   48 8b 40 30 48 89 44 24 50 48 8b 05 3d a0 03 00
0x00007ffb6d128133:   48 89 44 24 58 48 8b 44 24 70 0f b6 40 48 48 8b 


Stack slot to memory mapping:
stack at sp + 0 slots: 0x0000025f29129340 points into unknown readable memory: b0 3d 18 34 fb 7f 00 00
stack at sp + 1 slots: 0x0000000000000002 is an unknown value
stack at sp + 2 slots: 0x0000025f29129000 is a thread
stack at sp + 3 slots: 0x000000cbe7bf3740 is pointing into the stack for thread: 0x0000025f29129000
stack at sp + 4 slots: 0x0 is NULL
stack at sp + 5 slots: 0x000000cbe7bf3740 is pointing into the stack for thread: 0x0000025f29129000
stack at sp + 6 slots: 0x00007ffb6d1614b8 libusb4java.dll
stack at sp + 7 slots: 0x00007ffb6d126d45 libusb4java.dll


---------------  P R O C E S S  ---------------

Threads class SMR info:
_java_thread_list=0x0000025f2955f540, length=9, elements={
0x0000025f29129000, 0x0000025f2924b800, 0x0000025f296e8000, 0x0000025f296fd800,
0x0000025f296fe800, 0x0000025f293d8000, 0x0000025f29705000, 0x0000025f297fa800,
0x0000025f29809000
}

Java Threads: ( => current thread )
=>0x0000025f29129000 JavaThread "main" [_thread_in_native, id=8108, stack(0x000000cbe6c00000,0x000000cbe7c00000)]
  0x0000025f2924b800 JavaThread "Reference Handler" daemon [_thread_blocked, id=16468, stack(0x000000cbfac00000,0x000000cbfbc00000)]
  0x0000025f296e8000 JavaThread "Finalizer" daemon [_thread_blocked, id=16300, stack(0x000000cbfbc00000,0x000000cbfcc00000)]
  0x0000025f296fd800 JavaThread "Attach Listener" daemon [_thread_blocked, id=13096, stack(0x000000cbfcc00000,0x000000cbfdc00000)]
  0x0000025f296fe800 JavaThread "C2 CompilerThread0" daemon [_thread_blocked, id=11508, stack(0x000000cbfdc00000,0x000000cbfec00000)]
  0x0000025f293d8000 JavaThread "C1 CompilerThread0" daemon [_thread_blocked, id=9724, stack(0x000000cbfec00000,0x000000cbffc00000)]
  0x0000025f29705000 JavaThread "Sweeper thread" daemon [_thread_blocked, id=3352, stack(0x000000cb80000000,0x000000cb81000000)]
  0x0000025f297fa800 JavaThread "Service Thread" daemon [_thread_blocked, id=14060, stack(0x000000cb81000000,0x000000cb82000000)]
  0x0000025f29809000 JavaThread "Common-Cleaner" daemon [_thread_blocked, id=15880, stack(0x000000cb83000000,0x000000cb84000000)]

Other Threads:
  0x0000025f29248000 VMThread "VM Thread" [stack: 0x000000cbf9c00000,0x000000cbfac00000] [id=12920]
  0x0000025f29806800 WatcherThread [stack: 0x000000cb82000000,0x000000cb83000000] [id=18172]
  0x0000025f297a7800 GCTaskThread "GC Thread#0" [stack: 0x000000cbf4c00000,0x000000cbf5c00000] [id=13144]
  0x0000025f297d0800 ConcurrentGCThread "G1 Main Marker" [stack: 0x000000cbf5c00000,0x000000cbf6c00000] [id=11044]
  0x0000025f297d2000 ConcurrentGCThread "G1 Conc#0" [stack: 0x000000cbf6c00000,0x000000cbf7c00000] [id=16284]
  0x0000025f29654000 ConcurrentGCThread "G1 Refine#0" [stack: 0x000000cbf7c00000,0x000000cbf8c00000] [id=18156]
  0x0000025f291e6800 ConcurrentGCThread "G1 Young RemSet Sampling" [stack: 0x000000cbf8c00000,0x000000cbf9c00000] [id=14244]

Threads with active compile tasks:

VM state:not at safepoint (normal execution)

VM Mutex/Monitor currently owned by a thread: None

Heap address: 0x00000000e0000000, size: 512 MB, Compressed Oops mode: 32-bit
Narrow klass base: 0x0000000000000000, Narrow klass shift: 3
Compressed class space size: 1073741824 Address: 0x0000000100000000

Heap:
 garbage-first heap   total 260096K, used 3072K [0x00000000e0000000, 0x0000000100000000)
  region size 1024K, 4 young (4096K), 0 survivors (0K)
 Metaspace       used 7019K, capacity 7199K, committed 7424K, reserved 1056768K
  class space    used 632K, capacity 676K, committed 768K, reserved 1048576K
Heap Regions: E=young(eden), S=young(survivor), O=old, HS=humongous(starts), HC=humongous(continues), CS=collection set, F=free, A=archive, TAMS=top-at-mark-start (previous, next)
|   0|0x00000000e0000000, 0x00000000e0000000, 0x00000000e0100000|  0%| F|  |TAMS 0x00000000e0000000, 0x00000000e0000000| Untracked 
|   1|0x00000000e0100000, 0x00000000e0100000, 0x00000000e0200000|  0%| F|  |TAMS 0x00000000e0100000, 0x00000000e0100000| Untracked 
|   2|0x00000000e0200000, 0x00000000e0200000, 0x00000000e0300000|  0%| F|  |TAMS 0x00000000e0200000, 0x00000000e0200000| Untracked 
|   3|0x00000000e0300000, 0x00000000e0300000, 0x00000000e0400000|  0%| F|  |TAMS 0x00000000e0300000, 0x00000000e0300000| Untracked 
|   4|0x00000000e0400000, 0x00000000e0400000, 0x00000000e0500000|  0%| F|  |TAMS 0x00000000e0400000, 0x00000000e0400000| Untracked 
|   5|0x00000000e0500000, 0x00000000e0500000, 0x00000000e0600000|  0%| F|  |TAMS 0x00000000e0500000, 0x00000000e0500000| Untracked 
|   6|0x00000000e0600000, 0x00000000e0600000, 0x00000000e0700000|  0%| F|  |TAMS 0x00000000e0600000, 0x00000000e0600000| Untracked 
|   7|0x00000000e0700000, 0x00000000e0700000, 0x00000000e0800000|  0%| F|  |TAMS 0x00000000e0700000, 0x00000000e0700000| Untracked 
|   8|0x00000000e0800000, 0x00000000e0800000, 0x00000000e0900000|  0%| F|  |TAMS 0x00000000e0800000, 0x00000000e0800000| Untracked 
|   9|0x00000000e0900000, 0x00000000e0900000, 0x00000000e0a00000|  0%| F|  |TAMS 0x00000000e0900000, 0x00000000e0900000| Untracked 
|  10|0x00000000e0a00000, 0x00000000e0a00000, 0x00000000e0b00000|  0%| F|  |TAMS 0x00000000e0a00000, 0x00000000e0a00000| Untracked 
|  11|0x00000000e0b00000, 0x00000000e0b00000, 0x00000000e0c00000|  0%| F|  |TAMS 0x00000000e0b00000, 0x00000000e0b00000| Untracked 
|  12|0x00000000e0c00000, 0x00000000e0c00000, 0x00000000e0d00000|  0%| F|  |TAMS 0x00000000e0c00000, 0x00000000e0c00000| Untracked 
|  13|0x00000000e0d00000, 0x00000000e0d00000, 0x00000000e0e00000|  0%| F|  |TAMS 0x00000000e0d00000, 0x00000000e0d00000| Untracked 
|  14|0x00000000e0e00000, 0x00000000e0e00000, 0x00000000e0f00000|  0%| F|  |TAMS 0x00000000e0e00000, 0x00000000e0e00000| Untracked 
|  15|0x00000000e0f00000, 0x00000000e0f00000, 0x00000000e1000000|  0%| F|  |TAMS 0x00000000e0f00000, 0x00000000e0f00000| Untracked 
|  16|0x00000000e1000000, 0x00000000e1000000, 0x00000000e1100000|  0%| F|  |TAMS 0x00000000e1000000, 0x00000000e1000000| Untracked 
|  17|0x00000000e1100000, 0x00000000e1100000, 0x00000000e1200000|  0%| F|  |TAMS 0x00000000e1100000, 0x00000000e1100000| Untracked 
|  18|0x00000000e1200000, 0x00000000e1200000, 0x00000000e1300000|  0%| F|  |TAMS 0x00000000e1200000, 0x00000000e1200000| Untracked 
|  19|0x00000000e1300000, 0x00000000e1300000, 0x00000000e1400000|  0%| F|  |TAMS 0x00000000e1300000, 0x00000000e1300000| Untracked 
|  20|0x00000000e1400000, 0x00000000e1400000, 0x00000000e1500000|  0%| F|  |TAMS 0x00000000e1400000, 0x00000000e1400000| Untracked 
|  21|0x00000000e1500000, 0x00000000e1500000, 0x00000000e1600000|  0%| F|  |TAMS 0x00000000e1500000, 0x00000000e1500000| Untracked 
|  22|0x00000000e1600000, 0x00000000e1600000, 0x00000000e1700000|  0%| F|  |TAMS 0x00000000e1600000, 0x00000000e1600000| Untracked 
|  23|0x00000000e1700000, 0x00000000e1700000, 0x00000000e1800000|  0%| F|  |TAMS 0x00000000e1700000, 0x00000000e1700000| Untracked 
|  24|0x00000000e1800000, 0x00000000e1800000, 0x00000000e1900000|  0%| F|  |TAMS 0x00000000e1800000, 0x00000000e1800000| Untracked 
|  25|0x00000000e1900000, 0x00000000e1900000, 0x00000000e1a00000|  0%| F|  |TAMS 0x00000000e1900000, 0x00000000e1900000| Untracked 
|  26|0x00000000e1a00000, 0x00000000e1a00000, 0x00000000e1b00000|  0%| F|  |TAMS 0x00000000e1a00000, 0x00000000e1a00000| Untracked 
|  27|0x00000000e1b00000, 0x00000000e1b00000, 0x00000000e1c00000|  0%| F|  |TAMS 0x00000000e1b00000, 0x00000000e1b00000| Untracked 
|  28|0x00000000e1c00000, 0x00000000e1c00000, 0x00000000e1d00000|  0%| F|  |TAMS 0x00000000e1c00000, 0x00000000e1c00000| Untracked 
|  29|0x00000000e1d00000, 0x00000000e1d00000, 0x00000000e1e00000|  0%| F|  |TAMS 0x00000000e1d00000, 0x00000000e1d00000| Untracked 
|  30|0x00000000e1e00000, 0x00000000e1e00000, 0x00000000e1f00000|  0%| F|  |TAMS 0x00000000e1e00000, 0x00000000e1e00000| Untracked 
|  31|0x00000000e1f00000, 0x00000000e1f00000, 0x00000000e2000000|  0%| F|  |TAMS 0x00000000e1f00000, 0x00000000e1f00000| Untracked 
|  32|0x00000000e2000000, 0x00000000e2000000, 0x00000000e2100000|  0%| F|  |TAMS 0x00000000e2000000, 0x00000000e2000000| Untracked 
|  33|0x00000000e2100000, 0x00000000e2100000, 0x00000000e2200000|  0%| F|  |TAMS 0x00000000e2100000, 0x00000000e2100000| Untracked 
|  34|0x00000000e2200000, 0x00000000e2200000, 0x00000000e2300000|  0%| F|  |TAMS 0x00000000e2200000, 0x00000000e2200000| Untracked 
|  35|0x00000000e2300000, 0x00000000e2300000, 0x00000000e2400000|  0%| F|  |TAMS 0x00000000e2300000, 0x00000000e2300000| Untracked 
|  36|0x00000000e2400000, 0x00000000e2400000, 0x00000000e2500000|  0%| F|  |TAMS 0x00000000e2400000, 0x00000000e2400000| Untracked 
|  37|0x00000000e2500000, 0x00000000e2500000, 0x00000000e2600000|  0%| F|  |TAMS 0x00000000e2500000, 0x00000000e2500000| Untracked 
|  38|0x00000000e2600000, 0x00000000e2600000, 0x00000000e2700000|  0%| F|  |TAMS 0x00000000e2600000, 0x00000000e2600000| Untracked 
|  39|0x00000000e2700000, 0x00000000e2700000, 0x00000000e2800000|  0%| F|  |TAMS 0x00000000e2700000, 0x00000000e2700000| Untracked 
|  40|0x00000000e2800000, 0x00000000e2800000, 0x00000000e2900000|  0%| F|  |TAMS 0x00000000e2800000, 0x00000000e2800000| Untracked 
|  41|0x00000000e2900000, 0x00000000e2900000, 0x00000000e2a00000|  0%| F|  |TAMS 0x00000000e2900000, 0x00000000e2900000| Untracked 
|  42|0x00000000e2a00000, 0x00000000e2a00000, 0x00000000e2b00000|  0%| F|  |TAMS 0x00000000e2a00000, 0x00000000e2a00000| Untracked 
|  43|0x00000000e2b00000, 0x00000000e2b00000, 0x00000000e2c00000|  0%| F|  |TAMS 0x00000000e2b00000, 0x00000000e2b00000| Untracked 
|  44|0x00000000e2c00000, 0x00000000e2c00000, 0x00000000e2d00000|  0%| F|  |TAMS 0x00000000e2c00000, 0x00000000e2c00000| Untracked 
|  45|0x00000000e2d00000, 0x00000000e2d00000, 0x00000000e2e00000|  0%| F|  |TAMS 0x00000000e2d00000, 0x00000000e2d00000| Untracked 
|  46|0x00000000e2e00000, 0x00000000e2e00000, 0x00000000e2f00000|  0%| F|  |TAMS 0x00000000e2e00000, 0x00000000e2e00000| Untracked 
|  47|0x00000000e2f00000, 0x00000000e2f00000, 0x00000000e3000000|  0%| F|  |TAMS 0x00000000e2f00000, 0x00000000e2f00000| Untracked 
|  48|0x00000000e3000000, 0x00000000e3000000, 0x00000000e3100000|  0%| F|  |TAMS 0x00000000e3000000, 0x00000000e3000000| Untracked 
|  49|0x00000000e3100000, 0x00000000e3100000, 0x00000000e3200000|  0%| F|  |TAMS 0x00000000e3100000, 0x00000000e3100000| Untracked 
|  50|0x00000000e3200000, 0x00000000e3200000, 0x00000000e3300000|  0%| F|  |TAMS 0x00000000e3200000, 0x00000000e3200000| Untracked 
|  51|0x00000000e3300000, 0x00000000e3300000, 0x00000000e3400000|  0%| F|  |TAMS 0x00000000e3300000, 0x00000000e3300000| Untracked 
|  52|0x00000000e3400000, 0x00000000e3400000, 0x00000000e3500000|  0%| F|  |TAMS 0x00000000e3400000, 0x00000000e3400000| Untracked 
|  53|0x00000000e3500000, 0x00000000e3500000, 0x00000000e3600000|  0%| F|  |TAMS 0x00000000e3500000, 0x00000000e3500000| Untracked 
|  54|0x00000000e3600000, 0x00000000e3600000, 0x00000000e3700000|  0%| F|  |TAMS 0x00000000e3600000, 0x00000000e3600000| Untracked 
|  55|0x00000000e3700000, 0x00000000e3700000, 0x00000000e3800000|  0%| F|  |TAMS 0x00000000e3700000, 0x00000000e3700000| Untracked 
|  56|0x00000000e3800000, 0x00000000e3800000, 0x00000000e3900000|  0%| F|  |TAMS 0x00000000e3800000, 0x00000000e3800000| Untracked 
|  57|0x00000000e3900000, 0x00000000e3900000, 0x00000000e3a00000|  0%| F|  |TAMS 0x00000000e3900000, 0x00000000e3900000| Untracked 
|  58|0x00000000e3a00000, 0x00000000e3a00000, 0x00000000e3b00000|  0%| F|  |TAMS 0x00000000e3a00000, 0x00000000e3a00000| Untracked 
|  59|0x00000000e3b00000, 0x00000000e3b00000, 0x00000000e3c00000|  0%| F|  |TAMS 0x00000000e3b00000, 0x00000000e3b00000| Untracked 
|  60|0x00000000e3c00000, 0x00000000e3c00000, 0x00000000e3d00000|  0%| F|  |TAMS 0x00000000e3c00000, 0x00000000e3c00000| Untracked 
|  61|0x00000000e3d00000, 0x00000000e3d00000, 0x00000000e3e00000|  0%| F|  |TAMS 0x00000000e3d00000, 0x00000000e3d00000| Untracked 
|  62|0x00000000e3e00000, 0x00000000e3e00000, 0x00000000e3f00000|  0%| F|  |TAMS 0x00000000e3e00000, 0x00000000e3e00000| Untracked 
|  63|0x00000000e3f00000, 0x00000000e3f00000, 0x00000000e4000000|  0%| F|  |TAMS 0x00000000e3f00000, 0x00000000e3f00000| Untracked 
|  64|0x00000000e4000000, 0x00000000e4000000, 0x00000000e4100000|  0%| F|  |TAMS 0x00000000e4000000, 0x00000000e4000000| Untracked 
|  65|0x00000000e4100000, 0x00000000e4100000, 0x00000000e4200000|  0%| F|  |TAMS 0x00000000e4100000, 0x00000000e4100000| Untracked 
|  66|0x00000000e4200000, 0x00000000e4200000, 0x00000000e4300000|  0%| F|  |TAMS 0x00000000e4200000, 0x00000000e4200000| Untracked 
|  67|0x00000000e4300000, 0x00000000e4300000, 0x00000000e4400000|  0%| F|  |TAMS 0x00000000e4300000, 0x00000000e4300000| Untracked 
|  68|0x00000000e4400000, 0x00000000e4400000, 0x00000000e4500000|  0%| F|  |TAMS 0x00000000e4400000, 0x00000000e4400000| Untracked 
|  69|0x00000000e4500000, 0x00000000e4500000, 0x00000000e4600000|  0%| F|  |TAMS 0x00000000e4500000, 0x00000000e4500000| Untracked 
|  70|0x00000000e4600000, 0x00000000e4600000, 0x00000000e4700000|  0%| F|  |TAMS 0x00000000e4600000, 0x00000000e4600000| Untracked 
|  71|0x00000000e4700000, 0x00000000e4700000, 0x00000000e4800000|  0%| F|  |TAMS 0x00000000e4700000, 0x00000000e4700000| Untracked 
|  72|0x00000000e4800000, 0x00000000e4800000, 0x00000000e4900000|  0%| F|  |TAMS 0x00000000e4800000, 0x00000000e4800000| Untracked 
|  73|0x00000000e4900000, 0x00000000e4900000, 0x00000000e4a00000|  0%| F|  |TAMS 0x00000000e4900000, 0x00000000e4900000| Untracked 
|  74|0x00000000e4a00000, 0x00000000e4a00000, 0x00000000e4b00000|  0%| F|  |TAMS 0x00000000e4a00000, 0x00000000e4a00000| Untracked 
|  75|0x00000000e4b00000, 0x00000000e4b00000, 0x00000000e4c00000|  0%| F|  |TAMS 0x00000000e4b00000, 0x00000000e4b00000| Untracked 
|  76|0x00000000e4c00000, 0x00000000e4c00000, 0x00000000e4d00000|  0%| F|  |TAMS 0x00000000e4c00000, 0x00000000e4c00000| Untracked 
|  77|0x00000000e4d00000, 0x00000000e4d00000, 0x00000000e4e00000|  0%| F|  |TAMS 0x00000000e4d00000, 0x00000000e4d00000| Untracked 
|  78|0x00000000e4e00000, 0x00000000e4e00000, 0x00000000e4f00000|  0%| F|  |TAMS 0x00000000e4e00000, 0x00000000e4e00000| Untracked 
|  79|0x00000000e4f00000, 0x00000000e4f00000, 0x00000000e5000000|  0%| F|  |TAMS 0x00000000e4f00000, 0x00000000e4f00000| Untracked 
|  80|0x00000000e5000000, 0x00000000e5000000, 0x00000000e5100000|  0%| F|  |TAMS 0x00000000e5000000, 0x00000000e5000000| Untracked 
|  81|0x00000000e5100000, 0x00000000e5100000, 0x00000000e5200000|  0%| F|  |TAMS 0x00000000e5100000, 0x00000000e5100000| Untracked 
|  82|0x00000000e5200000, 0x00000000e5200000, 0x00000000e5300000|  0%| F|  |TAMS 0x00000000e5200000, 0x00000000e5200000| Untracked 
|  83|0x00000000e5300000, 0x00000000e5300000, 0x00000000e5400000|  0%| F|  |TAMS 0x00000000e5300000, 0x00000000e5300000| Untracked 
|  84|0x00000000e5400000, 0x00000000e5400000, 0x00000000e5500000|  0%| F|  |TAMS 0x00000000e5400000, 0x00000000e5400000| Untracked 
|  85|0x00000000e5500000, 0x00000000e5500000, 0x00000000e5600000|  0%| F|  |TAMS 0x00000000e5500000, 0x00000000e5500000| Untracked 
|  86|0x00000000e5600000, 0x00000000e5600000, 0x00000000e5700000|  0%| F|  |TAMS 0x00000000e5600000, 0x00000000e5600000| Untracked 
|  87|0x00000000e5700000, 0x00000000e5700000, 0x00000000e5800000|  0%| F|  |TAMS 0x00000000e5700000, 0x00000000e5700000| Untracked 
|  88|0x00000000e5800000, 0x00000000e5800000, 0x00000000e5900000|  0%| F|  |TAMS 0x00000000e5800000, 0x00000000e5800000| Untracked 
|  89|0x00000000e5900000, 0x00000000e5900000, 0x00000000e5a00000|  0%| F|  |TAMS 0x00000000e5900000, 0x00000000e5900000| Untracked 
|  90|0x00000000e5a00000, 0x00000000e5a00000, 0x00000000e5b00000|  0%| F|  |TAMS 0x00000000e5a00000, 0x00000000e5a00000| Untracked 
|  91|0x00000000e5b00000, 0x00000000e5b00000, 0x00000000e5c00000|  0%| F|  |TAMS 0x00000000e5b00000, 0x00000000e5b00000| Untracked 
|  92|0x00000000e5c00000, 0x00000000e5c00000, 0x00000000e5d00000|  0%| F|  |TAMS 0x00000000e5c00000, 0x00000000e5c00000| Untracked 
|  93|0x00000000e5d00000, 0x00000000e5d00000, 0x00000000e5e00000|  0%| F|  |TAMS 0x00000000e5d00000, 0x00000000e5d00000| Untracked 
|  94|0x00000000e5e00000, 0x00000000e5e00000, 0x00000000e5f00000|  0%| F|  |TAMS 0x00000000e5e00000, 0x00000000e5e00000| Untracked 
|  95|0x00000000e5f00000, 0x00000000e5f00000, 0x00000000e6000000|  0%| F|  |TAMS 0x00000000e5f00000, 0x00000000e5f00000| Untracked 
|  96|0x00000000e6000000, 0x00000000e6000000, 0x00000000e6100000|  0%| F|  |TAMS 0x00000000e6000000, 0x00000000e6000000| Untracked 
|  97|0x00000000e6100000, 0x00000000e6100000, 0x00000000e6200000|  0%| F|  |TAMS 0x00000000e6100000, 0x00000000e6100000| Untracked 
|  98|0x00000000e6200000, 0x00000000e6200000, 0x00000000e6300000|  0%| F|  |TAMS 0x00000000e6200000, 0x00000000e6200000| Untracked 
|  99|0x00000000e6300000, 0x00000000e6300000, 0x00000000e6400000|  0%| F|  |TAMS 0x00000000e6300000, 0x00000000e6300000| Untracked 
| 100|0x00000000e6400000, 0x00000000e6400000, 0x00000000e6500000|  0%| F|  |TAMS 0x00000000e6400000, 0x00000000e6400000| Untracked 
| 101|0x00000000e6500000, 0x00000000e6500000, 0x00000000e6600000|  0%| F|  |TAMS 0x00000000e6500000, 0x00000000e6500000| Untracked 
| 102|0x00000000e6600000, 0x00000000e6600000, 0x00000000e6700000|  0%| F|  |TAMS 0x00000000e6600000, 0x00000000e6600000| Untracked 
| 103|0x00000000e6700000, 0x00000000e6700000, 0x00000000e6800000|  0%| F|  |TAMS 0x00000000e6700000, 0x00000000e6700000| Untracked 
| 104|0x00000000e6800000, 0x00000000e6800000, 0x00000000e6900000|  0%| F|  |TAMS 0x00000000e6800000, 0x00000000e6800000| Untracked 
| 105|0x00000000e6900000, 0x00000000e6900000, 0x00000000e6a00000|  0%| F|  |TAMS 0x00000000e6900000, 0x00000000e6900000| Untracked 
| 106|0x00000000e6a00000, 0x00000000e6a00000, 0x00000000e6b00000|  0%| F|  |TAMS 0x00000000e6a00000, 0x00000000e6a00000| Untracked 
| 107|0x00000000e6b00000, 0x00000000e6b00000, 0x00000000e6c00000|  0%| F|  |TAMS 0x00000000e6b00000, 0x00000000e6b00000| Untracked 
| 108|0x00000000e6c00000, 0x00000000e6c00000, 0x00000000e6d00000|  0%| F|  |TAMS 0x00000000e6c00000, 0x00000000e6c00000| Untracked 
| 109|0x00000000e6d00000, 0x00000000e6d00000, 0x00000000e6e00000|  0%| F|  |TAMS 0x00000000e6d00000, 0x00000000e6d00000| Untracked 
| 110|0x00000000e6e00000, 0x00000000e6e00000, 0x00000000e6f00000|  0%| F|  |TAMS 0x00000000e6e00000, 0x00000000e6e00000| Untracked 
| 111|0x00000000e6f00000, 0x00000000e6f00000, 0x00000000e7000000|  0%| F|  |TAMS 0x00000000e6f00000, 0x00000000e6f00000| Untracked 
| 112|0x00000000e7000000, 0x00000000e7000000, 0x00000000e7100000|  0%| F|  |TAMS 0x00000000e7000000, 0x00000000e7000000| Untracked 
| 113|0x00000000e7100000, 0x00000000e7100000, 0x00000000e7200000|  0%| F|  |TAMS 0x00000000e7100000, 0x00000000e7100000| Untracked 
| 114|0x00000000e7200000, 0x00000000e7200000, 0x00000000e7300000|  0%| F|  |TAMS 0x00000000e7200000, 0x00000000e7200000| Untracked 
| 115|0x00000000e7300000, 0x00000000e7300000, 0x00000000e7400000|  0%| F|  |TAMS 0x00000000e7300000, 0x00000000e7300000| Untracked 
| 116|0x00000000e7400000, 0x00000000e7400000, 0x00000000e7500000|  0%| F|  |TAMS 0x00000000e7400000, 0x00000000e7400000| Untracked 
| 117|0x00000000e7500000, 0x00000000e7500000, 0x00000000e7600000|  0%| F|  |TAMS 0x00000000e7500000, 0x00000000e7500000| Untracked 
| 118|0x00000000e7600000, 0x00000000e7600000, 0x00000000e7700000|  0%| F|  |TAMS 0x00000000e7600000, 0x00000000e7600000| Untracked 
| 119|0x00000000e7700000, 0x00000000e7700000, 0x00000000e7800000|  0%| F|  |TAMS 0x00000000e7700000, 0x00000000e7700000| Untracked 
| 120|0x00000000e7800000, 0x00000000e7800000, 0x00000000e7900000|  0%| F|  |TAMS 0x00000000e7800000, 0x00000000e7800000| Untracked 
| 121|0x00000000e7900000, 0x00000000e7900000, 0x00000000e7a00000|  0%| F|  |TAMS 0x00000000e7900000, 0x00000000e7900000| Untracked 
| 122|0x00000000e7a00000, 0x00000000e7a00000, 0x00000000e7b00000|  0%| F|  |TAMS 0x00000000e7a00000, 0x00000000e7a00000| Untracked 
| 123|0x00000000e7b00000, 0x00000000e7b00000, 0x00000000e7c00000|  0%| F|  |TAMS 0x00000000e7b00000, 0x00000000e7b00000| Untracked 
| 124|0x00000000e7c00000, 0x00000000e7c00000, 0x00000000e7d00000|  0%| F|  |TAMS 0x00000000e7c00000, 0x00000000e7c00000| Untracked 
| 125|0x00000000e7d00000, 0x00000000e7d00000, 0x00000000e7e00000|  0%| F|  |TAMS 0x00000000e7d00000, 0x00000000e7d00000| Untracked 
| 126|0x00000000e7e00000, 0x00000000e7e00000, 0x00000000e7f00000|  0%| F|  |TAMS 0x00000000e7e00000, 0x00000000e7e00000| Untracked 
| 127|0x00000000e7f00000, 0x00000000e7f00000, 0x00000000e8000000|  0%| F|  |TAMS 0x00000000e7f00000, 0x00000000e7f00000| Untracked 
| 128|0x00000000e8000000, 0x00000000e8000000, 0x00000000e8100000|  0%| F|  |TAMS 0x00000000e8000000, 0x00000000e8000000| Untracked 
| 129|0x00000000e8100000, 0x00000000e8100000, 0x00000000e8200000|  0%| F|  |TAMS 0x00000000e8100000, 0x00000000e8100000| Untracked 
| 130|0x00000000e8200000, 0x00000000e8200000, 0x00000000e8300000|  0%| F|  |TAMS 0x00000000e8200000, 0x00000000e8200000| Untracked 
| 131|0x00000000e8300000, 0x00000000e8300000, 0x00000000e8400000|  0%| F|  |TAMS 0x00000000e8300000, 0x00000000e8300000| Untracked 
| 132|0x00000000e8400000, 0x00000000e8400000, 0x00000000e8500000|  0%| F|  |TAMS 0x00000000e8400000, 0x00000000e8400000| Untracked 
| 133|0x00000000e8500000, 0x00000000e8500000, 0x00000000e8600000|  0%| F|  |TAMS 0x00000000e8500000, 0x00000000e8500000| Untracked 
| 134|0x00000000e8600000, 0x00000000e8600000, 0x00000000e8700000|  0%| F|  |TAMS 0x00000000e8600000, 0x00000000e8600000| Untracked 
| 135|0x00000000e8700000, 0x00000000e8700000, 0x00000000e8800000|  0%| F|  |TAMS 0x00000000e8700000, 0x00000000e8700000| Untracked 
| 136|0x00000000e8800000, 0x00000000e8800000, 0x00000000e8900000|  0%| F|  |TAMS 0x00000000e8800000, 0x00000000e8800000| Untracked 
| 137|0x00000000e8900000, 0x00000000e8900000, 0x00000000e8a00000|  0%| F|  |TAMS 0x00000000e8900000, 0x00000000e8900000| Untracked 
| 138|0x00000000e8a00000, 0x00000000e8a00000, 0x00000000e8b00000|  0%| F|  |TAMS 0x00000000e8a00000, 0x00000000e8a00000| Untracked 
| 139|0x00000000e8b00000, 0x00000000e8b00000, 0x00000000e8c00000|  0%| F|  |TAMS 0x00000000e8b00000, 0x00000000e8b00000| Untracked 
| 140|0x00000000e8c00000, 0x00000000e8c00000, 0x00000000e8d00000|  0%| F|  |TAMS 0x00000000e8c00000, 0x00000000e8c00000| Untracked 
| 141|0x00000000e8d00000, 0x00000000e8d00000, 0x00000000e8e00000|  0%| F|  |TAMS 0x00000000e8d00000, 0x00000000e8d00000| Untracked 
| 142|0x00000000e8e00000, 0x00000000e8e00000, 0x00000000e8f00000|  0%| F|  |TAMS 0x00000000e8e00000, 0x00000000e8e00000| Untracked 
| 143|0x00000000e8f00000, 0x00000000e8f00000, 0x00000000e9000000|  0%| F|  |TAMS 0x00000000e8f00000, 0x00000000e8f00000| Untracked 
| 144|0x00000000e9000000, 0x00000000e9000000, 0x00000000e9100000|  0%| F|  |TAMS 0x00000000e9000000, 0x00000000e9000000| Untracked 
| 145|0x00000000e9100000, 0x00000000e9100000, 0x00000000e9200000|  0%| F|  |TAMS 0x00000000e9100000, 0x00000000e9100000| Untracked 
| 146|0x00000000e9200000, 0x00000000e9200000, 0x00000000e9300000|  0%| F|  |TAMS 0x00000000e9200000, 0x00000000e9200000| Untracked 
| 147|0x00000000e9300000, 0x00000000e9300000, 0x00000000e9400000|  0%| F|  |TAMS 0x00000000e9300000, 0x00000000e9300000| Untracked 
| 148|0x00000000e9400000, 0x00000000e9400000, 0x00000000e9500000|  0%| F|  |TAMS 0x00000000e9400000, 0x00000000e9400000| Untracked 
| 149|0x00000000e9500000, 0x00000000e9500000, 0x00000000e9600000|  0%| F|  |TAMS 0x00000000e9500000, 0x00000000e9500000| Untracked 
| 150|0x00000000e9600000, 0x00000000e9600000, 0x00000000e9700000|  0%| F|  |TAMS 0x00000000e9600000, 0x00000000e9600000| Untracked 
| 151|0x00000000e9700000, 0x00000000e9700000, 0x00000000e9800000|  0%| F|  |TAMS 0x00000000e9700000, 0x00000000e9700000| Untracked 
| 152|0x00000000e9800000, 0x00000000e9800000, 0x00000000e9900000|  0%| F|  |TAMS 0x00000000e9800000, 0x00000000e9800000| Untracked 
| 153|0x00000000e9900000, 0x00000000e9900000, 0x00000000e9a00000|  0%| F|  |TAMS 0x00000000e9900000, 0x00000000e9900000| Untracked 
| 154|0x00000000e9a00000, 0x00000000e9a00000, 0x00000000e9b00000|  0%| F|  |TAMS 0x00000000e9a00000, 0x00000000e9a00000| Untracked 
| 155|0x00000000e9b00000, 0x00000000e9b00000, 0x00000000e9c00000|  0%| F|  |TAMS 0x00000000e9b00000, 0x00000000e9b00000| Untracked 
| 156|0x00000000e9c00000, 0x00000000e9c00000, 0x00000000e9d00000|  0%| F|  |TAMS 0x00000000e9c00000, 0x00000000e9c00000| Untracked 
| 157|0x00000000e9d00000, 0x00000000e9d00000, 0x00000000e9e00000|  0%| F|  |TAMS 0x00000000e9d00000, 0x00000000e9d00000| Untracked 
| 158|0x00000000e9e00000, 0x00000000e9e00000, 0x00000000e9f00000|  0%| F|  |TAMS 0x00000000e9e00000, 0x00000000e9e00000| Untracked 
| 159|0x00000000e9f00000, 0x00000000e9f00000, 0x00000000ea000000|  0%| F|  |TAMS 0x00000000e9f00000, 0x00000000e9f00000| Untracked 
| 160|0x00000000ea000000, 0x00000000ea000000, 0x00000000ea100000|  0%| F|  |TAMS 0x00000000ea000000, 0x00000000ea000000| Untracked 
| 161|0x00000000ea100000, 0x00000000ea100000, 0x00000000ea200000|  0%| F|  |TAMS 0x00000000ea100000, 0x00000000ea100000| Untracked 
| 162|0x00000000ea200000, 0x00000000ea200000, 0x00000000ea300000|  0%| F|  |TAMS 0x00000000ea200000, 0x00000000ea200000| Untracked 
| 163|0x00000000ea300000, 0x00000000ea300000, 0x00000000ea400000|  0%| F|  |TAMS 0x00000000ea300000, 0x00000000ea300000| Untracked 
| 164|0x00000000ea400000, 0x00000000ea400000, 0x00000000ea500000|  0%| F|  |TAMS 0x00000000ea400000, 0x00000000ea400000| Untracked 
| 165|0x00000000ea500000, 0x00000000ea500000, 0x00000000ea600000|  0%| F|  |TAMS 0x00000000ea500000, 0x00000000ea500000| Untracked 
| 166|0x00000000ea600000, 0x00000000ea600000, 0x00000000ea700000|  0%| F|  |TAMS 0x00000000ea600000, 0x00000000ea600000| Untracked 
| 167|0x00000000ea700000, 0x00000000ea700000, 0x00000000ea800000|  0%| F|  |TAMS 0x00000000ea700000, 0x00000000ea700000| Untracked 
| 168|0x00000000ea800000, 0x00000000ea800000, 0x00000000ea900000|  0%| F|  |TAMS 0x00000000ea800000, 0x00000000ea800000| Untracked 
| 169|0x00000000ea900000, 0x00000000ea900000, 0x00000000eaa00000|  0%| F|  |TAMS 0x00000000ea900000, 0x00000000ea900000| Untracked 
| 170|0x00000000eaa00000, 0x00000000eaa00000, 0x00000000eab00000|  0%| F|  |TAMS 0x00000000eaa00000, 0x00000000eaa00000| Untracked 
| 171|0x00000000eab00000, 0x00000000eab00000, 0x00000000eac00000|  0%| F|  |TAMS 0x00000000eab00000, 0x00000000eab00000| Untracked 
| 172|0x00000000eac00000, 0x00000000eac00000, 0x00000000ead00000|  0%| F|  |TAMS 0x00000000eac00000, 0x00000000eac00000| Untracked 
| 173|0x00000000ead00000, 0x00000000ead00000, 0x00000000eae00000|  0%| F|  |TAMS 0x00000000ead00000, 0x00000000ead00000| Untracked 
| 174|0x00000000eae00000, 0x00000000eae00000, 0x00000000eaf00000|  0%| F|  |TAMS 0x00000000eae00000, 0x00000000eae00000| Untracked 
| 175|0x00000000eaf00000, 0x00000000eaf00000, 0x00000000eb000000|  0%| F|  |TAMS 0x00000000eaf00000, 0x00000000eaf00000| Untracked 
| 176|0x00000000eb000000, 0x00000000eb000000, 0x00000000eb100000|  0%| F|  |TAMS 0x00000000eb000000, 0x00000000eb000000| Untracked 
| 177|0x00000000eb100000, 0x00000000eb100000, 0x00000000eb200000|  0%| F|  |TAMS 0x00000000eb100000, 0x00000000eb100000| Untracked 
| 178|0x00000000eb200000, 0x00000000eb200000, 0x00000000eb300000|  0%| F|  |TAMS 0x00000000eb200000, 0x00000000eb200000| Untracked 
| 179|0x00000000eb300000, 0x00000000eb300000, 0x00000000eb400000|  0%| F|  |TAMS 0x00000000eb300000, 0x00000000eb300000| Untracked 
| 180|0x00000000eb400000, 0x00000000eb400000, 0x00000000eb500000|  0%| F|  |TAMS 0x00000000eb400000, 0x00000000eb400000| Untracked 
| 181|0x00000000eb500000, 0x00000000eb500000, 0x00000000eb600000|  0%| F|  |TAMS 0x00000000eb500000, 0x00000000eb500000| Untracked 
| 182|0x00000000eb600000, 0x00000000eb600000, 0x00000000eb700000|  0%| F|  |TAMS 0x00000000eb600000, 0x00000000eb600000| Untracked 
| 183|0x00000000eb700000, 0x00000000eb700000, 0x00000000eb800000|  0%| F|  |TAMS 0x00000000eb700000, 0x00000000eb700000| Untracked 
| 184|0x00000000eb800000, 0x00000000eb800000, 0x00000000eb900000|  0%| F|  |TAMS 0x00000000eb800000, 0x00000000eb800000| Untracked 
| 185|0x00000000eb900000, 0x00000000eb900000, 0x00000000eba00000|  0%| F|  |TAMS 0x00000000eb900000, 0x00000000eb900000| Untracked 
| 186|0x00000000eba00000, 0x00000000eba00000, 0x00000000ebb00000|  0%| F|  |TAMS 0x00000000eba00000, 0x00000000eba00000| Untracked 
| 187|0x00000000ebb00000, 0x00000000ebb00000, 0x00000000ebc00000|  0%| F|  |TAMS 0x00000000ebb00000, 0x00000000ebb00000| Untracked 
| 188|0x00000000ebc00000, 0x00000000ebc00000, 0x00000000ebd00000|  0%| F|  |TAMS 0x00000000ebc00000, 0x00000000ebc00000| Untracked 
| 189|0x00000000ebd00000, 0x00000000ebd00000, 0x00000000ebe00000|  0%| F|  |TAMS 0x00000000ebd00000, 0x00000000ebd00000| Untracked 
| 190|0x00000000ebe00000, 0x00000000ebe00000, 0x00000000ebf00000|  0%| F|  |TAMS 0x00000000ebe00000, 0x00000000ebe00000| Untracked 
| 191|0x00000000ebf00000, 0x00000000ebf00000, 0x00000000ec000000|  0%| F|  |TAMS 0x00000000ebf00000, 0x00000000ebf00000| Untracked 
| 192|0x00000000ec000000, 0x00000000ec000000, 0x00000000ec100000|  0%| F|  |TAMS 0x00000000ec000000, 0x00000000ec000000| Untracked 
| 193|0x00000000ec100000, 0x00000000ec100000, 0x00000000ec200000|  0%| F|  |TAMS 0x00000000ec100000, 0x00000000ec100000| Untracked 
| 194|0x00000000ec200000, 0x00000000ec200000, 0x00000000ec300000|  0%| F|  |TAMS 0x00000000ec200000, 0x00000000ec200000| Untracked 
| 195|0x00000000ec300000, 0x00000000ec300000, 0x00000000ec400000|  0%| F|  |TAMS 0x00000000ec300000, 0x00000000ec300000| Untracked 
| 196|0x00000000ec400000, 0x00000000ec400000, 0x00000000ec500000|  0%| F|  |TAMS 0x00000000ec400000, 0x00000000ec400000| Untracked 
| 197|0x00000000ec500000, 0x00000000ec500000, 0x00000000ec600000|  0%| F|  |TAMS 0x00000000ec500000, 0x00000000ec500000| Untracked 
| 198|0x00000000ec600000, 0x00000000ec600000, 0x00000000ec700000|  0%| F|  |TAMS 0x00000000ec600000, 0x00000000ec600000| Untracked 
| 199|0x00000000ec700000, 0x00000000ec700000, 0x00000000ec800000|  0%| F|  |TAMS 0x00000000ec700000, 0x00000000ec700000| Untracked 
| 200|0x00000000ec800000, 0x00000000ec800000, 0x00000000ec900000|  0%| F|  |TAMS 0x00000000ec800000, 0x00000000ec800000| Untracked 
| 201|0x00000000ec900000, 0x00000000ec900000, 0x00000000eca00000|  0%| F|  |TAMS 0x00000000ec900000, 0x00000000ec900000| Untracked 
| 202|0x00000000eca00000, 0x00000000eca00000, 0x00000000ecb00000|  0%| F|  |TAMS 0x00000000eca00000, 0x00000000eca00000| Untracked 
| 203|0x00000000ecb00000, 0x00000000ecb00000, 0x00000000ecc00000|  0%| F|  |TAMS 0x00000000ecb00000, 0x00000000ecb00000| Untracked 
| 204|0x00000000ecc00000, 0x00000000ecc00000, 0x00000000ecd00000|  0%| F|  |TAMS 0x00000000ecc00000, 0x00000000ecc00000| Untracked 
| 205|0x00000000ecd00000, 0x00000000ecd00000, 0x00000000ece00000|  0%| F|  |TAMS 0x00000000ecd00000, 0x00000000ecd00000| Untracked 
| 206|0x00000000ece00000, 0x00000000ece00000, 0x00000000ecf00000|  0%| F|  |TAMS 0x00000000ece00000, 0x00000000ece00000| Untracked 
| 207|0x00000000ecf00000, 0x00000000ecf00000, 0x00000000ed000000|  0%| F|  |TAMS 0x00000000ecf00000, 0x00000000ecf00000| Untracked 
| 208|0x00000000ed000000, 0x00000000ed000000, 0x00000000ed100000|  0%| F|  |TAMS 0x00000000ed000000, 0x00000000ed000000| Untracked 
| 209|0x00000000ed100000, 0x00000000ed100000, 0x00000000ed200000|  0%| F|  |TAMS 0x00000000ed100000, 0x00000000ed100000| Untracked 
| 210|0x00000000ed200000, 0x00000000ed200000, 0x00000000ed300000|  0%| F|  |TAMS 0x00000000ed200000, 0x00000000ed200000| Untracked 
| 211|0x00000000ed300000, 0x00000000ed300000, 0x00000000ed400000|  0%| F|  |TAMS 0x00000000ed300000, 0x00000000ed300000| Untracked 
| 212|0x00000000ed400000, 0x00000000ed400000, 0x00000000ed500000|  0%| F|  |TAMS 0x00000000ed400000, 0x00000000ed400000| Untracked 
| 213|0x00000000ed500000, 0x00000000ed500000, 0x00000000ed600000|  0%| F|  |TAMS 0x00000000ed500000, 0x00000000ed500000| Untracked 
| 214|0x00000000ed600000, 0x00000000ed600000, 0x00000000ed700000|  0%| F|  |TAMS 0x00000000ed600000, 0x00000000ed600000| Untracked 
| 215|0x00000000ed700000, 0x00000000ed700000, 0x00000000ed800000|  0%| F|  |TAMS 0x00000000ed700000, 0x00000000ed700000| Untracked 
| 216|0x00000000ed800000, 0x00000000ed800000, 0x00000000ed900000|  0%| F|  |TAMS 0x00000000ed800000, 0x00000000ed800000| Untracked 
| 217|0x00000000ed900000, 0x00000000ed900000, 0x00000000eda00000|  0%| F|  |TAMS 0x00000000ed900000, 0x00000000ed900000| Untracked 
| 218|0x00000000eda00000, 0x00000000eda00000, 0x00000000edb00000|  0%| F|  |TAMS 0x00000000eda00000, 0x00000000eda00000| Untracked 
| 219|0x00000000edb00000, 0x00000000edb00000, 0x00000000edc00000|  0%| F|  |TAMS 0x00000000edb00000, 0x00000000edb00000| Untracked 
| 220|0x00000000edc00000, 0x00000000edc00000, 0x00000000edd00000|  0%| F|  |TAMS 0x00000000edc00000, 0x00000000edc00000| Untracked 
| 221|0x00000000edd00000, 0x00000000edd00000, 0x00000000ede00000|  0%| F|  |TAMS 0x00000000edd00000, 0x00000000edd00000| Untracked 
| 222|0x00000000ede00000, 0x00000000ede00000, 0x00000000edf00000|  0%| F|  |TAMS 0x00000000ede00000, 0x00000000ede00000| Untracked 
| 223|0x00000000edf00000, 0x00000000edf00000, 0x00000000ee000000|  0%| F|  |TAMS 0x00000000edf00000, 0x00000000edf00000| Untracked 
| 224|0x00000000ee000000, 0x00000000ee000000, 0x00000000ee100000|  0%| F|  |TAMS 0x00000000ee000000, 0x00000000ee000000| Untracked 
| 225|0x00000000ee100000, 0x00000000ee100000, 0x00000000ee200000|  0%| F|  |TAMS 0x00000000ee100000, 0x00000000ee100000| Untracked 
| 226|0x00000000ee200000, 0x00000000ee200000, 0x00000000ee300000|  0%| F|  |TAMS 0x00000000ee200000, 0x00000000ee200000| Untracked 
| 227|0x00000000ee300000, 0x00000000ee300000, 0x00000000ee400000|  0%| F|  |TAMS 0x00000000ee300000, 0x00000000ee300000| Untracked 
| 228|0x00000000ee400000, 0x00000000ee400000, 0x00000000ee500000|  0%| F|  |TAMS 0x00000000ee400000, 0x00000000ee400000| Untracked 
| 229|0x00000000ee500000, 0x00000000ee500000, 0x00000000ee600000|  0%| F|  |TAMS 0x00000000ee500000, 0x00000000ee500000| Untracked 
| 230|0x00000000ee600000, 0x00000000ee600000, 0x00000000ee700000|  0%| F|  |TAMS 0x00000000ee600000, 0x00000000ee600000| Untracked 
| 231|0x00000000ee700000, 0x00000000ee700000, 0x00000000ee800000|  0%| F|  |TAMS 0x00000000ee700000, 0x00000000ee700000| Untracked 
| 232|0x00000000ee800000, 0x00000000ee800000, 0x00000000ee900000|  0%| F|  |TAMS 0x00000000ee800000, 0x00000000ee800000| Untracked 
| 233|0x00000000ee900000, 0x00000000ee900000, 0x00000000eea00000|  0%| F|  |TAMS 0x00000000ee900000, 0x00000000ee900000| Untracked 
| 234|0x00000000eea00000, 0x00000000eea00000, 0x00000000eeb00000|  0%| F|  |TAMS 0x00000000eea00000, 0x00000000eea00000| Untracked 
| 235|0x00000000eeb00000, 0x00000000eeb00000, 0x00000000eec00000|  0%| F|  |TAMS 0x00000000eeb00000, 0x00000000eeb00000| Untracked 
| 236|0x00000000eec00000, 0x00000000eec00000, 0x00000000eed00000|  0%| F|  |TAMS 0x00000000eec00000, 0x00000000eec00000| Untracked 
| 237|0x00000000eed00000, 0x00000000eed00000, 0x00000000eee00000|  0%| F|  |TAMS 0x00000000eed00000, 0x00000000eed00000| Untracked 
| 238|0x00000000eee00000, 0x00000000eee00000, 0x00000000eef00000|  0%| F|  |TAMS 0x00000000eee00000, 0x00000000eee00000| Untracked 
| 239|0x00000000eef00000, 0x00000000eef00000, 0x00000000ef000000|  0%| F|  |TAMS 0x00000000eef00000, 0x00000000eef00000| Untracked 
| 240|0x00000000ef000000, 0x00000000ef000000, 0x00000000ef100000|  0%| F|  |TAMS 0x00000000ef000000, 0x00000000ef000000| Untracked 
| 241|0x00000000ef100000, 0x00000000ef100000, 0x00000000ef200000|  0%| F|  |TAMS 0x00000000ef100000, 0x00000000ef100000| Untracked 
| 242|0x00000000ef200000, 0x00000000ef200000, 0x00000000ef300000|  0%| F|  |TAMS 0x00000000ef200000, 0x00000000ef200000| Untracked 
| 243|0x00000000ef300000, 0x00000000ef300000, 0x00000000ef400000|  0%| F|  |TAMS 0x00000000ef300000, 0x00000000ef300000| Untracked 
| 244|0x00000000ef400000, 0x00000000ef400000, 0x00000000ef500000|  0%| F|  |TAMS 0x00000000ef400000, 0x00000000ef400000| Untracked 
| 245|0x00000000ef500000, 0x00000000ef500000, 0x00000000ef600000|  0%| F|  |TAMS 0x00000000ef500000, 0x00000000ef500000| Untracked 
| 246|0x00000000ef600000, 0x00000000ef600000, 0x00000000ef700000|  0%| F|  |TAMS 0x00000000ef600000, 0x00000000ef600000| Untracked 
| 247|0x00000000ef700000, 0x00000000ef700000, 0x00000000ef800000|  0%| F|  |TAMS 0x00000000ef700000, 0x00000000ef700000| Untracked 
| 248|0x00000000ef800000, 0x00000000ef800000, 0x00000000ef900000|  0%| F|  |TAMS 0x00000000ef800000, 0x00000000ef800000| Untracked 
| 249|0x00000000ef900000, 0x00000000ef900000, 0x00000000efa00000|  0%| F|  |TAMS 0x00000000ef900000, 0x00000000ef900000| Untracked 
| 250|0x00000000efa00000, 0x00000000efae1d00, 0x00000000efb00000| 88%| E|  |TAMS 0x00000000efa00000, 0x00000000efa00000| Complete 
| 251|0x00000000efb00000, 0x00000000efc00000, 0x00000000efc00000|100%| E|CS|TAMS 0x00000000efb00000, 0x00000000efb00000| Complete 
| 252|0x00000000efc00000, 0x00000000efd00000, 0x00000000efd00000|100%| E|CS|TAMS 0x00000000efc00000, 0x00000000efc00000| Complete 
| 253|0x00000000efd00000, 0x00000000efe00000, 0x00000000efe00000|100%| E|CS|TAMS 0x00000000efd00000, 0x00000000efd00000| Complete 

Card table byte_map: [0x0000025f43fc0000,0x0000025f440c0000] _byte_map_base: 0x0000025f438c0000

Marking Bits (Prev, Next): (CMBitMap*) 0x0000025f297af398, (CMBitMap*) 0x0000025f297af3d0
 Prev Bits: [0x0000025f441c0000, 0x0000025f449c0000)
 Next Bits: [0x0000025f449c0000, 0x0000025f451c0000)

Polling page: 0x0000025f2c3e0000

Metaspace:

Usage:
  Non-class:      6.37 MB capacity,     6.24 MB ( 98%) used,   131.46 KB (  2%) free+waste,     4.38 KB ( <1%) overhead. 
      Class:    676.00 KB capacity,   632.51 KB ( 94%) used,    41.37 KB (  6%) free+waste,     2.13 KB ( <1%) overhead. 
       Both:      7.03 MB capacity,     6.86 MB ( 98%) used,   172.83 KB (  2%) free+waste,     6.50 KB ( <1%) overhead. 

Virtual space:
  Non-class space:        8.00 MB reserved,       6.50 MB ( 81%) committed 
      Class space:        1.00 GB reserved,     768.00 KB ( <1%) committed 
             Both:        1.01 GB reserved,       7.25 MB ( <1%) committed 

Chunk freelists:
   Non-Class:  640 bytes
       Class:  0 bytes
        Both:  640 bytes

CodeHeap 'non-profiled nmethods': size=120064Kb used=79Kb max_used=79Kb free=119984Kb
 bounds [0x0000025f3c120000, 0x0000025f3c390000, 0x0000025f43660000]
CodeHeap 'profiled nmethods': size=120000Kb used=329Kb max_used=329Kb free=119670Kb
 bounds [0x0000025f34bf0000, 0x0000025f34e60000, 0x0000025f3c120000]
CodeHeap 'non-nmethods': size=5696Kb used=1064Kb max_used=1072Kb free=4632Kb
 bounds [0x0000025f34660000, 0x0000025f348d0000, 0x0000025f34bf0000]
 total_blobs=696 nmethods=273 adapters=268
 compilation: enabled
              stopped_count=0, restarted_count=0
 full_count=0

Compilation events (10 events):
Event: 0.607 Thread 0x0000025f293d8000  260       1       sun.invoke.util.Wrapper::basicTypeChar (5 bytes)
Event: 0.607 Thread 0x0000025f293d8000 nmethod 260 0x0000025f3c133310 code [0x0000025f3c1334c0, 0x0000025f3c1335d8]
Event: 0.608 Thread 0x0000025f293d8000  270       3       java.lang.invoke.MethodType::parameterCount (6 bytes)
Event: 0.608 Thread 0x0000025f293d8000 nmethod 270 0x0000025f34c41690 code [0x0000025f34c41840, 0x0000025f34c419b8]
Event: 0.609 Thread 0x0000025f293d8000  271       1       java.util.Formatter$Flags::valueOf (5 bytes)
Event: 0.609 Thread 0x0000025f293d8000 nmethod 271 0x0000025f3c133a90 code [0x0000025f3c133c40, 0x0000025f3c133d58]
Event: 0.610 Thread 0x0000025f293d8000  272       3       java.util.regex.Pattern$BmpCharProperty::match (55 bytes)
Event: 0.610 Thread 0x0000025f293d8000 nmethod 272 0x0000025f34c41a90 code [0x0000025f34c41c80, 0x0000025f34c42150]
Event: 0.610 Thread 0x0000025f293d8000  273       3       java.util.regex.Matcher::groupCount (10 bytes)
Event: 0.610 Thread 0x0000025f293d8000 nmethod 273 0x0000025f34c42290 code [0x0000025f34c42440, 0x0000025f34c425b8]

GC Heap History (0 events):
No events

Deoptimization events (1 events):
Event: 0.070 Thread 0x0000025f29129000 Uncommon trap: reason=unstable_if action=reinterpret pc=0x0000025f3c124df0 method=java.lang.String.hashCode()I @ 14 c2

Classes redefined (0 events):
No events

Internal exceptions (10 events):
Event: 0.545 Thread 0x0000025f29129000 Exception <a 'java/lang/NoSuchFieldError'{0x00000000efbae9d8}: TYPE> (0x00000000efbae9d8) thrown at [t:/workspace/open/src/hotspot/share/prims/jni.cpp, line 2047]
Event: 0.549 Thread 0x0000025f29129000 Exception <a 'java/lang/NoSuchFieldError'{0x00000000efbb6500}: TYPE> (0x00000000efbb6500) thrown at [t:/workspace/open/src/hotspot/share/prims/jni.cpp, line 2047]
Event: 0.553 Thread 0x0000025f29129000 Exception <a 'java/lang/NoSuchFieldError'{0x00000000efbbe028}: TYPE> (0x00000000efbbe028) thrown at [t:/workspace/open/src/hotspot/share/prims/jni.cpp, line 2047]
Event: 0.557 Thread 0x0000025f29129000 Exception <a 'java/lang/NoSuchFieldError'{0x00000000efbc5b50}: TYPE> (0x00000000efbc5b50) thrown at [t:/workspace/open/src/hotspot/share/prims/jni.cpp, line 2047]
Event: 0.561 Thread 0x0000025f29129000 Exception <a 'java/lang/NoSuchFieldError'{0x00000000efbcd678}: TYPE> (0x00000000efbcd678) thrown at [t:/workspace/open/src/hotspot/share/prims/jni.cpp, line 2047]
Event: 0.565 Thread 0x0000025f29129000 Exception <a 'java/lang/NoSuchFieldError'{0x00000000efbd51a0}: TYPE> (0x00000000efbd51a0) thrown at [t:/workspace/open/src/hotspot/share/prims/jni.cpp, line 2047]
Event: 0.570 Thread 0x0000025f29129000 Exception <a 'java/lang/NoSuchFieldError'{0x00000000efbdccc8}: TYPE> (0x00000000efbdccc8) thrown at [t:/workspace/open/src/hotspot/share/prims/jni.cpp, line 2047]
Event: 0.574 Thread 0x0000025f29129000 Exception <a 'java/lang/NoSuchFieldError'{0x00000000efbe4a78}: TYPE> (0x00000000efbe4a78) thrown at [t:/workspace/open/src/hotspot/share/prims/jni.cpp, line 2047]
Event: 0.585 Thread 0x0000025f29129000 Exception <a 'java/lang/NoSuchFieldError'{0x00000000efbe7130}: TYPE> (0x00000000efbe7130) thrown at [t:/workspace/open/src/hotspot/share/prims/jni.cpp, line 2047]
Event: 0.597 Thread 0x0000025f29129000 Exception <a 'java/lang/NoSuchFieldError'{0x00000000efbf22b0}: TYPE> (0x00000000efbf22b0) thrown at [t:/workspace/open/src/hotspot/share/prims/jni.cpp, line 2047]

Events (10 events):
Event: 0.609 loading class java/util/Formatter$Flags
Event: 0.609 loading class java/util/Formatter$Flags done
Event: 0.609 loading class java/util/Formatter$Conversion
Event: 0.609 loading class java/util/Formatter$Conversion done
Event: 0.609 loading class java/util/Formatter$FixedString
Event: 0.609 loading class java/util/Formatter$FixedString done
Event: 0.610 loading class java/util/Formattable
Event: 0.610 loading class java/util/Formattable done
Event: 3.794 loading class java/lang/Class$2
Event: 3.794 loading class java/lang/Class$2 done


Dynamic libraries:
0x00007ff6b7a70000 - 0x00007ff6b8437000 	C:\Program Files\RStudio\bin\rsession.exe
0x00007ffba8b60000 - 0x00007ffba8d4d000 	C:\WINDOWS\SYSTEM32\ntdll.dll
0x00007ffba87b0000 - 0x00007ffba8863000 	C:\WINDOWS\System32\KERNEL32.DLL
0x00007ffba57f0000 - 0x00007ffba5a83000 	C:\WINDOWS\System32\KERNELBASE.dll
0x00007ffba5ed0000 - 0x00007ffba5f73000 	C:\WINDOWS\System32\ADVAPI32.dll
0x00007ffba5d80000 - 0x00007ffba5e1e000 	C:\WINDOWS\System32\msvcrt.dll
0x00007ffba5e30000 - 0x00007ffba5ece000 	C:\WINDOWS\System32\sechost.dll
0x00007ffba89a0000 - 0x00007ffba8ac2000 	C:\WINDOWS\System32\RPCRT4.dll
0x00007ffba64d0000 - 0x00007ffba653d000 	C:\WINDOWS\System32\WS2_32.dll
0x00007ffba8ad0000 - 0x00007ffba8b22000 	C:\WINDOWS\System32\SHLWAPI.dll
0x00007ffba7fc0000 - 0x00007ffba82ec000 	C:\WINDOWS\System32\combase.dll
0x00007ffba5c30000 - 0x00007ffba5d2a000 	C:\WINDOWS\System32\ucrtbase.dll
0x00007ffba4c20000 - 0x00007ffba4c9e000 	C:\WINDOWS\System32\bcryptPrimitives.dll
0x00007ffba68c0000 - 0x00007ffba68e9000 	C:\WINDOWS\System32\GDI32.dll
0x00007ffba5a90000 - 0x00007ffba5c29000 	C:\WINDOWS\System32\gdi32full.dll
0x00007ffba5680000 - 0x00007ffba5720000 	C:\WINDOWS\System32\msvcp_win.dll
0x00007ffba6540000 - 0x00007ffba66d7000 	C:\WINDOWS\System32\USER32.dll
0x00007ffba4eb0000 - 0x00007ffba4ed0000 	C:\WINDOWS\System32\win32u.dll
0x00007ffba6950000 - 0x00007ffba7e44000 	C:\WINDOWS\System32\SHELL32.dll
0x00007ffba5d30000 - 0x00007ffba5d7a000 	C:\WINDOWS\System32\cfgmgr32.dll
0x00007ffba4360000 - 0x00007ffba43c7000 	C:\WINDOWS\SYSTEM32\MSWSOCK.dll
0x00007ffba66e0000 - 0x00007ffba6788000 	C:\WINDOWS\System32\shcore.dll
0x00007ffba4f30000 - 0x00007ffba567d000 	C:\WINDOWS\System32\windows.storage.dll
0x000000006c700000 - 0x000000006e5a5000 	C:\Program Files\R\R-3.6.1\bin\x64\R.dll
0x00007ffba4bd0000 - 0x00007ffba4bf4000 	C:\WINDOWS\System32\profapi.dll
0x00007ffba4b50000 - 0x00007ffba4bad000 	C:\WINDOWS\System32\powrprof.dll
0x00007ffba4bb0000 - 0x00007ffba4bc1000 	C:\WINDOWS\System32\kernel.appcore.dll
0x0000000063540000 - 0x00000000635a1000 	C:\Program Files\R\R-3.6.1\bin\x64\Rgraphapp.dll
0x00007ffba57d0000 - 0x00007ffba57e7000 	C:\WINDOWS\System32\cryptsp.dll
0x00007ffba6130000 - 0x00007ffba6285000 	C:\WINDOWS\System32\ole32.dll
0x00007ffba63a0000 - 0x00007ffba64c7000 	C:\WINDOWS\System32\comdlg32.dll
0x00007ffba8780000 - 0x00007ffba87ae000 	C:\WINDOWS\System32\IMM32.dll
0x00007ffba2390000 - 0x00007ffba23b4000 	C:\WINDOWS\SYSTEM32\WINMM.dll
0x0000000064e80000 - 0x0000000064ed2000 	C:\Program Files\R\R-3.6.1\bin\x64\Rblas.dll
0x00007ffb9fe20000 - 0x00007ffb9fe2a000 	C:\WINDOWS\SYSTEM32\VERSION.dll
0x00000000641c0000 - 0x00000000641d6000 	C:\Program Files\R\R-3.6.1\bin\x64\Riconv.dll
0x00007ffb7fd70000 - 0x00007ffb7fe0b000 	C:\Program Files\RStudio\bin\MSVCP140.dll
0x00007ffb84a60000 - 0x00007ffb84a75000 	C:\Program Files\RStudio\bin\VCRUNTIME140.dll
0x00007ffb9a190000 - 0x00007ffb9a197000 	C:\WINDOWS\SYSTEM32\MSIMG32.dll
0x00007ffb997f0000 - 0x00007ffb99899000 	C:\WINDOWS\WinSxS\amd64_microsoft.windows.common-controls_6595b64144ccf1df_5.82.17763.864_none_10e4f916642dbda1\COMCTL32.dll
0x00007ffba2360000 - 0x00007ffba238d000 	C:\WINDOWS\SYSTEM32\winmmbase.dll
0x00007ffba2d30000 - 0x00007ffba2dcc000 	C:\WINDOWS\system32\uxtheme.dll
0x0000000064a40000 - 0x0000000064a54000 	C:\Program Files\R\R-3.6.1\library\methods\libs\x64\methods.dll
0x000000006e5c0000 - 0x000000006e5ed000 	C:\Program Files\R\R-3.6.1\library\utils\libs\x64\utils.dll
0x000000006fc80000 - 0x000000006fdaa000 	C:\Program Files\R\R-3.6.1\library\grDevices\libs\x64\grDevices.dll
0x0000000063740000 - 0x0000000063792000 	C:\Program Files\R\R-3.6.1\library\graphics\libs\x64\graphics.dll
0x0000000071100000 - 0x00000000711a8000 	C:\Program Files\R\R-3.6.1\library\stats\libs\x64\stats.dll
0x00000000007d0000 - 0x0000000000a92000 	C:\Program Files\R\R-3.6.1\bin\x64\Rlapack.dll
0x00007ffb2eb90000 - 0x00007ffb31fd8000 	C:\Program Files\RStudio\bin\rsclang\x86_64\libclang.dll
0x00007ffba6790000 - 0x00007ffba6854000 	C:\WINDOWS\System32\OLEAUT32.dll
0x0000000000aa0000 - 0x0000000000ac0000 	C:\Program Files\R\R-3.6.1\library\tools\libs\x64\tools.dll
0x0000000065700000 - 0x0000000065b28000 	C:\PROGRA~1\R\R-3.6.1\modules\x64\internet.dll
0x00007ffba4ca0000 - 0x00007ffba4e7b000 	C:\WINDOWS\System32\CRYPT32.dll
0x00007ffba4c00000 - 0x00007ffba4c12000 	C:\WINDOWS\System32\MSASN1.dll
0x00007ffba6340000 - 0x00007ffba63a0000 	C:\WINDOWS\System32\WLDAP32.dll
0x00007ffb96660000 - 0x00007ffb96b41000 	C:\WINDOWS\SYSTEM32\WININET.dll
0x00007ffb792d0000 - 0x00007ffb794a4000 	c:\program files (x86)\trusteer\rapport\bin\x64\rooksbas_x64.dll
0x00007ffba2e40000 - 0x00007ffba2e6e000 	C:\WINDOWS\system32\dwmapi.dll
0x00007ffba4a80000 - 0x00007ffba4aaf000 	C:\WINDOWS\SYSTEM32\SspiCli.dll
0x0000000064080000 - 0x0000000064096000 	D:\Bernard\Documents\R\win-library\3.6\rJava\libs\x64\rJava.dll
0x00007ffb33790000 - 0x00007ffb342b7000 	C:\Program Files\Java\jdk-11.0.3\bin\server\jvm.dll
0x00007ffba8770000 - 0x00007ffba8778000 	C:\WINDOWS\System32\PSAPI.DLL
0x00007ffb8d140000 - 0x00007ffb8d149000 	C:\WINDOWS\SYSTEM32\WSOCK32.dll
0x00007ffb7fc70000 - 0x00007ffb7fc81000 	C:\Program Files\Java\jdk-11.0.3\bin\verify.dll
0x00007ffb8c390000 - 0x00007ffb8c57d000 	C:\WINDOWS\SYSTEM32\DBGHELP.DLL
0x00007ffb8d170000 - 0x00007ffb8d19a000 	C:\WINDOWS\SYSTEM32\dbgcore.DLL
0x00007ffb6ec80000 - 0x00007ffb6eca9000 	C:\Program Files\Java\jdk-11.0.3\bin\java.dll
0x00007ffb7f930000 - 0x00007ffb7f946000 	C:\Program Files\Java\jdk-11.0.3\bin\zip.dll
0x00007ffb83a50000 - 0x00007ffb83a5a000 	C:\Program Files\Java\jdk-11.0.3\bin\jimage.dll
0x00007ffb7c680000 - 0x00007ffb7c699000 	C:\Program Files\Java\jdk-11.0.3\bin\net.dll
0x00007ffb99ed0000 - 0x00007ffb9a0a7000 	C:\WINDOWS\SYSTEM32\urlmon.dll
0x00007ffb98a20000 - 0x00007ffb98b12000 	C:\WINDOWS\SYSTEM32\WINHTTP.dll
0x00007ffb9a6d0000 - 0x00007ffb9a978000 	C:\WINDOWS\SYSTEM32\iertutil.dll
0x00007ffba4530000 - 0x00007ffba453c000 	C:\WINDOWS\SYSTEM32\CRYPTBASE.DLL
0x00007ffb79bb0000 - 0x00007ffb79bc3000 	C:\Program Files\Java\jdk-11.0.3\bin\nio.dll
0x00007ffba3ee0000 - 0x00007ffba3f13000 	C:\WINDOWS\system32\rsaenh.dll
0x00007ffba4e80000 - 0x00007ffba4ea6000 	C:\WINDOWS\System32\bcrypt.dll
0x00007ffba4a50000 - 0x00007ffba4a78000 	C:\WINDOWS\SYSTEM32\USERENV.dll
0x00007ffba4080000 - 0x00007ffba40bd000 	C:\WINDOWS\SYSTEM32\IPHLPAPI.DLL
0x00007ffba5e20000 - 0x00007ffba5e28000 	C:\WINDOWS\System32\NSI.dll
0x00007ffb9abe0000 - 0x00007ffb9abf6000 	C:\WINDOWS\SYSTEM32\dhcpcsvc6.DLL
0x00007ffb9ad90000 - 0x00007ffb9adac000 	C:\WINDOWS\SYSTEM32\dhcpcsvc.DLL
0x00007ffba40c0000 - 0x00007ffba4186000 	C:\WINDOWS\SYSTEM32\DNSAPI.dll
0x00007ffb6d120000 - 0x00007ffb6d183000 	C:\Users\Bernard\AppData\Local\Temp\usb4java12057377680183970550.tmp\libusb4java.dll
0x00007ffba82f0000 - 0x00007ffba8766000 	C:\WINDOWS\System32\SetupAPI.DLL
0x00007ffb82380000 - 0x00007ffb8238c000 	C:\WINDOWS\SYSTEM32\WinUSB.DLL
0x00007ffba37f0000 - 0x00007ffba37fe000 	C:\WINDOWS\SYSTEM32\hid.DLL
0x00007ffba4980000 - 0x00007ffba49a9000 	C:\WINDOWS\SYSTEM32\DEVOBJ.dll
0x00007ffba4ed0000 - 0x00007ffba4f29000 	C:\WINDOWS\System32\WINTRUST.dll

dbghelp: loaded successfully - version: 4.0.5 - missing functions: none
symbol engine: initialized successfully - sym options: 0x614 - pdb path: .;C:\Program Files\RStudio\bin;C:\WINDOWS\SYSTEM32;C:\Program Files\R\R-3.6.1\bin\x64;C:\WINDOWS\WinSxS\amd64_microsoft.windows.common-controls_6595b64144ccf1df_5.82.17763.864_none_10e4f916642dbda1;C:\Program Files\R\R-3.6.1\library\methods\libs\x64;C:\Program Files\R\R-3.6.1\library\utils\libs\x64;C:\Program Files\R\R-3.6.1\library\grDevices\libs\x64;C:\Program Files\R\R-3.6.1\library\graphics\libs\x64;C:\Program Files\R\R-3.6.1\library\stats\libs\x64;C:\Program Files\RStudio\bin\rsclang\x86_64;C:\Program Files\R\R-3.6.1\library\tools\libs\x64;C:\PROGRA~1\R\R-3.6.1\modules\x64;c:\program files (x86)\trusteer\rapport\bin\x64;D:\Bernard\Documents\R\win-library\3.6\rJava\libs\x64;C:\Program Files\Java\jdk-11.0.3\bin\server;C:\Program Files\Java\jdk-11.0.3\bin;C:\Users\Bernard\AppData\Local\Temp\usb4java12057377680183970550.tmp

VM Arguments:
jvm_args: -Dr.arch=/x64 -Xmx512m -Xrs 
java_command: <unknown>
java_class_path (initial): D:/Bernard/Documents/R/win-library/3.6/rJava/java/boot
Launcher Type: generic

[Global flags]
     intx CICompilerCount                          = 3                                         {product} {ergonomic}
     uint ConcGCThreads                            = 2                                         {product} {ergonomic}
     uint G1ConcRefinementThreads                  = 6                                         {product} {ergonomic}
   size_t G1HeapRegionSize                         = 1048576                                   {product} {ergonomic}
    uintx GCDrainStackTargetSize                   = 64                                        {product} {ergonomic}
   size_t InitialHeapSize                          = 266338304                                 {product} {ergonomic}
   size_t MarkStackSize                            = 4194304                                   {product} {ergonomic}
   size_t MaxHeapSize                              = 536870912                                 {product} {command line}
   size_t MaxNewSize                               = 321912832                                 {product} {ergonomic}
   size_t MinHeapDeltaBytes                        = 1048576                                   {product} {ergonomic}
    uintx NonNMethodCodeHeapSize                   = 5830092                                {pd product} {ergonomic}
    uintx NonProfiledCodeHeapSize                  = 122914074                              {pd product} {ergonomic}
    uintx ProfiledCodeHeapSize                     = 122914074                              {pd product} {ergonomic}
     bool ReduceSignalUsage                        = true                                      {product} {command line}
    uintx ReservedCodeCacheSize                    = 251658240                              {pd product} {ergonomic}
     bool SegmentedCodeCache                       = true                                      {product} {ergonomic}
     bool UseCompressedClassPointers               = true                                 {lp64_product} {ergonomic}
     bool UseCompressedOops                        = true                                 {lp64_product} {ergonomic}
     bool UseG1GC                                  = true                                      {product} {ergonomic}
     bool UseLargePagesIndividualAllocation        = false                                  {pd product} {ergonomic}

Logging:
Log output configuration:
 #0: stdout all=warning uptime,level,tags
 #1: stderr all=off uptime,level,tags

Environment Variables:
PATH=C:\Program Files\R\R-3.6.1\bin\x64;C:\Program Files\NVIDIA GPU Computing Toolkit\CUDA\v10.0\bin;C:\Program Files\NVIDIA GPU Computing Toolkit\CUDA\v10.0\libnvvp;C:\Program Files\R\R-3.5.0\bin\x64;D:\Programs\Ocean Optics\OmniDriver\OOI_HOME;C:\Windows\system32;C:\Windows;C:\Windows\System32\Wbem;C:\Windows\System32\WindowsPowerShell\v1.0\;C:\Users\Bernard\.dnx\bin;C:\Program Files\Microsoft DNX\Dnvm\;C:\Program Files\Microsoft SQL Server\130\Tools\Binn\;C:\Program Files (x86)\Windows Kits\8.1\Windows Performance Toolkit\;D:\PostgreSQL\pg10\bin;C:\Program Files (x86)\Calibre2\;C:\WINDOWS\system32;C:\WINDOWS;C:\WINDOWS\System32\Wbem;C:\WINDOWS\System32\WindowsPowerShell\v1.0\;C:\WINDOWS\System32\OpenSSH\;C:\Program Files\Git\cmd;C:\Program Files (x86)\Intel\Intel(R) Management Engine Components\DAL;C:\Program Files\Intel\Intel(R) Management Engine Components\DAL;C:\Program Files (x86)\NVIDIA Corporation\PhysX\Common;C:\Program Files\NVIDIA Corporation\NVIDIA NvDLISR;C:\Program Files\NVIDIA GPU Computing Toolkit\CUDA\v10.0\extras\CUPTI\libx64;C:\Users\Bernard\AppData\Local\Microsoft\WindowsApps;C:\Users\Bernard\AppData\Local\Programs\MiKTeX 2.9\miktex\bin\x64\
USERNAME=Bernard
OS=Windows_NT
PROCESSOR_IDENTIFIER=Intel64 Family 6 Model 158 Stepping 10, GenuineIntel



---------------  S Y S T E M  ---------------

OS: Windows 10 , 64 bit Build 17763 (10.0.17763.475)

CPU:total 6 (initial active 6) (6 cores per cpu, 1 threads per core) family 6 model 158 stepping 10, cmov, cx8, fxsr, mmx, sse, sse2, sse3, ssse3, sse4.1, sse4.2, popcnt, avx, avx2, aes, clmul, erms, 3dnowpref, lzcnt, tsc, tscinvbit, bmi1, bmi2, adx, fma

Memory: 4k page, system-wide physical 16191M (8305M free)
TotalPageFile size 18623M (AvailPageFile size 7142M)
current process WorkingSet (physical memory assigned to process): 157M, peak: 157M
current process commit charge ("private bytes"): 466M, peak: 467M

vm_info: Java HotSpot(TM) 64-Bit Server VM (11.0.3+12-LTS) for windows-amd64 JRE (11.0.3+12-LTS), built on Apr  2 2019 12:43:09 by "mach5one" with MS VC++ 15.5 (VS2017)

END.
